<?xml version="1.0" encoding="UTF-8"?>
<testsuites>
  <testsuite name="adtteSpec" timestamp="2023-02-13T17:11:19Z" hostname="7a6d8f7c91bf" tests="17" skipped="2" failures="0" errors="0" time="25.467">
    <testcase time="12.474" classname="adtteSpec" name="h_km_mae_to_adtte_function_works_as_expected_with_a_single_gene"/>
    <testcase time="0.0299999999999994" classname="adtteSpec" name="h_km_mae_to_adtte_function_works_as_expected_with_a_single_gene"/>
    <testcase time="2.583" classname="adtteSpec" name="h_km_mae_to_adtte_function_also_works_when_some_ID_variables_are_factors"/>
    <testcase time="0.00300000000000011" classname="adtteSpec" name="h_km_mae_to_adtte_function_also_works_when_some_ID_variables_are_factors"/>
    <testcase time="2.434" classname="adtteSpec" name="h_km_mae_to_adtte_function_works_as_expected_with_multiple_genes"/>
    <testcase time="0.00100000000000122" classname="adtteSpec" name="h_km_mae_to_adtte_function_works_as_expected_with_multiple_genes"/>
    <testcase time="2.381" classname="adtteSpec" name="h_km_mae_to_adtte_function_works_as_expected_with_a_gene_signature"/>
    <testcase time="0.00100000000000122" classname="adtteSpec" name="h_km_mae_to_adtte_function_works_as_expected_with_a_gene_signature"/>
    <testcase time="2.128" classname="adtteSpec" name="h_km_mae_to_adtte_fails_as_expected_with_invalid_settings"/>
    <testcase time="0.0859999999999985" classname="adtteSpec" name="h_km_mae_to_adtte_fails_as_expected_with_invalid_settings"/>
    <testcase time="0.00799999999999912" classname="adtteSpec" name="h_km_mae_to_adtte_fails_as_expected_with_invalid_settings"/>
    <testcase time="0.0790000000000006" classname="adtteSpec" name="h_km_mae_to_adtte_fails_as_expected_with_invalid_settings"/>
    <testcase time="2.539" classname="adtteSpec" name="h_km_mae_to_adtte_warns_when_patients_are_not_in_ADTTE_and_therefore_removed"/>
    <testcase time="0.274000000000001" classname="adtteSpec" name="h_km_mae_to_adtte_fails_as_expected_if_USUBJID_in_MAE_colData_is_different_from_sample_map"/>
    <testcase time="0.238" classname="adtteSpec" name="h_km_mae_to_adtte_fails_as_expected_if_USUBJID_in_experiment_colData_is_different_from_sample_map"/>
    <testcase time="0.141000000000002" classname="adtteSpec" name="adtteSpecInput_creates_expected_HTML">
      <skipped message="Reason: On CRAN ('test-adtteSpec.R:173')"/>
    </testcase>
    <testcase time="0.0670000000000002" classname="adtteSpec" name="adtteSpecServer_module_works_as_expected_in_the_test_app">
      <skipped message="Reason: testing depth 3 is below current testing specification 5 ('test-adtteSpec.R:183')"/>
    </testcase>
  </testsuite>
  <testsuite name="assaySpec" timestamp="2023-02-13T17:11:44Z" hostname="7a6d8f7c91bf" tests="2" skipped="2" failures="0" errors="0" time="0.096">
    <testcase time="0.0829999999999984" classname="assaySpec" name="assaySpecInput_creates_expected_HTML">
      <skipped message="Reason: On CRAN ('test-assaySpec.R:4')"/>
    </testcase>
    <testcase time="0.0130000000000017" classname="assaySpec" name="assaySpecServer_module_works_as_expected_in_the_test_app">
      <skipped message="Reason: testing depth 3 is below current testing specification 5 ('test-assaySpec.R:15')"/>
    </testcase>
  </testsuite>
  <testsuite name="barplot" timestamp="2023-02-13T17:11:44Z" hostname="7a6d8f7c91bf" tests="2" skipped="2" failures="0" errors="0" time="0.305">
    <testcase time="0.289999999999999" classname="barplot" name="ui_g_barplot_creates_expected_HTML">
      <skipped message="Reason: On CRAN ('test-barplot.R:7')"/>
    </testcase>
    <testcase time="0.0150000000000006" classname="barplot" name="barplot_module_works_as_expected_in_the_test_app">
      <skipped message="Reason: testing depth 3 is below current testing specification 5 ('test-barplot.R:25')"/>
    </testcase>
  </testsuite>
  <testsuite name="boxplot" timestamp="2023-02-13T17:11:45Z" hostname="7a6d8f7c91bf" tests="2" skipped="1" failures="0" errors="0" time="0.063">
    <testcase time="0.0569999999999986" classname="boxplot" name="ui_g_boxplot_creates_expected_HTML"/>
    <testcase time="0.00600000000000023" classname="boxplot" name="boxplot_module_works_as_expected_in_the_test_app">
      <skipped message="Reason: testing depth 3 is below current testing specification 5 ('test-boxplot.R:23')"/>
    </testcase>
  </testsuite>
  <testsuite name="checkmate" timestamp="2023-02-13T17:11:45Z" hostname="7a6d8f7c91bf" tests="7" skipped="0" failures="0" errors="0" time="0.071">
    <testcase time="0.0300000000000011" classname="checkmate" name="check_tag_works_as_expected"/>
    <testcase time="0.00499999999999901" classname="checkmate" name="check_tag_works_as_expected"/>
    <testcase time="0.00499999999999901" classname="checkmate" name="check_tag_works_as_expected"/>
    <testcase time="0.00799999999999912" classname="checkmate" name="check_tag_works_as_expected"/>
    <testcase time="0.00800000000000267" classname="checkmate" name="assert_adtte_vars_works_as_expected"/>
    <testcase time="0.0069999999999979" classname="checkmate" name="assert_adtte_vars_works_as_expected"/>
    <testcase time="0.00800000000000267" classname="checkmate" name="assert_adtte_vars_works_as_expected"/>
  </testsuite>
  <testsuite name="experimentSpec" timestamp="2023-02-13T17:11:45Z" hostname="7a6d8f7c91bf" tests="9" skipped="2" failures="0" errors="0" time="0.17">
    <testcase time="0.0309999999999988" classname="experimentSpec" name="experimentSpecInput_creates_expected_HTML">
      <skipped message="Reason: On CRAN ('test-experimentSpec.R:6')"/>
    </testcase>
    <testcase time="0.0199999999999996" classname="experimentSpec" name="h_order_genes_works_as_expected_to_sort_only_by_name"/>
    <testcase time="0.0100000000000016" classname="experimentSpec" name="h_order_genes_works_as_expected_to_sort_only_by_id"/>
    <testcase time="0.00999999999999801" classname="experimentSpec" name="h_order_genes_works_as_expected_with_mixed_id_and_name_sorting"/>
    <testcase time="0.00900000000000034" classname="experimentSpec" name="h_order_genes_does_not_fail_when_given_empty_data_frame"/>
    <testcase time="0.0489999999999995" classname="experimentSpec" name="h_gene_data_works_as_expected"/>
    <testcase time="0.0310000000000024" classname="experimentSpec" name="h_gene_data_does_not_fail_when_object_does_not_contain_any_genes"/>
    <testcase time="0.00499999999999901" classname="experimentSpec" name="h_gene_data_does_not_fail_when_object_does_not_contain_any_genes"/>
    <testcase time="0.00499999999999901" classname="experimentSpec" name="experimentSpec_module_works_as_expected_in_the_test_app">
      <skipped message="Reason: testing depth 3 is below current testing specification 5 ('test-experimentSpec.R:88')"/>
    </testcase>
  </testsuite>
  <testsuite name="forest" timestamp="2023-02-13T17:11:45Z" hostname="7a6d8f7c91bf" tests="2" skipped="1" failures="0" errors="0" time="0.052">
    <testcase time="0.0470000000000006" classname="forest" name="ui_g_forest_tte_creates_expected_HTML"/>
    <testcase time="0.00499999999999901" classname="forest" name="forest_tte_module_works_as_expected_in_the_test_app">
      <skipped message="Reason: testing depth 3 is below current testing specification 5 ('test-forest.R:27')"/>
    </testcase>
  </testsuite>
  <testsuite name="geneSpec" timestamp="2023-02-13T17:11:45Z" hostname="7a6d8f7c91bf" tests="4" skipped="2" failures="0" errors="0" time="0.091">
    <testcase time="0.0579999999999998" classname="geneSpec" name="geneSpecInput_creates_expected_HTML">
      <skipped message="Reason: On CRAN ('test-geneSpec.R:4')"/>
    </testcase>
    <testcase time="0.0180000000000007" classname="geneSpec" name="h_parse_genes_works_as_expected"/>
    <testcase time="0.0100000000000016" classname="geneSpec" name="h_parse_genes_correctly_returns_empty_data_frame_when_no_genes_match"/>
    <testcase time="0.00499999999999901" classname="geneSpec" name="geneSpec_module_works_as_expected_in_the_test_app">
      <skipped message="Reason: testing depth 3 is below current testing specification 5 ('test-geneSpec.R:39')"/>
    </testcase>
  </testsuite>
  <testsuite name="km" timestamp="2023-02-13T17:11:45Z" hostname="7a6d8f7c91bf" tests="2" skipped="2" failures="0" errors="0" time="0.159">
    <testcase time="0.145" classname="km" name="ui_g_km_creates_expected_HTML">
      <skipped message="Reason: On CRAN ('test-km.R:7')"/>
    </testcase>
    <testcase time="0.0139999999999993" classname="km" name="km_module_works_as_expected_in_the_test_app">
      <skipped message="Reason: testing depth 3 is below current testing specification 5 ('test-km.R:26')"/>
    </testcase>
  </testsuite>
  <testsuite name="pca" timestamp="2023-02-13T17:11:45Z" hostname="7a6d8f7c91bf" tests="2" skipped="1" failures="0" errors="0" time="0.092">
    <testcase time="0.0860000000000021" classname="pca" name="ui_g_pca_creates_HTML"/>
    <testcase time="0.00600000000000023" classname="pca" name="pca_module_works_as_expected_in_the_test_app">
      <skipped message="Reason: testing depth 3 is below current testing specification 5 ('test-pca.R:22')"/>
    </testcase>
  </testsuite>
  <testsuite name="quality" timestamp="2023-02-13T17:11:45Z" hostname="7a6d8f7c91bf" tests="2" skipped="2" failures="0" errors="0" time="0.162">
    <testcase time="0.148999999999997" classname="quality" name="ui_g_quality_creates_expected_HTML">
      <skipped message="Reason: On CRAN ('test-quality.R:7')"/>
    </testcase>
    <testcase time="0.0130000000000017" classname="quality" name="quality_module_works_as_expected_in_the_test_app">
      <skipped message="Reason: testing depth 3 is below current testing specification 5 ('test-quality.R:22')"/>
    </testcase>
  </testsuite>
  <testsuite name="sampleVarSpec" timestamp="2023-02-13T17:11:46Z" hostname="7a6d8f7c91bf" tests="15" skipped="2" failures="0" errors="0" time="0.306">
    <testcase time="0.0440000000000005" classname="sampleVarSpec" name="sampleVarSpecInput_creates_expected_HTML">
      <skipped message="Reason: On CRAN ('test-sampleVarSpec.R:4')"/>
    </testcase>
    <testcase time="0.0169999999999995" classname="sampleVarSpec" name="h_assign_to_group_list_works_as_expected"/>
    <testcase time="0.0109999999999992" classname="sampleVarSpec" name="h_assign_to_group_list_retains_the_order_of_the_collapsed_levels"/>
    <testcase time="0.0100000000000016" classname="sampleVarSpec" name="h_collapse_levels_works_as_expected_when_a_group_list_is_provided"/>
    <testcase time="0.0109999999999992" classname="sampleVarSpec" name="h_collapse_levels_fails_when_no_group_list_is_provided"/>
    <testcase time="0.0109999999999992" classname="sampleVarSpec" name="h_collapse_levels_fails_when_x_is_not_a_factor_provided"/>
    <testcase time="0.00700000000000145" classname="sampleVarSpec" name="validate_n_levels_passes_for_a_valid_factor_with_required_number_of_levels"/>
    <testcase time="0.00499999999999901" classname="sampleVarSpec" name="validate_n_levels_passes_for_a_valid_factor_with_required_number_of_levels"/>
    <testcase time="0.0109999999999992" classname="sampleVarSpec" name="validate_n_levels_gives_expected_validation_error_when_x_is_not_a_factor"/>
    <testcase time="0.0109999999999992" classname="sampleVarSpec" name="validate_n_levels_gives_expected_validation_error_when_factor_x_does_not_have_required_number_of_levels"/>
    <testcase time="0.112000000000002" classname="sampleVarSpec" name="sampleVarSpecServer_only_gives_atomic_columns_with_at_least_one_value_in_col_data_vars"/>
    <testcase time="0.000999999999997669" classname="sampleVarSpec" name="sampleVarSpecServer_only_gives_atomic_columns_with_at_least_one_value_in_col_data_vars"/>
    <testcase time="0.0470000000000006" classname="sampleVarSpec" name="sampleVarSpecServer_only_gives_factor_columns_in_col_data_vars_when_categorical_only"/>
    <testcase time="0.00100000000000122" classname="sampleVarSpec" name="sampleVarSpecServer_only_gives_factor_columns_in_col_data_vars_when_categorical_only"/>
    <testcase time="0.00700000000000145" classname="sampleVarSpec" name="sampleVarSpec_module_works_as_expected_in_the_test_app">
      <skipped message="Reason: testing depth 3 is below current testing specification 5 ('test-sampleVarSpec.R:171')"/>
    </testcase>
  </testsuite>
  <testsuite name="scatterplot" timestamp="2023-02-13T17:11:46Z" hostname="7a6d8f7c91bf" tests="2" skipped="2" failures="0" errors="0" time="0.177">
    <testcase time="0.163" classname="scatterplot" name="ui_g_scatterplot_creates_expected_HTML">
      <skipped message="Reason: On CRAN ('test-scatterplot.R:7')"/>
    </testcase>
    <testcase time="0.0139999999999993" classname="scatterplot" name="scatterplot_module_works_as_expected_in_the_test_app">
      <skipped message="Reason: testing depth 3 is below current testing specification 5 ('test-scatterplot.R:25')"/>
    </testcase>
  </testsuite>
  <testsuite name="utils" timestamp="2023-02-13T17:11:46Z" hostname="7a6d8f7c91bf" tests="6" skipped="0" failures="0" errors="0" time="0.054">
    <testcase time="0.0199999999999996" classname="utils" name="is_blank_works_as_expected"/>
    <testcase time="0.00499999999999901" classname="utils" name="is_blank_works_as_expected"/>
    <testcase time="0.00499999999999901" classname="utils" name="is_blank_works_as_expected"/>
    <testcase time="0.0110000000000028" classname="utils" name="h_extract_words_works_as_expected"/>
    <testcase time="0.00499999999999901" classname="utils" name="h_extract_words_works_as_expected"/>
    <testcase time="0.00799999999999912" classname="utils" name="h_extract_words_works_as_expected"/>
  </testsuite>
  <testsuite name="volcanoplot" timestamp="2023-02-13T17:11:46Z" hostname="7a6d8f7c91bf" tests="2" skipped="1" failures="0" errors="0" time="0.042">
    <testcase time="0.0360000000000014" classname="volcanoplot" name="ui_g_volcanoplot_creates_expected_HTML"/>
    <testcase time="0.00600000000000023" classname="volcanoplot" name="volcanoplot_module_works_as_expected_in_the_test_app">
      <skipped message="Reason: testing depth 3 is below current testing specification 5 ('test-volcanoplot.R:22')"/>
    </testcase>
  </testsuite>
</testsuites>
