<?xml version="1.0" encoding="UTF-8"?>
<testsuites>
  <testsuite name="adtteSpec" timestamp="2023-03-17T09:34:33Z" hostname="8384d798c082" tests="17" skipped="2" failures="0" errors="0" time="26.701">
    <testcase time="12.816" classname="adtteSpec" name="h_km_mae_to_adtte_function_works_as_expected_with_a_single_gene"/>
    <testcase time="0.0280000000000005" classname="adtteSpec" name="h_km_mae_to_adtte_function_works_as_expected_with_a_single_gene"/>
    <testcase time="2.761" classname="adtteSpec" name="h_km_mae_to_adtte_function_also_works_when_some_ID_variables_are_factors"/>
    <testcase time="0.00199999999999889" classname="adtteSpec" name="h_km_mae_to_adtte_function_also_works_when_some_ID_variables_are_factors"/>
    <testcase time="2.674" classname="adtteSpec" name="h_km_mae_to_adtte_function_works_as_expected_with_multiple_genes"/>
    <testcase time="0.00100000000000122" classname="adtteSpec" name="h_km_mae_to_adtte_function_works_as_expected_with_multiple_genes"/>
    <testcase time="2.691" classname="adtteSpec" name="h_km_mae_to_adtte_function_works_as_expected_with_a_gene_signature"/>
    <testcase time="0.00199999999999889" classname="adtteSpec" name="h_km_mae_to_adtte_function_works_as_expected_with_a_gene_signature"/>
    <testcase time="2.209" classname="adtteSpec" name="h_km_mae_to_adtte_fails_as_expected_with_invalid_settings"/>
    <testcase time="0.0879999999999974" classname="adtteSpec" name="h_km_mae_to_adtte_fails_as_expected_with_invalid_settings"/>
    <testcase time="0.00800000000000267" classname="adtteSpec" name="h_km_mae_to_adtte_fails_as_expected_with_invalid_settings"/>
    <testcase time="0.0829999999999984" classname="adtteSpec" name="h_km_mae_to_adtte_fails_as_expected_with_invalid_settings"/>
    <testcase time="2.562" classname="adtteSpec" name="h_km_mae_to_adtte_warns_when_patients_are_not_in_ADTTE_and_therefore_removed"/>
    <testcase time="0.279" classname="adtteSpec" name="h_km_mae_to_adtte_fails_as_expected_if_USUBJID_in_MAE_colData_is_different_from_sample_map"/>
    <testcase time="0.257999999999999" classname="adtteSpec" name="h_km_mae_to_adtte_fails_as_expected_if_USUBJID_in_experiment_colData_is_different_from_sample_map"/>
    <testcase time="0.155999999999999" classname="adtteSpec" name="adtteSpecInput_creates_expected_HTML">
      <skipped message="Reason: On CRAN ('test-adtteSpec.R:173')"/>
    </testcase>
    <testcase time="0.083000000000002" classname="adtteSpec" name="adtteSpecServer_module_works_as_expected_in_the_test_app">
      <skipped message="Reason: testing depth 3 is below current testing specification 5 ('test-adtteSpec.R:183')"/>
    </testcase>
  </testsuite>
  <testsuite name="assaySpec" timestamp="2023-03-17T09:35:00Z" hostname="8384d798c082" tests="2" skipped="2" failures="0" errors="0" time="0.106">
    <testcase time="0.0919999999999987" classname="assaySpec" name="assaySpecInput_creates_expected_HTML">
      <skipped message="Reason: On CRAN ('test-assaySpec.R:4')"/>
    </testcase>
    <testcase time="0.0139999999999993" classname="assaySpec" name="assaySpecServer_module_works_as_expected_in_the_test_app">
      <skipped message="Reason: testing depth 3 is below current testing specification 5 ('test-assaySpec.R:15')"/>
    </testcase>
  </testsuite>
  <testsuite name="barplot" timestamp="2023-03-17T09:35:00Z" hostname="8384d798c082" tests="2" skipped="2" failures="0" errors="0" time="0.319">
    <testcase time="0.303999999999998" classname="barplot" name="ui_g_barplot_creates_expected_HTML">
      <skipped message="Reason: On CRAN ('test-barplot.R:7')"/>
    </testcase>
    <testcase time="0.0150000000000006" classname="barplot" name="barplot_module_works_as_expected_in_the_test_app">
      <skipped message="Reason: testing depth 3 is below current testing specification 5 ('test-barplot.R:25')"/>
    </testcase>
  </testsuite>
  <testsuite name="boxplot" timestamp="2023-03-17T09:35:00Z" hostname="8384d798c082" tests="2" skipped="1" failures="0" errors="0" time="0.061">
    <testcase time="0.0539999999999985" classname="boxplot" name="ui_g_boxplot_creates_expected_HTML"/>
    <testcase time="0.00700000000000145" classname="boxplot" name="boxplot_module_works_as_expected_in_the_test_app">
      <skipped message="Reason: testing depth 3 is below current testing specification 5 ('test-boxplot.R:23')"/>
    </testcase>
  </testsuite>
  <testsuite name="checkmate" timestamp="2023-03-17T09:35:00Z" hostname="8384d798c082" tests="7" skipped="0" failures="0" errors="0" time="0.076">
    <testcase time="0.032" classname="checkmate" name="check_tag_works_as_expected"/>
    <testcase time="0.00499999999999901" classname="checkmate" name="check_tag_works_as_expected"/>
    <testcase time="0.00600000000000023" classname="checkmate" name="check_tag_works_as_expected"/>
    <testcase time="0.00900000000000034" classname="checkmate" name="check_tag_works_as_expected"/>
    <testcase time="0.00799999999999912" classname="checkmate" name="assert_adtte_vars_works_as_expected"/>
    <testcase time="0.00800000000000267" classname="checkmate" name="assert_adtte_vars_works_as_expected"/>
    <testcase time="0.00799999999999912" classname="checkmate" name="assert_adtte_vars_works_as_expected"/>
  </testsuite>
  <testsuite name="experimentSpec" timestamp="2023-03-17T09:35:00Z" hostname="8384d798c082" tests="9" skipped="2" failures="0" errors="0" time="0.187">
    <testcase time="0.0339999999999989" classname="experimentSpec" name="experimentSpecInput_creates_expected_HTML">
      <skipped message="Reason: On CRAN ('test-experimentSpec.R:6')"/>
    </testcase>
    <testcase time="0.0199999999999996" classname="experimentSpec" name="h_order_genes_works_as_expected_to_sort_only_by_name"/>
    <testcase time="0.0169999999999995" classname="experimentSpec" name="h_order_genes_works_as_expected_to_sort_only_by_id"/>
    <testcase time="0.0110000000000028" classname="experimentSpec" name="h_order_genes_works_as_expected_with_mixed_id_and_name_sorting"/>
    <testcase time="0.00999999999999801" classname="experimentSpec" name="h_order_genes_does_not_fail_when_given_empty_data_frame"/>
    <testcase time="0.0549999999999997" classname="experimentSpec" name="h_gene_data_works_as_expected"/>
    <testcase time="0.027000000000001" classname="experimentSpec" name="h_gene_data_does_not_fail_when_object_does_not_contain_any_genes"/>
    <testcase time="0.00600000000000023" classname="experimentSpec" name="h_gene_data_does_not_fail_when_object_does_not_contain_any_genes"/>
    <testcase time="0.0069999999999979" classname="experimentSpec" name="experimentSpec_module_works_as_expected_in_the_test_app">
      <skipped message="Reason: testing depth 3 is below current testing specification 5 ('test-experimentSpec.R:88')"/>
    </testcase>
  </testsuite>
  <testsuite name="forest" timestamp="2023-03-17T09:35:00Z" hostname="8384d798c082" tests="2" skipped="1" failures="0" errors="0" time="0.06">
    <testcase time="0.054000000000002" classname="forest" name="ui_g_forest_tte_creates_expected_HTML"/>
    <testcase time="0.00600000000000023" classname="forest" name="forest_tte_module_works_as_expected_in_the_test_app">
      <skipped message="Reason: testing depth 3 is below current testing specification 5 ('test-forest.R:27')"/>
    </testcase>
  </testsuite>
  <testsuite name="geneSpec" timestamp="2023-03-17T09:35:01Z" hostname="8384d798c082" tests="4" skipped="2" failures="0" errors="0" time="0.112">
    <testcase time="0.0760000000000005" classname="geneSpec" name="geneSpecInput_creates_expected_HTML">
      <skipped message="Reason: On CRAN ('test-geneSpec.R:4')"/>
    </testcase>
    <testcase time="0.0199999999999996" classname="geneSpec" name="h_parse_genes_works_as_expected"/>
    <testcase time="0.00999999999999801" classname="geneSpec" name="h_parse_genes_correctly_returns_empty_data_frame_when_no_genes_match"/>
    <testcase time="0.00600000000000023" classname="geneSpec" name="geneSpec_module_works_as_expected_in_the_test_app">
      <skipped message="Reason: testing depth 3 is below current testing specification 5 ('test-geneSpec.R:39')"/>
    </testcase>
  </testsuite>
  <testsuite name="km" timestamp="2023-03-17T09:35:01Z" hostname="8384d798c082" tests="2" skipped="2" failures="0" errors="0" time="0.175">
    <testcase time="0.16" classname="km" name="ui_g_km_creates_expected_HTML">
      <skipped message="Reason: On CRAN ('test-km.R:7')"/>
    </testcase>
    <testcase time="0.0150000000000006" classname="km" name="km_module_works_as_expected_in_the_test_app">
      <skipped message="Reason: testing depth 3 is below current testing specification 5 ('test-km.R:26')"/>
    </testcase>
  </testsuite>
  <testsuite name="pca" timestamp="2023-03-17T09:35:01Z" hostname="8384d798c082" tests="2" skipped="1" failures="0" errors="0" time="0.101">
    <testcase time="0.0949999999999989" classname="pca" name="ui_g_pca_creates_HTML"/>
    <testcase time="0.00600000000000023" classname="pca" name="pca_module_works_as_expected_in_the_test_app">
      <skipped message="Reason: testing depth 3 is below current testing specification 5 ('test-pca.R:22')"/>
    </testcase>
  </testsuite>
  <testsuite name="quality" timestamp="2023-03-17T09:35:01Z" hostname="8384d798c082" tests="2" skipped="2" failures="0" errors="0" time="0.17">
    <testcase time="0.156000000000002" classname="quality" name="ui_g_quality_creates_expected_HTML">
      <skipped message="Reason: On CRAN ('test-quality.R:7')"/>
    </testcase>
    <testcase time="0.0139999999999993" classname="quality" name="quality_module_works_as_expected_in_the_test_app">
      <skipped message="Reason: testing depth 3 is below current testing specification 5 ('test-quality.R:22')"/>
    </testcase>
  </testsuite>
  <testsuite name="sampleVarSpec" timestamp="2023-03-17T09:35:01Z" hostname="8384d798c082" tests="15" skipped="2" failures="0" errors="0" time="0.315">
    <testcase time="0.0449999999999982" classname="sampleVarSpec" name="sampleVarSpecInput_creates_expected_HTML">
      <skipped message="Reason: On CRAN ('test-sampleVarSpec.R:4')"/>
    </testcase>
    <testcase time="0.017000000000003" classname="sampleVarSpec" name="h_assign_to_group_list_works_as_expected"/>
    <testcase time="0.00999999999999801" classname="sampleVarSpec" name="h_assign_to_group_list_retains_the_order_of_the_collapsed_levels"/>
    <testcase time="0.0120000000000005" classname="sampleVarSpec" name="h_collapse_levels_works_as_expected_when_a_group_list_is_provided"/>
    <testcase time="0.0120000000000005" classname="sampleVarSpec" name="h_collapse_levels_fails_when_no_group_list_is_provided"/>
    <testcase time="0.0120000000000005" classname="sampleVarSpec" name="h_collapse_levels_fails_when_x_is_not_a_factor_provided"/>
    <testcase time="0.0069999999999979" classname="sampleVarSpec" name="validate_n_levels_passes_for_a_valid_factor_with_required_number_of_levels"/>
    <testcase time="0.00600000000000023" classname="sampleVarSpec" name="validate_n_levels_passes_for_a_valid_factor_with_required_number_of_levels"/>
    <testcase time="0.0120000000000005" classname="sampleVarSpec" name="validate_n_levels_gives_expected_validation_error_when_x_is_not_a_factor"/>
    <testcase time="0.0130000000000017" classname="sampleVarSpec" name="validate_n_levels_gives_expected_validation_error_when_factor_x_does_not_have_required_number_of_levels"/>
    <testcase time="0.113" classname="sampleVarSpec" name="sampleVarSpecServer_only_gives_atomic_columns_with_at_least_one_value_in_col_data_vars"/>
    <testcase time="0.00199999999999889" classname="sampleVarSpec" name="sampleVarSpecServer_only_gives_atomic_columns_with_at_least_one_value_in_col_data_vars"/>
    <testcase time="0.0459999999999994" classname="sampleVarSpec" name="sampleVarSpecServer_only_gives_factor_columns_in_col_data_vars_when_categorical_only"/>
    <testcase time="0.00100000000000122" classname="sampleVarSpec" name="sampleVarSpecServer_only_gives_factor_columns_in_col_data_vars_when_categorical_only"/>
    <testcase time="0.0069999999999979" classname="sampleVarSpec" name="sampleVarSpec_module_works_as_expected_in_the_test_app">
      <skipped message="Reason: testing depth 3 is below current testing specification 5 ('test-sampleVarSpec.R:171')"/>
    </testcase>
  </testsuite>
  <testsuite name="scatterplot" timestamp="2023-03-17T09:35:01Z" hostname="8384d798c082" tests="2" skipped="2" failures="0" errors="0" time="0.2">
    <testcase time="0.185000000000002" classname="scatterplot" name="ui_g_scatterplot_creates_expected_HTML">
      <skipped message="Reason: On CRAN ('test-scatterplot.R:7')"/>
    </testcase>
    <testcase time="0.0150000000000006" classname="scatterplot" name="scatterplot_module_works_as_expected_in_the_test_app">
      <skipped message="Reason: testing depth 3 is below current testing specification 5 ('test-scatterplot.R:25')"/>
    </testcase>
  </testsuite>
  <testsuite name="utils" timestamp="2023-03-17T09:35:02Z" hostname="8384d798c082" tests="6" skipped="0" failures="0" errors="0" time="0.061">
    <testcase time="0.0249999999999986" classname="utils" name="is_blank_works_as_expected"/>
    <testcase time="0.00499999999999901" classname="utils" name="is_blank_works_as_expected"/>
    <testcase time="0.00600000000000023" classname="utils" name="is_blank_works_as_expected"/>
    <testcase time="0.0110000000000028" classname="utils" name="h_extract_words_works_as_expected"/>
    <testcase time="0.00599999999999667" classname="utils" name="h_extract_words_works_as_expected"/>
    <testcase time="0.00800000000000267" classname="utils" name="h_extract_words_works_as_expected"/>
  </testsuite>
  <testsuite name="volcanoplot" timestamp="2023-03-17T09:35:02Z" hostname="8384d798c082" tests="2" skipped="1" failures="0" errors="0" time="0.047">
    <testcase time="0.0410000000000004" classname="volcanoplot" name="ui_g_volcanoplot_creates_expected_HTML"/>
    <testcase time="0.00600000000000023" classname="volcanoplot" name="volcanoplot_module_works_as_expected_in_the_test_app">
      <skipped message="Reason: testing depth 3 is below current testing specification 5 ('test-volcanoplot.R:22')"/>
    </testcase>
  </testsuite>
</testsuites>
