<?xml version="1.0" encoding="UTF-8"?>
<testsuites>
  <testsuite name="adtteSpec" timestamp="2023-02-22T14:04:09Z" hostname="7e248610d815" tests="18" skipped="1" failures="0" errors="0" time="21.527">
    <testcase time="10.187" classname="adtteSpec" name="h_km_mae_to_adtte_function_works_as_expected_with_a_single_gene"/>
    <testcase time="0.0230000000000015" classname="adtteSpec" name="h_km_mae_to_adtte_function_works_as_expected_with_a_single_gene"/>
    <testcase time="2.153" classname="adtteSpec" name="h_km_mae_to_adtte_function_also_works_when_some_ID_variables_are_factors"/>
    <testcase time="0.00100000000000122" classname="adtteSpec" name="h_km_mae_to_adtte_function_also_works_when_some_ID_variables_are_factors"/>
    <testcase time="2.157" classname="adtteSpec" name="h_km_mae_to_adtte_function_works_as_expected_with_multiple_genes"/>
    <testcase time="0.00199999999999889" classname="adtteSpec" name="h_km_mae_to_adtte_function_works_as_expected_with_multiple_genes"/>
    <testcase time="2.132" classname="adtteSpec" name="h_km_mae_to_adtte_function_works_as_expected_with_a_gene_signature"/>
    <testcase time="0.00199999999999889" classname="adtteSpec" name="h_km_mae_to_adtte_function_works_as_expected_with_a_gene_signature"/>
    <testcase time="1.928" classname="adtteSpec" name="h_km_mae_to_adtte_fails_as_expected_with_invalid_settings"/>
    <testcase time="0.0700000000000003" classname="adtteSpec" name="h_km_mae_to_adtte_fails_as_expected_with_invalid_settings"/>
    <testcase time="0.0069999999999979" classname="adtteSpec" name="h_km_mae_to_adtte_fails_as_expected_with_invalid_settings"/>
    <testcase time="0.0650000000000013" classname="adtteSpec" name="h_km_mae_to_adtte_fails_as_expected_with_invalid_settings"/>
    <testcase time="2.169" classname="adtteSpec" name="h_km_mae_to_adtte_warns_when_patients_are_not_in_ADTTE_and_therefore_removed"/>
    <testcase time="0.210000000000001" classname="adtteSpec" name="h_km_mae_to_adtte_fails_as_expected_if_USUBJID_in_MAE_colData_is_different_from_sample_map"/>
    <testcase time="0.183999999999997" classname="adtteSpec" name="h_km_mae_to_adtte_fails_as_expected_if_USUBJID_in_experiment_colData_is_different_from_sample_map"/>
    <testcase time="0.148" classname="adtteSpec" name="adtteSpecInput_creates_expected_HTML"/>
    <testcase time="0.0430000000000028" classname="adtteSpec" name="adtteSpecInput_creates_expected_HTML"/>
    <testcase time="0.0459999999999994" classname="adtteSpec" name="adtteSpecServer_module_works_as_expected_in_the_test_app">
      <skipped message="Reason: testing depth 3 is below current testing specification 5 ('test-adtteSpec.R:183')"/>
    </testcase>
  </testsuite>
  <testsuite name="assaySpec" timestamp="2023-02-22T14:04:30Z" hostname="7e248610d815" tests="2" skipped="1" failures="0" errors="0" time="0.058">
    <testcase time="0.0539999999999985" classname="assaySpec" name="assaySpecInput_creates_expected_HTML"/>
    <testcase time="0.00400000000000134" classname="assaySpec" name="assaySpecServer_module_works_as_expected_in_the_test_app">
      <skipped message="Reason: testing depth 3 is below current testing specification 5 ('test-assaySpec.R:15')"/>
    </testcase>
  </testsuite>
  <testsuite name="barplot" timestamp="2023-02-22T14:04:30Z" hostname="7e248610d815" tests="2" skipped="1" failures="1" errors="0" time="0.537">
    <testcase time="0.524999999999999" classname="barplot" name="ui_g_barplot_creates_expected_HTML">
      <failure type="failure" message="Snapshot of code has changed: ('test-barplot.R:7')">Snapshot of code has changed:
old[3:180] vs new[3:248]
  "    Mean = colMeans), pre_output = NULL, post_output = NULL)"
  "Output"
  "  &lt;div class=\"row\"&gt;"
- "    &lt;div&gt;"
- "      &lt;div class=\"col-md-3\"&gt;"
- "        &lt;div class=\"well\"&gt;"
- "          &lt;div&gt;"
- "            &lt;div class=\"block mb-4 p-1\"&gt;"
- "              &lt;label class=\"text-primary block -ml-1\"&gt;"
- "                &lt;strong&gt;Reporter&lt;/strong&gt;"
- "              &lt;/label&gt;"
- "              &lt;div class=\"simple_reporter_container\"&gt;"
- "                &lt;button id=\"testid-simple_reporter-add_report_card_simple-add_report_card_button\" type=\"button\" class=\"simple_report_button btn btn-primary action-button\" title=\"Add Card\"&gt;"
- "                  &lt;span&gt;"
- "                    &lt;i class=\"fa fa-plus\" role=\"presentation\" aria-label=\"plus icon\"&gt;&lt;/i&gt;"
- "                  &lt;/span&gt;"
- "                &lt;/button&gt;"
- "                &lt;button id=\"testid-simple_reporter-download_button_simple-download_button\" type=\"button\" class=\"simple_report_button btn btn-primary action-button\" title=\"Downlaod\"&gt;"
- "                  &lt;span&gt;"
- "                    &lt;i class=\"fa fa-download\" role=\"presentation\" aria-label=\"download icon\"&gt;&lt;/i&gt;"
- "                  &lt;/span&gt;"
- "                &lt;/button&gt;"
- "                &lt;button id=\"testid-simple_reporter-reset_button_simple-reset_reporter\" type=\"button\" class=\"simple_report_button btn btn-warning action-button\" title=\"Reset\"&gt;"
- "                  &lt;span&gt;"
- "                    &lt;i class=\"fa fa-xmark\" role=\"presentation\" aria-label=\"xmark icon\"&gt;&lt;/i&gt;"
- "                  &lt;/span&gt;"
- "                &lt;/button&gt;"
- "              &lt;/div&gt;"
- "            &lt;/div&gt;"
- "            &lt;label class=\"text-primary\"&gt;Encodings&lt;/label&gt;"
- "            &lt;span class=\"help-block\"&gt;"
- "              Analysis of MAE:"
- "              &lt;code&gt;MyMAE&lt;/code&gt;"
- "            &lt;/span&gt;"
- "            &lt;div class=\"form-group shiny-input-container\"&gt;"
- "              &lt;label class=\"control-label\" id=\"testid-experiment-name-label\" for=\"testid-experiment-name\"&gt;Select Experiment&lt;/label&gt;"
- "              &lt;div&gt;"
- "                &lt;select id=\"testid-experiment-name\"&gt;&lt;option value=\"hd1\" selected&gt;hd1&lt;/option&gt;"
- "  &lt;option value=\"hd2\"&gt;hd2&lt;/option&gt;"
- "  &lt;option value=\"hd3\"&gt;hd3&lt;/option&gt;&lt;/select&gt;"
- "                &lt;script type=\"application/json\" data-for=\"testid-experiment-name\" data-nonempty=\"\"&gt;{\"plugins\":[\"selectize-plugin-a11y\"]}&lt;/script&gt;"
- "              &lt;/div&gt;"
- "            &lt;/div&gt;"
- "            &lt;div class=\"form-group shiny-input-container\"&gt;"
- "              &lt;label class=\"control-label\" id=\"testid-assay-name-label\" for=\"testid-assay-name\"&gt;Select Assay&lt;/label&gt;"
- "              &lt;div&gt;"
- "                &lt;select id=\"testid-assay-name\"&gt;&lt;option value=\"\" selected&gt;&lt;/option&gt;&lt;/select&gt;"
- "                &lt;script type=\"application/json\" data-for=\"testid-assay-name\"&gt;{\"plugins\":[\"selectize-plugin-a11y\"]}&lt;/script&gt;"
- "              &lt;/div&gt;"
- "            &lt;/div&gt;"
- "            &lt;div class=\"row\"&gt;"
- "              &lt;div class=\"col-sm-8\"&gt;"
- "                &lt;label class=\"control-label\"&gt;Select Facet Variable&lt;/label&gt;"
- "              &lt;/div&gt;"
- "              &lt;div class=\"col-sm-4\"&gt;"
- "                &lt;button class=\"btn btn-default action-button pull-right list-genes\" id=\"testid-facet-levels_button\" title=\"Combine factor levels\" type=\"button\"&gt;"
- "                  &lt;span&gt;"
- "                    &lt;i class=\"fas fa-table\" role=\"presentation\" aria-label=\"table icon\"&gt;&lt;/i&gt;"
- "                  &lt;/span&gt;"
- "                &lt;/button&gt;"
- "              &lt;/div&gt;"
- "            &lt;/div&gt;"
- "            &lt;div class=\"custom-select-input\"&gt;"
- "              &lt;div class=\"form-group shiny-input-container\"&gt;"
- "                &lt;label class=\"control-label shiny-label-null\" for=\"testid-facet-sample_var\"&gt;&lt;/label&gt;"
- "                &lt;select data-actions-box=\"false\" data-none-selected-text=\"- Nothing selected -\" data-max-options=\"1\" data-show-subtext=\"true\" data-live-search=\"false\" id=\"testid-facet-sample_var\" class=\"selectpicker form-control\" multiple=\"multiple\"&gt;&lt;option value=\"\"&gt;&lt;/option&gt;&lt;/select&gt;"
+ "    &lt;div class=\"col-md-3\"&gt;"
+ "      &lt;div class=\"well\"&gt;"
+ "        &lt;div&gt;"
+ "          &lt;div class=\"block mb-4 p-1\"&gt;"
+ "            &lt;label class=\"text-primary block -ml-1\"&gt;"
+ "              &lt;strong&gt;Reporter&lt;/strong&gt;"
+ "            &lt;/label&gt;"
+ "            &lt;div class=\"simple_reporter_container\"&gt;"
+ "              &lt;button id=\"testid-simple_reporter-add_report_card_simple-add_report_card_button\" type=\"button\" class=\"simple_report_button btn btn-primary action-button\" title=\"Add Card\"&gt;"
+ "                &lt;span&gt;"
+ "                  &lt;i class=\"fas fa-plus\" role=\"presentation\" aria-label=\"plus icon\"&gt;&lt;/i&gt;"
+ "                &lt;/span&gt;"
+ "              &lt;/button&gt;"
+ "              &lt;button id=\"testid-simple_reporter-download_button_simple-download_button\" type=\"button\" class=\"simple_report_button btn btn-primary action-button\" title=\"Download\"&gt;"
+ "                &lt;span&gt;"
+ "                  &lt;i class=\"fas fa-download\" role=\"presentation\" aria-label=\"download icon\"&gt;&lt;/i&gt;"
+ "                &lt;/span&gt;"
+ "              &lt;/button&gt;"
+ "              &lt;button id=\"testid-simple_reporter-reset_button_simple-reset_reporter\" type=\"button\" class=\"simple_report_button btn btn-warning action-button\" title=\"Reset\"&gt;"
+ "                &lt;span&gt;"
+ "                  &lt;i class=\"fas fa-xmark\" role=\"presentation\" aria-label=\"xmark icon\"&gt;&lt;/i&gt;"
+ "                &lt;/span&gt;"
+ "              &lt;/button&gt;"
+ "            &lt;/div&gt;"
+ "          &lt;/div&gt;"
+ "          &lt;label class=\"text-primary\"&gt;Encodings&lt;/label&gt;"
+ "          &lt;span class=\"help-block\"&gt;"
+ "            Analysis of MAE:"
+ "            &lt;code&gt;MyMAE&lt;/code&gt;"
+ "          &lt;/span&gt;"
+ "          &lt;div class=\"form-group shiny-input-container\"&gt;"
+ "            &lt;label class=\"control-label\" id=\"testid-experiment-name-label\" for=\"testid-experiment-name\"&gt;Select Experiment&lt;/label&gt;"
+ "            &lt;div&gt;"
+ "              &lt;select id=\"testid-experiment-name\"&gt;&lt;option value=\"hd1\" selected&gt;hd1&lt;/option&gt;"
+ "  &lt;option value=\"hd2\"&gt;hd2&lt;/option&gt;"
+ "  &lt;option value=\"hd3\"&gt;hd3&lt;/option&gt;&lt;/select&gt;"
+ "              &lt;script type=\"application/json\" data-for=\"testid-experiment-name\" data-nonempty=\"\"&gt;{\"plugins\":[\"selectize-plugin-a11y\"]}&lt;/script&gt;"
+ "            &lt;/div&gt;"
+ "          &lt;/div&gt;"
+ "          &lt;div class=\"form-group shiny-input-container\"&gt;"
+ "            &lt;label class=\"control-label\" id=\"testid-assay-name-label\" for=\"testid-assay-name\"&gt;Select Assay&lt;/label&gt;"
+ "            &lt;div&gt;"
+ "              &lt;select id=\"testid-assay-name\"&gt;&lt;option value=\"\" selected&gt;&lt;/option&gt;&lt;/select&gt;"
+ "              &lt;script type=\"application/json\" data-for=\"testid-assay-name\"&gt;{\"plugins\":[\"selectize-plugin-a11y\"]}&lt;/script&gt;"
+ "            &lt;/div&gt;"
+ "          &lt;/div&gt;"
+ "          &lt;div class=\"row\"&gt;"
+ "            &lt;div class=\"col-sm-8\"&gt;"
+ "              &lt;label class=\"control-label\"&gt;Select Facet Variable&lt;/label&gt;"
+ "            &lt;/div&gt;"
+ "            &lt;div class=\"col-sm-4\"&gt;"
+ "              &lt;button class=\"btn btn-default action-button pull-right list-genes\" id=\"testid-facet-levels_button\" title=\"Combine factor levels\" type=\"button\"&gt;"
+ "                &lt;span&gt;"
+ "                  &lt;i class=\"fas fa-table\" role=\"presentation\" aria-label=\"table icon\"&gt;&lt;/i&gt;"
+ "                &lt;/span&gt;"
+ "              &lt;/button&gt;"
+ "            &lt;/div&gt;"
+ "          &lt;/div&gt;"
+ "          &lt;div class=\"custom-select-input\"&gt;"
+ "            &lt;div class=\"form-group shiny-input-container\"&gt;"
+ "              &lt;label class=\"control-label shiny-label-null\" for=\"testid-facet-sample_var\"&gt;&lt;/label&gt;"
+ "              &lt;select data-actions-box=\"false\" data-none-selected-text=\"- Nothing selected -\" data-max-options=\"1\" data-show-subtext=\"true\" data-live-search=\"false\" id=\"testid-facet-sample_var\" class=\"selectpicker form-control\" multiple=\"multiple\"&gt;&lt;option value=\"\"&gt;&lt;/option&gt;&lt;/select&gt;"
+ "            &lt;/div&gt;"
+ "          &lt;/div&gt;"
+ "          &lt;div class=\"row\"&gt;"
+ "            &lt;div class=\"col-sm-8\"&gt;"
+ "              &lt;label class=\"control-label\"&gt;Select Gene(s)&lt;/label&gt;"
+ "            &lt;/div&gt;"
+ "            &lt;div class=\"col-sm-2\"&gt;"
+ "              &lt;button class=\"btn btn-default action-button pull-right list-genes\" id=\"testid-x-select_none_button\" title=\"Select None\" type=\"button\"&gt;"
+ "                &lt;span&gt;"
+ "                  &lt;i aria-label=\"remove-circle icon\" class=\"glyphicon glyphicon-remove-circle\" role=\"presentation\"&gt;&lt;/i&gt;"
+ "                &lt;/span&gt;"
+ "              &lt;/button&gt;"
+ "              &lt;button class=\"btn btn-default action-button pull-right list-genes\" id=\"testid-x-select_all_button\" title=\"Select All Genes (first 200)\" type=\"button\"&gt;"
+ "                &lt;span&gt;"
+ "                  &lt;i aria-label=\"ok-circle icon\" class=\"glyphicon glyphicon-ok-circle\" role=\"presentation\"&gt;&lt;/i&gt;"
+ "                &lt;/span&gt;"
+ "              &lt;/button&gt;"
+ "            &lt;/div&gt;"
+ "            &lt;div class=\"col-sm-2\"&gt;"
+ "              &lt;button class=\"btn btn-default action-button pull-right list-genes\" id=\"testid-x-text_button\" title=\"Enter list of genes\" type=\"button\"&gt;"
+ "                &lt;span&gt;"
+ "                  &lt;i class=\"fas fa-font\" role=\"presentation\" aria-label=\"font icon\"&gt;&lt;/i&gt;"
+ "                &lt;/span&gt;"
+ "              &lt;/button&gt;"
+ "              &lt;div class=\"pull-right\" title=\"Lock gene selection (so that it does not get updated when filtering)\"&gt;"
+ "                &lt;div class=\"form-group shiny-input-container\"&gt;"
+ "                  &lt;div class=\"pretty p-toggle p-plain p-icon p-pulse\"&gt;"
+ "                    &lt;input id=\"testid-x-lock_button\" type=\"checkbox\"/&gt;"
+ "                    &lt;div class=\"state p-on\"&gt;"
+ "                      &lt;i class=\"icon fas fa-lock\" role=\"presentation\" aria-label=\"lock icon\"&gt;&lt;/i&gt;"
+ "                      &lt;label&gt;"
+ "                        &lt;span&gt;&lt;/span&gt;"
+ "                      &lt;/label&gt;"
+ "                    &lt;/div&gt;"
+ "                    &lt;div class=\"state p-off\"&gt;"
+ "                      &lt;i class=\"icon fas fa-lock-open\" role=\"presentation\" aria-label=\"lock-open icon\"&gt;&lt;/i&gt;"
+ "                      &lt;label&gt;"
+ "                        &lt;span&gt;&lt;/span&gt;"
+ "                      &lt;/label&gt;"
+ "                    &lt;/div&gt;"
+ "                  &lt;/div&gt;"
+ "                &lt;/div&gt;"
+ "              &lt;/div&gt;"
+ "            &lt;/div&gt;"
+ "          &lt;/div&gt;"
+ "          &lt;div class=\"custom-select-input\"&gt;"
+ "            &lt;div class=\"form-group shiny-input-container\"&gt;"
+ "              &lt;label class=\"control-label shiny-label-null\" for=\"testid-x-genes\" id=\"testid-x-genes-label\"&gt;&lt;/label&gt;"
+ "              &lt;div&gt;"
+ "                &lt;select id=\"testid-x-genes\" class=\"form-control\" multiple=\"multiple\"&gt;&lt;option value=\"\"&gt;&lt;/option&gt;&lt;/select&gt;"
+ "                &lt;script type=\"application/json\" data-for=\"testid-x-genes\" data-eval=\"[&amp;quot;render&amp;quot;]\"&gt;{\"render\":\"{\\n          option: function(item, escape) {\\n              return '&lt;div&gt; &lt;span style=\\\"font-size: inherit;\\\"&gt;' + item.label + '&lt;\\/div&gt;' +\\n                ' &lt;span style=\\\"color: #808080; font-size: xx-small;\\\" &gt;' + item.value + '&lt;\\/div&gt; &lt;\\/div&gt;'\\n            }\\n          }\",\"searchField\":[\"value\",\"label\"],\"maxOptions\":200,\"maxItems\":200,\"plugins\":[\"selectize-plugin-a11y\"]}&lt;/script&gt;"
  "              &lt;/div&gt;"
  "            &lt;/div&gt;"
- "            &lt;div class=\"row\"&gt;"
- "              &lt;div class=\"col-sm-8\"&gt;"
- "                &lt;label class=\"control-label\"&gt;Select Gene(s)&lt;/label&gt;"
- "              &lt;/div&gt;"
- "              &lt;div class=\"col-sm-2\"&gt;"
- "                &lt;button class=\"btn btn-default action-button pull-right list-genes\" id=\"testid-x-select_none_button\" title=\"Select None\" type=\"button\"&gt;"
- "                  &lt;span&gt;"
- "                    &lt;i aria-label=\"remove-circle icon\" class=\"glyphicon glyphicon-remove-circle\" role=\"presentation\"&gt;&lt;/i&gt;"
- "                  &lt;/span&gt;"
- "                &lt;/button&gt;"
- "                &lt;button class=\"btn btn-default action-button pull-right list-genes\" id=\"testid-x-select_all_button\" title=\"Select All Genes (first 200)\" type=\"button\"&gt;"
- "                  &lt;span&gt;"
- "                    &lt;i aria-label=\"ok-circle icon\" class=\"glyphicon glyphicon-ok-circle\" role=\"presentation\"&gt;&lt;/i&gt;"
- "                  &lt;/span&gt;"
- "                &lt;/button&gt;"
- "              &lt;/div&gt;"
- "              &lt;div class=\"col-sm-2\"&gt;"
- "                &lt;button class=\"btn btn-default action-button pull-right list-genes\" id=\"testid-x-text_button\" title=\"Enter list of genes\" type=\"button\"&gt;"
- "                  &lt;span&gt;"
- "                    &lt;i class=\"fas fa-font\" role=\"presentation\" aria-label=\"font icon\"&gt;&lt;/i&gt;"
- "                  &lt;/span&gt;"
- "                &lt;/button&gt;"
- "                &lt;div class=\"pull-right\" title=\"Lock gene selection (so that it does not get updated when filtering)\"&gt;"
- "                  &lt;div class=\"form-group shiny-input-container\"&gt;"
- "                    &lt;div class=\"pretty p-toggle p-plain p-icon p-pulse\"&gt;"
- "                      &lt;input id=\"testid-x-lock_button\" type=\"checkbox\"/&gt;"
- "                      &lt;div class=\"state p-on\"&gt;"
- "                        &lt;i class=\"icon fas fa-lock\" role=\"presentation\" aria-label=\"lock icon\"&gt;&lt;/i&gt;"
- "                        &lt;label&gt;"
- "                          &lt;span&gt;&lt;/span&gt;"
- "                        &lt;/label&gt;"
- "                      &lt;/div&gt;"
- "                      &lt;div class=\"state p-off\"&gt;"
- "                        &lt;i class=\"icon fas fa-lock-open\" role=\"presentation\" aria-label=\"lock-open icon\"&gt;&lt;/i&gt;"
- "                        &lt;label&gt;"
- "                          &lt;span&gt;&lt;/span&gt;"
- "                        &lt;/label&gt;"
- "                      &lt;/div&gt;"
- "                    &lt;/div&gt;"
- "                  &lt;/div&gt;"
- "                &lt;/div&gt;"
- "              &lt;/div&gt;"
- "            &lt;/div&gt;"
- "            &lt;div class=\"custom-select-input\"&gt;"
- "              &lt;div class=\"form-group shiny-input-container\"&gt;"
- "                &lt;label class=\"control-label shiny-label-null\" for=\"testid-x-genes\" id=\"testid-x-genes-label\"&gt;&lt;/label&gt;"
- "                &lt;div&gt;"
- "                  &lt;select id=\"testid-x-genes\" class=\"form-control\" multiple=\"multiple\"&gt;&lt;option value=\"\"&gt;&lt;/option&gt;&lt;/select&gt;"
- "                  &lt;script type=\"application/json\" data-for=\"testid-x-genes\" data-eval=\"[&amp;quot;render&amp;quot;]\"&gt;{\"render\":\"{\\n          option: function(item, escape) {\\n              return '&lt;div&gt; &lt;span style=\\\"font-size: inherit;\\\"&gt;' + item.label + '&lt;\\/div&gt;' +\\n                ' &lt;span style=\\\"color: #808080; font-size: xx-small;\\\" &gt;' + item.value + '&lt;\\/div&gt; &lt;\\/div&gt;'\\n            }\\n          }\",\"searchField\":[\"value\",\"label\"],\"maxOptions\":200,\"maxItems\":200,\"plugins\":[\"selectize-plugin-a11y\"]}&lt;/script&gt;"
- "                &lt;/div&gt;"
- "              &lt;/div&gt;"
- "            &lt;/div&gt;"
- "            &lt;div data-display-if=\"input.genes &amp;amp;&amp;amp; input.genes.length &amp;gt; 1\" data-ns-prefix=\"testid-x-\"&gt;"
- "              &lt;div class=\"form-group shiny-input-container\"&gt;"
- "                &lt;label class=\"control-label\" id=\"testid-x-fun_name-label\" for=\"testid-x-fun_name\"&gt;Select Gene Summary&lt;/label&gt;"
- "                &lt;div&gt;"
- "                  &lt;select id=\"testid-x-fun_name\"&gt;&lt;option value=\"Mean\" selected&gt;Mean&lt;/option&gt;&lt;/select&gt;"
- "                  &lt;script type=\"application/json\" data-for=\"testid-x-fun_name\" data-nonempty=\"\"&gt;{\"plugins\":[\"selectize-plugin-a11y\"]}&lt;/script&gt;"
- "                &lt;/div&gt;"
- "              &lt;/div&gt;"
- "            &lt;/div&gt;"
- "            &lt;div class=\"form-group shiny-input-container\"&gt;"
- "              &lt;label class=\"control-label\" id=\"testid-percentiles-label\" for=\"testid-percentiles\"&gt;Select Quantiles&lt;/label&gt;"
- "              &lt;input class=\"js-range-slider\" id=\"testid-percentiles\" data-skin=\"shiny\" data-type=\"double\" data-min=\"0\" data-max=\"1\" data-from=\"0.2\" data-to=\"0.8\" data-step=\"0.01\" data-grid=\"true\" data-grid-num=\"10\" data-grid-snap=\"false\" data-prettify-separator=\",\" data-prettify-enabled=\"true\" data-keyboard=\"true\" data-drag-interval=\"true\" data-data-type=\"number\"/&gt;"
- "            &lt;/div&gt;"
- "            &lt;div class=\"panel-group\"&gt;"
- "              &lt;input id=\"settings_item\" type=\"checkbox\" value=\"TRUE\" class=\"shinyjs-hide\"/&gt;"
- "              &lt;div class=\"panel panel-default\"&gt;"
- "                &lt;div id=\"settings_item_div\" class=\"panel-heading collapsed\" data-toggle=\"collapse\" href=\"#settings_item_panel_body_9115\" aria-expanded=\"false\"&gt;"
- "                  &lt;i class=\"fa fa-angle-down dropdown-icon\" role=\"presentation\" aria-label=\"angle-down icon\"&gt;&lt;/i&gt;"
- "                  &lt;label class=\"panel-title inline\"&gt;Additional Settings&lt;/label&gt;"
- "                &lt;/div&gt;"
- "                &lt;div class=\"panel-collapse collapse \" id=\"settings_item_panel_body_9115\"&gt;"
- "                  &lt;div class=\"panel-body\"&gt;"
- "                    &lt;div class=\"row\"&gt;"
- "                      &lt;div class=\"col-sm-8\"&gt;"
- "                        &lt;label class=\"control-label\"&gt;Optional Fill Variable&lt;/label&gt;"
- "                      &lt;/div&gt;"
- "                      &lt;div class=\"col-sm-4\"&gt;"
- "                        &lt;button class=\"btn btn-default action-button pull-right list-genes\" id=\"testid-fill-levels_button\" title=\"Combine factor levels\" type=\"button\"&gt;"
- "                          &lt;span&gt;"
- "                            &lt;i class=\"fas fa-table\" role=\"presentation\" aria-label=\"table icon\"&gt;&lt;/i&gt;"
- "                          &lt;/span&gt;"
- "                        &lt;/button&gt;"
+ "          &lt;/div&gt;"
+ "          &lt;div data-display-if=\"input.genes &amp;amp;&amp;amp; input.genes.length &amp;gt; 1\" data-ns-prefix=\"testid-x-\"&gt;"
+ "            &lt;div class=\"form-group shiny-input-container\"&gt;"
+ "              &lt;label class=\"control-label\" id=\"testid-x-fun_name-label\" for=\"testid-x-fun_name\"&gt;Select Gene Summary&lt;/label&gt;"
+ "              &lt;div&gt;"
+ "                &lt;select id=\"testid-x-fun_name\"&gt;&lt;option value=\"Mean\" selected&gt;Mean&lt;/option&gt;&lt;/select&gt;"
+ "                &lt;script type=\"application/json\" data-for=\"testid-x-fun_name\" data-nonempty=\"\"&gt;{\"plugins\":[\"selectize-plugin-a11y\"]}&lt;/script&gt;"
+ "              &lt;/div&gt;"
+ "            &lt;/div&gt;"
+ "          &lt;/div&gt;"
+ "          &lt;div class=\"form-group shiny-input-container\"&gt;"
+ "            &lt;label class=\"control-label\" id=\"testid-percentiles-label\" for=\"testid-percentiles\"&gt;Select Quantiles&lt;/label&gt;"
+ "            &lt;input class=\"js-range-slider\" id=\"testid-percentiles\" data-skin=\"shiny\" data-type=\"double\" data-min=\"0\" data-max=\"1\" data-from=\"0.2\" data-to=\"0.8\" data-step=\"0.01\" data-grid=\"true\" data-grid-num=\"10\" data-grid-snap=\"false\" data-prettify-separator=\",\" data-prettify-enabled=\"true\" data-keyboard=\"true\" data-drag-interval=\"true\" data-data-type=\"number\"/&gt;"
+ "          &lt;/div&gt;"
+ "          &lt;div class=\"panel-group\"&gt;"
+ "            &lt;div&gt;"
+ "              &lt;div id=\"settings_item_div\" class=\"panel panel-default\"&gt;"
+ "                &lt;div class=\"panel-heading collapsed\" data-toggle=\"collapse\" href=\"#settings_item_panel_body_9115\" aria-expanded=\"false\"&gt;"
+ "                  &lt;i class=\"fas fa-angle-down dropdown-icon\" role=\"presentation\" aria-label=\"angle-down icon\"&gt;&lt;/i&gt;"
+ "                  &lt;label class=\"panel-title inline\"&gt;Additional Settings&lt;/label&gt;"
+ "                &lt;/div&gt;"
+ "                &lt;div class=\"panel-collapse collapse \" id=\"settings_item_panel_body_9115\"&gt;"
+ "                  &lt;div class=\"panel-body\"&gt;"
+ "                    &lt;div class=\"row\"&gt;"
+ "                      &lt;div class=\"col-sm-8\"&gt;"
+ "                        &lt;label class=\"control-label\"&gt;Optional Fill Variable&lt;/label&gt;"
+ "                      &lt;/div&gt;"
+ "                      &lt;div class=\"col-sm-4\"&gt;"
+ "                        &lt;button class=\"btn btn-default action-button pull-right list-genes\" id=\"testid-fill-levels_button\" title=\"Combine factor levels\" type=\"button\"&gt;"
+ "                          &lt;span&gt;"
+ "                            &lt;i class=\"fas fa-table\" role=\"presentation\" aria-label=\"table icon\"&gt;&lt;/i&gt;"
+ "                          &lt;/span&gt;"
+ "                        &lt;/button&gt;"
+ "                      &lt;/div&gt;"
+ "                    &lt;/div&gt;"
+ "                    &lt;div class=\"custom-select-input\"&gt;"
+ "                      &lt;div class=\"form-group shiny-input-container\"&gt;"
+ "                        &lt;label class=\"control-label shiny-label-null\" for=\"testid-fill-sample_var\"&gt;&lt;/label&gt;"
+ "                        &lt;select data-actions-box=\"false\" data-none-selected-text=\"- Nothing selected -\" data-max-options=\"1\" data-show-subtext=\"true\" data-live-search=\"false\" id=\"testid-fill-sample_var\" class=\"selectpicker form-control\" multiple=\"multiple\"&gt;&lt;option value=\"\"&gt;&lt;/option&gt;&lt;/select&gt;"
+ "                      &lt;/div&gt;"
+ "                    &lt;/div&gt;"
+ "                  &lt;/div&gt;"
+ "                &lt;/div&gt;"
+ "              &lt;/div&gt;"
+ "            &lt;/div&gt;"
+ "          &lt;/div&gt;"
+ "        &lt;/div&gt;"
+ "      &lt;/div&gt;"
+ "    &lt;/div&gt;"
+ "    &lt;div class=\"col-md-9\"&gt;"
+ "      &lt;div class=\"well\"&gt;"
+ "        &lt;div class=\"pre-output\"&gt;&lt;/div&gt;"
+ "        &lt;div class=\"output\"&gt;"
+ "          &lt;div id=\"testid-plot-plot-with-settings\"&gt;"
+ "            &lt;div class=\"plot-settings-buttons\"&gt;"
+ "              &lt;span class=\"dropdown btn-dropdown-input\" id=\"testid-plot-downbutton-downl_state\"&gt;"
+ "                &lt;button class=\"btn btn-default action-button dropdown-toggle \" type=\"button\" id=\"testid-plot-downbutton-downl\" data-toggle=\"dropdown\" data-bs-toggle=\"dropdown\" aria-haspopup=\"true\" aria-expanded=\"true\"&gt;"
+ "                  &lt;i class=\"fas fa-download\" role=\"presentation\" aria-label=\"download icon\"&gt;&lt;/i&gt;"
+ "                  "
+ "                  &lt;span class=\"caret\"&gt;&lt;/span&gt;"
+ "                &lt;/button&gt;"
+ "                &lt;ul aria-labelledby=\"testid-plot-downbutton-downl\" class=\"dropdown-menu dropdown-menu-right dropdown-shinyWidgets\" id=\"dropdown-menu-testid-plot-downbutton-downl\"&gt;"
+ "                  &lt;li style=\"margin-left: 10px; margin-right: 10px;\"&gt;"
+ "                    &lt;div&gt;"
+ "                      &lt;div id=\"testid-plot-downbutton-file_format\" class=\"form-group shiny-input-radiogroup shiny-input-container\" role=\"radiogroup\" aria-labelledby=\"testid-plot-downbutton-file_format-label\"&gt;"
+ "                        &lt;label class=\"control-label\" id=\"testid-plot-downbutton-file_format-label\" for=\"testid-plot-downbutton-file_format\"&gt;File type&lt;/label&gt;"
+ "                        &lt;div class=\"shiny-options-group\"&gt;"
+ "                          &lt;div class=\"radio\"&gt;"
+ "                            &lt;label&gt;"
+ "                              &lt;input type=\"radio\" name=\"testid-plot-downbutton-file_format\" value=\"png\" checked=\"checked\"/&gt;"
+ "                              &lt;span&gt;png&lt;/span&gt;"
+ "                            &lt;/label&gt;"
+ "                          &lt;/div&gt;"
+ "                          &lt;div class=\"radio\"&gt;"
+ "                            &lt;label&gt;"
+ "                              &lt;input type=\"radio\" name=\"testid-plot-downbutton-file_format\" value=\"pdf\"/&gt;"
+ "                              &lt;span&gt;pdf&lt;/span&gt;"
+ "                            &lt;/label&gt;"
+ "                          &lt;/div&gt;"
+ "                          &lt;div class=\"radio\"&gt;"
+ "                            &lt;label&gt;"
+ "                              &lt;input type=\"radio\" name=\"testid-plot-downbutton-file_format\" value=\"svg\"/&gt;"
+ "                              &lt;span&gt;svg&lt;/span&gt;"
+ "                            &lt;/label&gt;"
+ "                          &lt;/div&gt;"
+ "                        &lt;/div&gt;"
  "                      &lt;/div&gt;"
- "                    &lt;/div&gt;"
- "                    &lt;div class=\"custom-select-input\"&gt;"
  "                      &lt;div class=\"form-group shiny-input-container\"&gt;"
- "                        &lt;label class=\"control-label shiny-label-null\" for=\"testid-fill-sample_var\"&gt;&lt;/label&gt;"
- "                        &lt;select data-actions-box=\"false\" data-none-selected-text=\"- Nothing selected -\" data-max-options=\"1\" data-show-subtext=\"true\" data-live-search=\"false\" id=\"testid-fill-sample_var\" class=\"selectpicker form-control\" multiple=\"multiple\"&gt;&lt;option value=\"\"&gt;&lt;/option&gt;&lt;/select&gt;"
+ "                        &lt;label class=\"control-label\" id=\"testid-plot-downbutton-file_name-label\" for=\"testid-plot-downbutton-file_name\"&gt;File name (without extension)&lt;/label&gt;"
+ "                        &lt;input id=\"testid-plot-downbutton-file_name\" type=\"text\" class=\"form-control\" value=\"plot_20230222_140430\"/&gt;"
+ "                      &lt;/div&gt;"
+ "                      &lt;div data-display-if=\"input[&amp;#39;testid-plot-downbutton-file_name&amp;#39;] != &amp;#39;&amp;#39;\" data-ns-prefix=\"\"&gt;"
+ "                        &lt;a id=\"testid-plot-downbutton-data_download\" class=\"btn btn-default shiny-download-link btn-sm w-full\" href=\"\" target=\"_blank\" download&gt;"
+ "                          &lt;i class=\"fas fa-download\" role=\"presentation\" aria-label=\"download icon\"&gt;&lt;/i&gt;"
+ "                        &lt;/a&gt;"
  "                      &lt;/div&gt;"
  "                    &lt;/div&gt;"
- "                  &lt;/div&gt;"
- "                &lt;/div&gt;"
- "              &lt;/div&gt;"
+ "                  &lt;/li&gt;"
+ "                &lt;/ul&gt;"
+ "                "
+ "              &lt;/span&gt;"
+ "              &lt;button class=\"btn btn-default action-button btn-sm\" id=\"testid-plot-expand\" type=\"button\"&gt;"
+ "                &lt;i class=\"fas fa-up-right-and-down-left-from-center\" role=\"presentation\" aria-label=\"up-right-and-down-left-from-center icon\"&gt;&lt;/i&gt;"
+ "              &lt;/button&gt;"
+ "              &lt;span class=\"dropdown btn-dropdown-input\" id=\"testid-plot-expbut_state\"&gt;"
+ "                &lt;button class=\"btn btn-default action-button dropdown-toggle \" type=\"button\" id=\"testid-plot-expbut\" data-toggle=\"dropdown\" data-bs-toggle=\"dropdown\" aria-haspopup=\"true\" aria-expanded=\"true\"&gt;"
+ "                  &lt;i class=\"fas fa-maximize\" role=\"presentation\" aria-label=\"maximize icon\"&gt;&lt;/i&gt;"
+ "                  "
+ "                  &lt;span class=\"caret\"&gt;&lt;/span&gt;"
+ "                &lt;/button&gt;"
+ "                &lt;ul aria-labelledby=\"testid-plot-expbut\" class=\"dropdown-menu dropdown-menu-right dropdown-shinyWidgets\" id=\"dropdown-menu-testid-plot-expbut\"&gt;"
+ "                  &lt;li style=\"margin-left: 10px; margin-right: 10px;\"&gt;"
+ "                    &lt;div id=\"testid-plot-slider_ui\" class=\"shiny-html-output\"&gt;&lt;/div&gt;"
+ "                  &lt;/li&gt;"
+ "                  &lt;li style=\"margin-left: 10px; margin-right: 10px;\"&gt;"
+ "                    &lt;div id=\"testid-plot-width_warning\" class=\"shiny-html-output\"&gt;&lt;/div&gt;"
+ "                  &lt;/li&gt;"
+ "                &lt;/ul&gt;"
+ "                "
+ "              &lt;/span&gt;"
  "            &lt;/div&gt;"
- "          &lt;/div&gt;"
- "        &lt;/div&gt;"
- "      &lt;/div&gt;"
- "      &lt;div class=\"col-md-9\"&gt;"
- "        &lt;div class=\"well\"&gt;"
- "          &lt;div class=\"pre-output\"&gt;&lt;/div&gt;"
- "          &lt;div class=\"output\"&gt;"
- "            &lt;div id=\"testid-plot\" class=\"shiny-plot-output\" style=\"width:100%;height:400px;\"&gt;&lt;/div&gt;"
+ "            &lt;div class=\"shiny-html-output plot_out_container\" id=\"testid-plot-plot_out_main\" width=\"100%\"&gt;&lt;/div&gt;"
  "          &lt;/div&gt;"
- "          &lt;div class=\"post-output\"&gt;&lt;/div&gt;"
  "        &lt;/div&gt;"
+ "        &lt;div class=\"post-output\"&gt;&lt;/div&gt;"
  "      &lt;/div&gt;"
  "    &lt;/div&gt;"
  "  &lt;/div&gt;"

* Run `testthat::snapshot_accept('barplot')` to accept the change.
* Run `testthat::snapshot_review('barplot')` to interactively review the change.</failure>
    </testcase>
    <testcase time="0.0120000000000005" classname="barplot" name="barplot_module_works_as_expected_in_the_test_app">
      <skipped message="Reason: testing depth 3 is below current testing specification 5 ('test-barplot.R:25')"/>
    </testcase>
  </testsuite>
  <testsuite name="boxplot" timestamp="2023-02-22T14:04:31Z" hostname="7e248610d815" tests="2" skipped="1" failures="0" errors="0" time="0.046">
    <testcase time="0.0420000000000016" classname="boxplot" name="ui_g_boxplot_creates_expected_HTML"/>
    <testcase time="0.00399999999999778" classname="boxplot" name="boxplot_module_works_as_expected_in_the_test_app">
      <skipped message="Reason: testing depth 3 is below current testing specification 5 ('test-boxplot.R:23')"/>
    </testcase>
  </testsuite>
  <testsuite name="checkmate" timestamp="2023-02-22T14:04:31Z" hostname="7e248610d815" tests="7" skipped="0" failures="0" errors="0" time="0.049">
    <testcase time="0.0180000000000007" classname="checkmate" name="check_tag_works_as_expected"/>
    <testcase time="0.00400000000000134" classname="checkmate" name="check_tag_works_as_expected"/>
    <testcase time="0.00399999999999778" classname="checkmate" name="check_tag_works_as_expected"/>
    <testcase time="0.00500000000000256" classname="checkmate" name="check_tag_works_as_expected"/>
    <testcase time="0.00600000000000023" classname="checkmate" name="assert_adtte_vars_works_as_expected"/>
    <testcase time="0.00599999999999667" classname="checkmate" name="assert_adtte_vars_works_as_expected"/>
    <testcase time="0.00600000000000023" classname="checkmate" name="assert_adtte_vars_works_as_expected"/>
  </testsuite>
  <testsuite name="experimentSpec" timestamp="2023-02-22T14:04:31Z" hostname="7e248610d815" tests="9" skipped="1" failures="0" errors="0" time="0.161">
    <testcase time="0.0460000000000029" classname="experimentSpec" name="experimentSpecInput_creates_expected_HTML"/>
    <testcase time="0.00799999999999912" classname="experimentSpec" name="h_order_genes_works_as_expected_to_sort_only_by_name"/>
    <testcase time="0.00799999999999912" classname="experimentSpec" name="h_order_genes_works_as_expected_to_sort_only_by_id"/>
    <testcase time="0.00700000000000145" classname="experimentSpec" name="h_order_genes_works_as_expected_with_mixed_id_and_name_sorting"/>
    <testcase time="0.0069999999999979" classname="experimentSpec" name="h_order_genes_does_not_fail_when_given_empty_data_frame"/>
    <testcase time="0.054000000000002" classname="experimentSpec" name="h_gene_data_works_as_expected"/>
    <testcase time="0.0219999999999985" classname="experimentSpec" name="h_gene_data_does_not_fail_when_object_does_not_contain_any_genes"/>
    <testcase time="0.00400000000000134" classname="experimentSpec" name="h_gene_data_does_not_fail_when_object_does_not_contain_any_genes"/>
    <testcase time="0.00499999999999901" classname="experimentSpec" name="experimentSpec_module_works_as_expected_in_the_test_app">
      <skipped message="Reason: testing depth 3 is below current testing specification 5 ('test-experimentSpec.R:88')"/>
    </testcase>
  </testsuite>
  <testsuite name="forest" timestamp="2023-02-22T14:04:31Z" hostname="7e248610d815" tests="2" skipped="1" failures="0" errors="0" time="0.073">
    <testcase time="0.0680000000000014" classname="forest" name="ui_g_forest_tte_creates_expected_HTML"/>
    <testcase time="0.00499999999999901" classname="forest" name="forest_tte_module_works_as_expected_in_the_test_app">
      <skipped message="Reason: testing depth 3 is below current testing specification 5 ('test-forest.R:27')"/>
    </testcase>
  </testsuite>
  <testsuite name="geneSpec" timestamp="2023-02-22T14:04:31Z" hostname="7e248610d815" tests="4" skipped="1" failures="0" errors="0" time="0.083">
    <testcase time="0.0650000000000013" classname="geneSpec" name="geneSpecInput_creates_expected_HTML"/>
    <testcase time="0.00700000000000145" classname="geneSpec" name="h_parse_genes_works_as_expected"/>
    <testcase time="0.0069999999999979" classname="geneSpec" name="h_parse_genes_correctly_returns_empty_data_frame_when_no_genes_match"/>
    <testcase time="0.00400000000000134" classname="geneSpec" name="geneSpec_module_works_as_expected_in_the_test_app">
      <skipped message="Reason: testing depth 3 is below current testing specification 5 ('test-geneSpec.R:39')"/>
    </testcase>
  </testsuite>
  <testsuite name="km" timestamp="2023-02-22T14:04:31Z" hostname="7e248610d815" tests="2" skipped="1" failures="1" errors="0" time="0.3">
    <testcase time="0.288" classname="km" name="ui_g_km_creates_expected_HTML">
      <failure type="failure" message="Snapshot of code has changed: ('test-km.R:7')">Snapshot of code has changed:
old[3:173] vs new[3:241]
  "    summary_funs = list(Mean = colMeans), pre_output = NULL, post_output = NULL)"
  "Output"
  "  &lt;div class=\"row\"&gt;"
- "    &lt;div&gt;"
- "      &lt;div class=\"col-md-3\"&gt;"
- "        &lt;div class=\"well\"&gt;"
- "          &lt;div&gt;"
- "            &lt;div class=\"block mb-4 p-1\"&gt;"
- "              &lt;label class=\"text-primary block -ml-1\"&gt;"
- "                &lt;strong&gt;Reporter&lt;/strong&gt;"
- "              &lt;/label&gt;"
- "              &lt;div class=\"simple_reporter_container\"&gt;"
- "                &lt;button id=\"testid-simple_reporter-add_report_card_simple-add_report_card_button\" type=\"button\" class=\"simple_report_button btn btn-primary action-button\" title=\"Add Card\"&gt;"
- "                  &lt;span&gt;"
- "                    &lt;i class=\"fa fa-plus\" role=\"presentation\" aria-label=\"plus icon\"&gt;&lt;/i&gt;"
- "                  &lt;/span&gt;"
- "                &lt;/button&gt;"
- "                &lt;button id=\"testid-simple_reporter-download_button_simple-download_button\" type=\"button\" class=\"simple_report_button btn btn-primary action-button\" title=\"Downlaod\"&gt;"
- "                  &lt;span&gt;"
- "                    &lt;i class=\"fa fa-download\" role=\"presentation\" aria-label=\"download icon\"&gt;&lt;/i&gt;"
- "                  &lt;/span&gt;"
- "                &lt;/button&gt;"
- "                &lt;button id=\"testid-simple_reporter-reset_button_simple-reset_reporter\" type=\"button\" class=\"simple_report_button btn btn-warning action-button\" title=\"Reset\"&gt;"
- "                  &lt;span&gt;"
- "                    &lt;i class=\"fa fa-xmark\" role=\"presentation\" aria-label=\"xmark icon\"&gt;&lt;/i&gt;"
- "                  &lt;/span&gt;"
- "                &lt;/button&gt;"
- "              &lt;/div&gt;"
- "            &lt;/div&gt;"
- "            &lt;label class=\"text-primary\"&gt;Encodings&lt;/label&gt;"
- "            &lt;span class=\"help-block\"&gt;"
- "              Analysis of MAE:"
- "              &lt;code&gt;MyMAE&lt;/code&gt;"
- "            &lt;/span&gt;"
- "            &lt;div class=\"form-group shiny-input-container\"&gt;"
- "              &lt;label class=\"control-label\" id=\"testid-experiment-name-label\" for=\"testid-experiment-name\"&gt;Select Experiment&lt;/label&gt;"
- "              &lt;div&gt;"
- "                &lt;select id=\"testid-experiment-name\"&gt;&lt;option value=\"hd1\" selected&gt;hd1&lt;/option&gt;"
- "  &lt;option value=\"hd2\"&gt;hd2&lt;/option&gt;"
- "  &lt;option value=\"hd3\"&gt;hd3&lt;/option&gt;&lt;/select&gt;"
- "                &lt;script type=\"application/json\" data-for=\"testid-experiment-name\" data-nonempty=\"\"&gt;{\"plugins\":[\"selectize-plugin-a11y\"]}&lt;/script&gt;"
- "              &lt;/div&gt;"
- "            &lt;/div&gt;"
+ "    &lt;div class=\"col-md-3\"&gt;"
+ "      &lt;div class=\"well\"&gt;"
+ "        &lt;div&gt;"
+ "          &lt;div class=\"block mb-4 p-1\"&gt;"
+ "            &lt;label class=\"text-primary block -ml-1\"&gt;"
+ "              &lt;strong&gt;Reporter&lt;/strong&gt;"
+ "            &lt;/label&gt;"
+ "            &lt;div class=\"simple_reporter_container\"&gt;"
+ "              &lt;button id=\"testid-simple_reporter-add_report_card_simple-add_report_card_button\" type=\"button\" class=\"simple_report_button btn btn-primary action-button\" title=\"Add Card\"&gt;"
+ "                &lt;span&gt;"
+ "                  &lt;i class=\"fas fa-plus\" role=\"presentation\" aria-label=\"plus icon\"&gt;&lt;/i&gt;"
+ "                &lt;/span&gt;"
+ "              &lt;/button&gt;"
+ "              &lt;button id=\"testid-simple_reporter-download_button_simple-download_button\" type=\"button\" class=\"simple_report_button btn btn-primary action-button\" title=\"Download\"&gt;"
+ "                &lt;span&gt;"
+ "                  &lt;i class=\"fas fa-download\" role=\"presentation\" aria-label=\"download icon\"&gt;&lt;/i&gt;"
+ "                &lt;/span&gt;"
+ "              &lt;/button&gt;"
+ "              &lt;button id=\"testid-simple_reporter-reset_button_simple-reset_reporter\" type=\"button\" class=\"simple_report_button btn btn-warning action-button\" title=\"Reset\"&gt;"
+ "                &lt;span&gt;"
+ "                  &lt;i class=\"fas fa-xmark\" role=\"presentation\" aria-label=\"xmark icon\"&gt;&lt;/i&gt;"
+ "                &lt;/span&gt;"
+ "              &lt;/button&gt;"
+ "            &lt;/div&gt;"
+ "          &lt;/div&gt;"
+ "          &lt;label class=\"text-primary\"&gt;Encodings&lt;/label&gt;"
+ "          &lt;span class=\"help-block\"&gt;"
+ "            Analysis of MAE:"
+ "            &lt;code&gt;MyMAE&lt;/code&gt;"
+ "          &lt;/span&gt;"
+ "          &lt;div class=\"form-group shiny-input-container\"&gt;"
+ "            &lt;label class=\"control-label\" id=\"testid-experiment-name-label\" for=\"testid-experiment-name\"&gt;Select Experiment&lt;/label&gt;"
+ "            &lt;div&gt;"
+ "              &lt;select id=\"testid-experiment-name\"&gt;&lt;option value=\"hd1\" selected&gt;hd1&lt;/option&gt;"
+ "  &lt;option value=\"hd2\"&gt;hd2&lt;/option&gt;"
+ "  &lt;option value=\"hd3\"&gt;hd3&lt;/option&gt;&lt;/select&gt;"
+ "              &lt;script type=\"application/json\" data-for=\"testid-experiment-name\" data-nonempty=\"\"&gt;{\"plugins\":[\"selectize-plugin-a11y\"]}&lt;/script&gt;"
+ "            &lt;/div&gt;"
+ "          &lt;/div&gt;"
+ "          &lt;div class=\"form-group shiny-input-container\"&gt;"
+ "            &lt;label class=\"control-label\" id=\"testid-assay-name-label\" for=\"testid-assay-name\"&gt;Select Assay&lt;/label&gt;"
+ "            &lt;div&gt;"
+ "              &lt;select id=\"testid-assay-name\"&gt;&lt;option value=\"\" selected&gt;&lt;/option&gt;&lt;/select&gt;"
+ "              &lt;script type=\"application/json\" data-for=\"testid-assay-name\"&gt;{\"plugins\":[\"selectize-plugin-a11y\"]}&lt;/script&gt;"
+ "            &lt;/div&gt;"
+ "          &lt;/div&gt;"
+ "          &lt;div class=\"row\"&gt;"
+ "            &lt;div class=\"col-sm-8\"&gt;"
+ "              &lt;label class=\"control-label\"&gt;Select Gene(s)&lt;/label&gt;"
+ "            &lt;/div&gt;"
+ "            &lt;div class=\"col-sm-2\"&gt;"
+ "              &lt;button class=\"btn btn-default action-button pull-right list-genes\" id=\"testid-genes-select_none_button\" title=\"Select None\" type=\"button\"&gt;"
+ "                &lt;span&gt;"
+ "                  &lt;i aria-label=\"remove-circle icon\" class=\"glyphicon glyphicon-remove-circle\" role=\"presentation\"&gt;&lt;/i&gt;"
+ "                &lt;/span&gt;"
+ "              &lt;/button&gt;"
+ "              &lt;button class=\"btn btn-default action-button pull-right list-genes\" id=\"testid-genes-select_all_button\" title=\"Select All Genes (first 200)\" type=\"button\"&gt;"
+ "                &lt;span&gt;"
+ "                  &lt;i aria-label=\"ok-circle icon\" class=\"glyphicon glyphicon-ok-circle\" role=\"presentation\"&gt;&lt;/i&gt;"
+ "                &lt;/span&gt;"
+ "              &lt;/button&gt;"
+ "            &lt;/div&gt;"
+ "            &lt;div class=\"col-sm-2\"&gt;"
+ "              &lt;button class=\"btn btn-default action-button pull-right list-genes\" id=\"testid-genes-text_button\" title=\"Enter list of genes\" type=\"button\"&gt;"
+ "                &lt;span&gt;"
+ "                  &lt;i class=\"fas fa-font\" role=\"presentation\" aria-label=\"font icon\"&gt;&lt;/i&gt;"
+ "                &lt;/span&gt;"
+ "              &lt;/button&gt;"
+ "              &lt;div class=\"pull-right\" title=\"Lock gene selection (so that it does not get updated when filtering)\"&gt;"
+ "                &lt;div class=\"form-group shiny-input-container\"&gt;"
+ "                  &lt;div class=\"pretty p-toggle p-plain p-icon p-pulse\"&gt;"
+ "                    &lt;input id=\"testid-genes-lock_button\" type=\"checkbox\"/&gt;"
+ "                    &lt;div class=\"state p-on\"&gt;"
+ "                      &lt;i class=\"icon fas fa-lock\" role=\"presentation\" aria-label=\"lock icon\"&gt;&lt;/i&gt;"
+ "                      &lt;label&gt;"
+ "                        &lt;span&gt;&lt;/span&gt;"
+ "                      &lt;/label&gt;"
+ "                    &lt;/div&gt;"
+ "                    &lt;div class=\"state p-off\"&gt;"
+ "                      &lt;i class=\"icon fas fa-lock-open\" role=\"presentation\" aria-label=\"lock-open icon\"&gt;&lt;/i&gt;"
+ "                      &lt;label&gt;"
+ "                        &lt;span&gt;&lt;/span&gt;"
+ "                      &lt;/label&gt;"
+ "                    &lt;/div&gt;"
+ "                  &lt;/div&gt;"
+ "                &lt;/div&gt;"
+ "              &lt;/div&gt;"
+ "            &lt;/div&gt;"
+ "          &lt;/div&gt;"
+ "          &lt;div class=\"custom-select-input\"&gt;"
  "            &lt;div class=\"form-group shiny-input-container\"&gt;"
- "              &lt;label class=\"control-label\" id=\"testid-assay-name-label\" for=\"testid-assay-name\"&gt;Select Assay&lt;/label&gt;"
+ "              &lt;label class=\"control-label shiny-label-null\" for=\"testid-genes-genes\" id=\"testid-genes-genes-label\"&gt;&lt;/label&gt;"
  "              &lt;div&gt;"
- "                &lt;select id=\"testid-assay-name\"&gt;&lt;option value=\"\" selected&gt;&lt;/option&gt;&lt;/select&gt;"
+ "                &lt;select id=\"testid-genes-genes\" class=\"form-control\" multiple=\"multiple\"&gt;&lt;option value=\"\"&gt;&lt;/option&gt;&lt;/select&gt;"
- "                &lt;script type=\"application/json\" data-for=\"testid-assay-name\"&gt;{\"plugins\":[\"selectize-plugin-a11y\"]}&lt;/script&gt;"
+ "                &lt;script type=\"application/json\" data-for=\"testid-genes-genes\" data-eval=\"[&amp;quot;render&amp;quot;]\"&gt;{\"render\":\"{\\n          option: function(item, escape) {\\n              return '&lt;div&gt; &lt;span style=\\\"font-size: inherit;\\\"&gt;' + item.label + '&lt;\\/div&gt;' +\\n                ' &lt;span style=\\\"color: #808080; font-size: xx-small;\\\" &gt;' + item.value + '&lt;\\/div&gt; &lt;\\/div&gt;'\\n            }\\n          }\",\"searchField\":[\"value\",\"label\"],\"maxOptions\":200,\"maxItems\":200,\"plugins\":[\"selectize-plugin-a11y\"]}&lt;/script&gt;"
  "              &lt;/div&gt;"
  "            &lt;/div&gt;"
- "            &lt;div class=\"row\"&gt;"
- "              &lt;div class=\"col-sm-8\"&gt;"
- "                &lt;label class=\"control-label\"&gt;Select Gene(s)&lt;/label&gt;"
- "              &lt;/div&gt;"
- "              &lt;div class=\"col-sm-2\"&gt;"
- "                &lt;button class=\"btn btn-default action-button pull-right list-genes\" id=\"testid-genes-select_none_button\" title=\"Select None\" type=\"button\"&gt;"
- "                  &lt;span&gt;"
- "                    &lt;i aria-label=\"remove-circle icon\" class=\"glyphicon glyphicon-remove-circle\" role=\"presentation\"&gt;&lt;/i&gt;"
- "                  &lt;/span&gt;"
- "                &lt;/button&gt;"
- "                &lt;button class=\"btn btn-default action-button pull-right list-genes\" id=\"testid-genes-select_all_button\" title=\"Select All Genes (first 200)\" type=\"button\"&gt;"
- "                  &lt;span&gt;"
- "                    &lt;i aria-label=\"ok-circle icon\" class=\"glyphicon glyphicon-ok-circle\" role=\"presentation\"&gt;&lt;/i&gt;"
- "                  &lt;/span&gt;"
- "                &lt;/button&gt;"
- "              &lt;/div&gt;"
- "              &lt;div class=\"col-sm-2\"&gt;"
- "                &lt;button class=\"btn btn-default action-button pull-right list-genes\" id=\"testid-genes-text_button\" title=\"Enter list of genes\" type=\"button\"&gt;"
- "                  &lt;span&gt;"
- "                    &lt;i class=\"fas fa-font\" role=\"presentation\" aria-label=\"font icon\"&gt;&lt;/i&gt;"
- "                  &lt;/span&gt;"
- "                &lt;/button&gt;"
- "                &lt;div class=\"pull-right\" title=\"Lock gene selection (so that it does not get updated when filtering)\"&gt;"
- "                  &lt;div class=\"form-group shiny-input-container\"&gt;"
- "                    &lt;div class=\"pretty p-toggle p-plain p-icon p-pulse\"&gt;"
- "                      &lt;input id=\"testid-genes-lock_button\" type=\"checkbox\"/&gt;"
- "                      &lt;div class=\"state p-on\"&gt;"
- "                        &lt;i class=\"icon fas fa-lock\" role=\"presentation\" aria-label=\"lock icon\"&gt;&lt;/i&gt;"
- "                        &lt;label&gt;"
- "                          &lt;span&gt;&lt;/span&gt;"
- "                        &lt;/label&gt;"
- "                      &lt;/div&gt;"
- "                      &lt;div class=\"state p-off\"&gt;"
- "                        &lt;i class=\"icon fas fa-lock-open\" role=\"presentation\" aria-label=\"lock-open icon\"&gt;&lt;/i&gt;"
- "                        &lt;label&gt;"
- "                          &lt;span&gt;&lt;/span&gt;"
- "                        &lt;/label&gt;"
- "                      &lt;/div&gt;"
- "                    &lt;/div&gt;"
- "                  &lt;/div&gt;"
- "                &lt;/div&gt;"
- "              &lt;/div&gt;"
- "            &lt;/div&gt;"
- "            &lt;div class=\"custom-select-input\"&gt;"
- "              &lt;div class=\"form-group shiny-input-container\"&gt;"
- "                &lt;label class=\"control-label shiny-label-null\" for=\"testid-genes-genes\" id=\"testid-genes-genes-label\"&gt;&lt;/label&gt;"
- "                &lt;div&gt;"
- "                  &lt;select id=\"testid-genes-genes\" class=\"form-control\" multiple=\"multiple\"&gt;&lt;option value=\"\"&gt;&lt;/option&gt;&lt;/select&gt;"
- "                  &lt;script type=\"application/json\" data-for=\"testid-genes-genes\" data-eval=\"[&amp;quot;render&amp;quot;]\"&gt;{\"render\":\"{\\n          option: function(item, escape) {\\n              return '&lt;div&gt; &lt;span style=\\\"font-size: inherit;\\\"&gt;' + item.label + '&lt;\\/div&gt;' +\\n                ' &lt;span style=\\\"color: #808080; font-size: xx-small;\\\" &gt;' + item.value + '&lt;\\/div&gt; &lt;\\/div&gt;'\\n            }\\n          }\",\"searchField\":[\"value\",\"label\"],\"maxOptions\":200,\"maxItems\":200,\"plugins\":[\"selectize-plugin-a11y\"]}&lt;/script&gt;"
- "                &lt;/div&gt;"
- "              &lt;/div&gt;"
- "            &lt;/div&gt;"
- "            &lt;div data-display-if=\"input.genes &amp;amp;&amp;amp; input.genes.length &amp;gt; 1\" data-ns-prefix=\"testid-genes-\"&gt;"
- "              &lt;div class=\"form-group shiny-input-container\"&gt;"
- "                &lt;label class=\"control-label\" id=\"testid-genes-fun_name-label\" for=\"testid-genes-fun_name\"&gt;Select Gene Summary&lt;/label&gt;"
- "                &lt;div&gt;"
- "                  &lt;select id=\"testid-genes-fun_name\"&gt;&lt;option value=\"Mean\" selected&gt;Mean&lt;/option&gt;&lt;/select&gt;"
- "                  &lt;script type=\"application/json\" data-for=\"testid-genes-fun_name\" data-nonempty=\"\"&gt;{\"plugins\":[\"selectize-plugin-a11y\"]}&lt;/script&gt;"
- "                &lt;/div&gt;"
- "              &lt;/div&gt;"
- "            &lt;/div&gt;"
- "            &lt;span class=\"help-block\"&gt;"
- "              Analysis of ADTTE:"
- "              &lt;code&gt;ADTTE&lt;/code&gt;"
- "            &lt;/span&gt;"
- "            &lt;div class=\"form-group shiny-input-container\"&gt;"
- "              &lt;label class=\"control-label\" id=\"testid-adtte-paramcd-label\" for=\"testid-adtte-paramcd\"&gt;Select Endpoint&lt;/label&gt;"
- "              &lt;div&gt;"
- "                &lt;select id=\"testid-adtte-paramcd\"&gt;&lt;option value=\"\" selected&gt;&lt;/option&gt;&lt;/select&gt;"
- "                &lt;script type=\"application/json\" data-for=\"testid-adtte-paramcd\"&gt;{\"plugins\":[\"selectize-plugin-a11y\"]}&lt;/script&gt;"
- "              &lt;/div&gt;"
- "            &lt;/div&gt;"
- "            &lt;div class=\"panel-group\"&gt;"
- "              &lt;input id=\"settings_item\" type=\"checkbox\" value=\"TRUE\" class=\"shinyjs-hide\"/&gt;"
- "              &lt;div class=\"panel panel-default\"&gt;"
- "                &lt;div id=\"settings_item_div\" class=\"panel-heading collapsed\" data-toggle=\"collapse\" href=\"#settings_item_panel_body_2463\" aria-expanded=\"false\"&gt;"
- "                  &lt;i class=\"fa fa-angle-down dropdown-icon\" role=\"presentation\" aria-label=\"angle-down icon\"&gt;&lt;/i&gt;"
- "                  &lt;label class=\"panel-title inline\"&gt;Additional Settings&lt;/label&gt;"
- "                &lt;/div&gt;"
- "                &lt;div class=\"panel-collapse collapse \" id=\"settings_item_panel_body_2463\"&gt;"
- "                  &lt;div class=\"panel-body\"&gt;"
- "                    &lt;div class=\"row\"&gt;"
- "                      &lt;div class=\"col-sm-8\"&gt;"
- "                        &lt;label class=\"control-label\"&gt;Select Strata&lt;/label&gt;"
- "                      &lt;/div&gt;"
- "                      &lt;div class=\"col-sm-4\"&gt;"
- "                        &lt;button class=\"btn btn-default action-button pull-right list-genes\" id=\"testid-strata-levels_button\" title=\"Combine factor levels\" type=\"button\"&gt;"
- "                          &lt;span&gt;"
- "                            &lt;i class=\"fas fa-table\" role=\"presentation\" aria-label=\"table icon\"&gt;&lt;/i&gt;"
- "                          &lt;/span&gt;"
- "                        &lt;/button&gt;"
- "                      &lt;/div&gt;"
- "                    &lt;/div&gt;"
- "                    &lt;div class=\"custom-select-input\"&gt;"
+ "          &lt;/div&gt;"
+ "          &lt;div data-display-if=\"input.genes &amp;amp;&amp;amp; input.genes.length &amp;gt; 1\" data-ns-prefix=\"testid-genes-\"&gt;"
+ "            &lt;div class=\"form-group shiny-input-container\"&gt;"
+ "              &lt;label class=\"control-label\" id=\"testid-genes-fun_name-label\" for=\"testid-genes-fun_name\"&gt;Select Gene Summary&lt;/label&gt;"
+ "              &lt;div&gt;"
+ "                &lt;select id=\"testid-genes-fun_name\"&gt;&lt;option value=\"Mean\" selected&gt;Mean&lt;/option&gt;&lt;/select&gt;"
+ "                &lt;script type=\"application/json\" data-for=\"testid-genes-fun_name\" data-nonempty=\"\"&gt;{\"plugins\":[\"selectize-plugin-a11y\"]}&lt;/script&gt;"
+ "              &lt;/div&gt;"
+ "            &lt;/div&gt;"
+ "          &lt;/div&gt;"
+ "          &lt;span class=\"help-block\"&gt;"
+ "            Analysis of ADTTE:"
+ "            &lt;code&gt;ADTTE&lt;/code&gt;"
+ "          &lt;/span&gt;"
+ "          &lt;div class=\"form-group shiny-input-container\"&gt;"
+ "            &lt;label class=\"control-label\" id=\"testid-adtte-paramcd-label\" for=\"testid-adtte-paramcd\"&gt;Select Endpoint&lt;/label&gt;"
+ "            &lt;div&gt;"
+ "              &lt;select id=\"testid-adtte-paramcd\"&gt;&lt;option value=\"\" selected&gt;&lt;/option&gt;&lt;/select&gt;"
+ "              &lt;script type=\"application/json\" data-for=\"testid-adtte-paramcd\"&gt;{\"plugins\":[\"selectize-plugin-a11y\"]}&lt;/script&gt;"
+ "            &lt;/div&gt;"
+ "          &lt;/div&gt;"
+ "          &lt;div class=\"panel-group\"&gt;"
+ "            &lt;div&gt;"
+ "              &lt;div id=\"settings_item_div\" class=\"panel panel-default\"&gt;"
+ "                &lt;div class=\"panel-heading collapsed\" data-toggle=\"collapse\" href=\"#settings_item_panel_body_2463\" aria-expanded=\"false\"&gt;"
+ "                  &lt;i class=\"fas fa-angle-down dropdown-icon\" role=\"presentation\" aria-label=\"angle-down icon\"&gt;&lt;/i&gt;"
+ "                  &lt;label class=\"panel-title inline\"&gt;Additional Settings&lt;/label&gt;"
+ "                &lt;/div&gt;"
+ "                &lt;div class=\"panel-collapse collapse \" id=\"settings_item_panel_body_2463\"&gt;"
+ "                  &lt;div class=\"panel-body\"&gt;"
+ "                    &lt;div class=\"row\"&gt;"
+ "                      &lt;div class=\"col-sm-8\"&gt;"
+ "                        &lt;label class=\"control-label\"&gt;Select Strata&lt;/label&gt;"
+ "                      &lt;/div&gt;"
+ "                      &lt;div class=\"col-sm-4\"&gt;"
+ "                        &lt;button class=\"btn btn-default action-button pull-right list-genes\" id=\"testid-strata-levels_button\" title=\"Combine factor levels\" type=\"button\"&gt;"
+ "                          &lt;span&gt;"
+ "                            &lt;i class=\"fas fa-table\" role=\"presentation\" aria-label=\"table icon\"&gt;&lt;/i&gt;"
+ "                          &lt;/span&gt;"
+ "                        &lt;/button&gt;"
+ "                      &lt;/div&gt;"
+ "                    &lt;/div&gt;"
+ "                    &lt;div class=\"custom-select-input\"&gt;"
+ "                      &lt;div class=\"form-group shiny-input-container\"&gt;"
+ "                        &lt;label class=\"control-label shiny-label-null\" for=\"testid-strata-sample_var\"&gt;&lt;/label&gt;"
+ "                        &lt;select data-actions-box=\"false\" data-none-selected-text=\"- Nothing selected -\" data-max-options=\"1\" data-show-subtext=\"true\" data-live-search=\"false\" id=\"testid-strata-sample_var\" class=\"selectpicker form-control\" multiple=\"multiple\"&gt;&lt;option value=\"\"&gt;&lt;/option&gt;&lt;/select&gt;"
+ "                      &lt;/div&gt;"
+ "                    &lt;/div&gt;"
+ "                    &lt;div class=\"form-group shiny-input-container\"&gt;"
+ "                      &lt;label class=\"control-label\" id=\"testid-percentiles-label\" for=\"testid-percentiles\"&gt;Select quantiles to be displayed&lt;/label&gt;"
+ "                      &lt;input class=\"js-range-slider\" id=\"testid-percentiles\" data-skin=\"shiny\" data-type=\"double\" data-min=\"0\" data-max=\"1\" data-from=\"0\" data-to=\"0.5\" data-step=\"0.01\" data-grid=\"true\" data-grid-num=\"10\" data-grid-snap=\"false\" data-prettify-separator=\",\" data-prettify-enabled=\"true\" data-keyboard=\"true\" data-drag-interval=\"true\" data-data-type=\"number\"/&gt;"
+ "                    &lt;/div&gt;"
+ "                  &lt;/div&gt;"
+ "                &lt;/div&gt;"
+ "              &lt;/div&gt;"
+ "            &lt;/div&gt;"
+ "          &lt;/div&gt;"
+ "        &lt;/div&gt;"
+ "      &lt;/div&gt;"
+ "    &lt;/div&gt;"
+ "    &lt;div class=\"col-md-9\"&gt;"
+ "      &lt;div class=\"well\"&gt;"
+ "        &lt;div class=\"pre-output\"&gt;&lt;/div&gt;"
+ "        &lt;div class=\"output\"&gt;"
+ "          &lt;div id=\"testid-plot-plot-with-settings\"&gt;"
+ "            &lt;div class=\"plot-settings-buttons\"&gt;"
+ "              &lt;span class=\"dropdown btn-dropdown-input\" id=\"testid-plot-downbutton-downl_state\"&gt;"
+ "                &lt;button class=\"btn btn-default action-button dropdown-toggle \" type=\"button\" id=\"testid-plot-downbutton-downl\" data-toggle=\"dropdown\" data-bs-toggle=\"dropdown\" aria-haspopup=\"true\" aria-expanded=\"true\"&gt;"
+ "                  &lt;i class=\"fas fa-download\" role=\"presentation\" aria-label=\"download icon\"&gt;&lt;/i&gt;"
+ "                  "
+ "                  &lt;span class=\"caret\"&gt;&lt;/span&gt;"
+ "                &lt;/button&gt;"
+ "                &lt;ul aria-labelledby=\"testid-plot-downbutton-downl\" class=\"dropdown-menu dropdown-menu-right dropdown-shinyWidgets\" id=\"dropdown-menu-testid-plot-downbutton-downl\"&gt;"
+ "                  &lt;li style=\"margin-left: 10px; margin-right: 10px;\"&gt;"
+ "                    &lt;div&gt;"
+ "                      &lt;div id=\"testid-plot-downbutton-file_format\" class=\"form-group shiny-input-radiogroup shiny-input-container\" role=\"radiogroup\" aria-labelledby=\"testid-plot-downbutton-file_format-label\"&gt;"
+ "                        &lt;label class=\"control-label\" id=\"testid-plot-downbutton-file_format-label\" for=\"testid-plot-downbutton-file_format\"&gt;File type&lt;/label&gt;"
+ "                        &lt;div class=\"shiny-options-group\"&gt;"
+ "                          &lt;div class=\"radio\"&gt;"
+ "                            &lt;label&gt;"
+ "                              &lt;input type=\"radio\" name=\"testid-plot-downbutton-file_format\" value=\"png\" checked=\"checked\"/&gt;"
+ "                              &lt;span&gt;png&lt;/span&gt;"
+ "                            &lt;/label&gt;"
+ "                          &lt;/div&gt;"
+ "                          &lt;div class=\"radio\"&gt;"
+ "                            &lt;label&gt;"
+ "                              &lt;input type=\"radio\" name=\"testid-plot-downbutton-file_format\" value=\"pdf\"/&gt;"
+ "                              &lt;span&gt;pdf&lt;/span&gt;"
+ "                            &lt;/label&gt;"
+ "                          &lt;/div&gt;"
+ "                          &lt;div class=\"radio\"&gt;"
+ "                            &lt;label&gt;"
+ "                              &lt;input type=\"radio\" name=\"testid-plot-downbutton-file_format\" value=\"svg\"/&gt;"
+ "                              &lt;span&gt;svg&lt;/span&gt;"
+ "                            &lt;/label&gt;"
+ "                          &lt;/div&gt;"
+ "                        &lt;/div&gt;"
+ "                      &lt;/div&gt;"
  "                      &lt;div class=\"form-group shiny-input-container\"&gt;"
- "                        &lt;label class=\"control-label shiny-label-null\" for=\"testid-strata-sample_var\"&gt;&lt;/label&gt;"
+ "                        &lt;label class=\"control-label\" id=\"testid-plot-downbutton-file_name-label\" for=\"testid-plot-downbutton-file_name\"&gt;File name (without extension)&lt;/label&gt;"
- "                        &lt;select data-actions-box=\"false\" data-none-selected-text=\"- Nothing selected -\" data-max-options=\"1\" data-show-subtext=\"true\" data-live-search=\"false\" id=\"testid-strata-sample_var\" class=\"selectpicker form-control\" multiple=\"multiple\"&gt;&lt;option value=\"\"&gt;&lt;/option&gt;&lt;/select&gt;"
+ "                        &lt;input id=\"testid-plot-downbutton-file_name\" type=\"text\" class=\"form-control\" value=\"plot_20230222_140431\"/&gt;"
  "                      &lt;/div&gt;"
- "                    &lt;/div&gt;"
- "                    &lt;div class=\"form-group shiny-input-container\"&gt;"
- "                      &lt;label class=\"control-label\" id=\"testid-percentiles-label\" for=\"testid-percentiles\"&gt;Select quantiles to be displayed&lt;/label&gt;"
- "                      &lt;input class=\"js-range-slider\" id=\"testid-percentiles\" data-skin=\"shiny\" data-type=\"double\" data-min=\"0\" data-max=\"1\" data-from=\"0\" data-to=\"0.5\" data-step=\"0.01\" data-grid=\"true\" data-grid-num=\"10\" data-grid-snap=\"false\" data-prettify-separator=\",\" data-prettify-enabled=\"true\" data-keyboard=\"true\" data-drag-interval=\"true\" data-data-type=\"number\"/&gt;"
+ "                      &lt;div data-display-if=\"input[&amp;#39;testid-plot-downbutton-file_name&amp;#39;] != &amp;#39;&amp;#39;\" data-ns-prefix=\"\"&gt;"
+ "                        &lt;a id=\"testid-plot-downbutton-data_download\" class=\"btn btn-default shiny-download-link btn-sm w-full\" href=\"\" target=\"_blank\" download&gt;"
+ "                          &lt;i class=\"fas fa-download\" role=\"presentation\" aria-label=\"download icon\"&gt;&lt;/i&gt;"
+ "                        &lt;/a&gt;"
+ "                      &lt;/div&gt;"
  "                    &lt;/div&gt;"
- "                  &lt;/div&gt;"
- "                &lt;/div&gt;"
- "              &lt;/div&gt;"
+ "                  &lt;/li&gt;"
+ "                &lt;/ul&gt;"
+ "                "
+ "              &lt;/span&gt;"
+ "              &lt;button class=\"btn btn-default action-button btn-sm\" id=\"testid-plot-expand\" type=\"button\"&gt;"
+ "                &lt;i class=\"fas fa-up-right-and-down-left-from-center\" role=\"presentation\" aria-label=\"up-right-and-down-left-from-center icon\"&gt;&lt;/i&gt;"
+ "              &lt;/button&gt;"
+ "              &lt;span class=\"dropdown btn-dropdown-input\" id=\"testid-plot-expbut_state\"&gt;"
+ "                &lt;button class=\"btn btn-default action-button dropdown-toggle \" type=\"button\" id=\"testid-plot-expbut\" data-toggle=\"dropdown\" data-bs-toggle=\"dropdown\" aria-haspopup=\"true\" aria-expanded=\"true\"&gt;"
+ "                  &lt;i class=\"fas fa-maximize\" role=\"presentation\" aria-label=\"maximize icon\"&gt;&lt;/i&gt;"
+ "                  "
+ "                  &lt;span class=\"caret\"&gt;&lt;/span&gt;"
+ "                &lt;/button&gt;"
+ "                &lt;ul aria-labelledby=\"testid-plot-expbut\" class=\"dropdown-menu dropdown-menu-right dropdown-shinyWidgets\" id=\"dropdown-menu-testid-plot-expbut\"&gt;"
+ "                  &lt;li style=\"margin-left: 10px; margin-right: 10px;\"&gt;"
+ "                    &lt;div id=\"testid-plot-slider_ui\" class=\"shiny-html-output\"&gt;&lt;/div&gt;"
+ "                  &lt;/li&gt;"
+ "                  &lt;li style=\"margin-left: 10px; margin-right: 10px;\"&gt;"
+ "                    &lt;div id=\"testid-plot-width_warning\" class=\"shiny-html-output\"&gt;&lt;/div&gt;"
+ "                  &lt;/li&gt;"
+ "                &lt;/ul&gt;"
+ "                "
+ "              &lt;/span&gt;"
  "            &lt;/div&gt;"
- "          &lt;/div&gt;"
- "        &lt;/div&gt;"
- "      &lt;/div&gt;"
- "      &lt;div class=\"col-md-9\"&gt;"
- "        &lt;div class=\"well\"&gt;"
- "          &lt;div class=\"pre-output\"&gt;&lt;/div&gt;"
- "          &lt;div class=\"output\"&gt;"
- "            &lt;div id=\"testid-km_plot\" class=\"shiny-plot-output\" style=\"width:100%;height:400px;\"&gt;&lt;/div&gt;"
+ "            &lt;div class=\"shiny-html-output plot_out_container\" id=\"testid-plot-plot_out_main\" width=\"100%\"&gt;&lt;/div&gt;"
  "          &lt;/div&gt;"
- "          &lt;div class=\"post-output\"&gt;&lt;/div&gt;"
  "        &lt;/div&gt;"
+ "        &lt;div class=\"post-output\"&gt;&lt;/div&gt;"
  "      &lt;/div&gt;"
  "    &lt;/div&gt;"
  "  &lt;/div&gt;"

* Run `testthat::snapshot_accept('km')` to accept the change.
* Run `testthat::snapshot_review('km')` to interactively review the change.</failure>
    </testcase>
    <testcase time="0.0120000000000005" classname="km" name="km_module_works_as_expected_in_the_test_app">
      <skipped message="Reason: testing depth 3 is below current testing specification 5 ('test-km.R:26')"/>
    </testcase>
  </testsuite>
  <testsuite name="pca" timestamp="2023-02-22T14:04:32Z" hostname="7e248610d815" tests="2" skipped="1" failures="0" errors="0" time="0.073">
    <testcase time="0.0689999999999991" classname="pca" name="ui_g_pca_creates_HTML"/>
    <testcase time="0.00400000000000134" classname="pca" name="pca_module_works_as_expected_in_the_test_app">
      <skipped message="Reason: testing depth 3 is below current testing specification 5 ('test-pca.R:22')"/>
    </testcase>
  </testsuite>
  <testsuite name="quality" timestamp="2023-02-22T14:04:32Z" hostname="7e248610d815" tests="2" skipped="1" failures="1" errors="0" time="0.276">
    <testcase time="0.263999999999999" classname="quality" name="ui_g_quality_creates_expected_HTML">
      <failure type="failure" message="Snapshot of code has changed: ('test-quality.R:7')">Snapshot of code has changed:
old[3:131] vs new[3:198]
  "    post_output = NULL)"
  "Output"
  "  &lt;div class=\"row\"&gt;"
- "    &lt;div&gt;"
- "      &lt;div class=\"col-md-3\"&gt;"
- "        &lt;div class=\"well\"&gt;"
- "          &lt;div&gt;"
- "            &lt;div class=\"block mb-4 p-1\"&gt;"
- "              &lt;label class=\"text-primary block -ml-1\"&gt;"
- "                &lt;strong&gt;Reporter&lt;/strong&gt;"
- "              &lt;/label&gt;"
- "              &lt;div class=\"simple_reporter_container\"&gt;"
- "                &lt;button id=\"testid-simple_reporter-add_report_card_simple-add_report_card_button\" type=\"button\" class=\"simple_report_button btn btn-primary action-button\" title=\"Add Card\"&gt;"
- "                  &lt;span&gt;"
- "                    &lt;i class=\"fa fa-plus\" role=\"presentation\" aria-label=\"plus icon\"&gt;&lt;/i&gt;"
- "                  &lt;/span&gt;"
- "                &lt;/button&gt;"
- "                &lt;button id=\"testid-simple_reporter-download_button_simple-download_button\" type=\"button\" class=\"simple_report_button btn btn-primary action-button\" title=\"Downlaod\"&gt;"
- "                  &lt;span&gt;"
- "                    &lt;i class=\"fa fa-download\" role=\"presentation\" aria-label=\"download icon\"&gt;&lt;/i&gt;"
- "                  &lt;/span&gt;"
- "                &lt;/button&gt;"
- "                &lt;button id=\"testid-simple_reporter-reset_button_simple-reset_reporter\" type=\"button\" class=\"simple_report_button btn btn-warning action-button\" title=\"Reset\"&gt;"
- "                  &lt;span&gt;"
- "                    &lt;i class=\"fa fa-xmark\" role=\"presentation\" aria-label=\"xmark icon\"&gt;&lt;/i&gt;"
- "                  &lt;/span&gt;"
- "                &lt;/button&gt;"
- "              &lt;/div&gt;"
- "            &lt;/div&gt;"
- "            &lt;label class=\"text-primary\"&gt;Encodings&lt;/label&gt;"
- "            &lt;span class=\"help-block\"&gt;"
- "              Analysis of MAE:"
- "              &lt;code&gt;MyMAE&lt;/code&gt;"
- "            &lt;/span&gt;"
- "            &lt;div class=\"form-group shiny-input-container\"&gt;"
- "              &lt;label class=\"control-label\" id=\"testid-experiment-name-label\" for=\"testid-experiment-name\"&gt;Select Experiment&lt;/label&gt;"
- "              &lt;div&gt;"
- "                &lt;select id=\"testid-experiment-name\"&gt;&lt;option value=\"hd1\" selected&gt;hd1&lt;/option&gt;"
- "  &lt;option value=\"hd2\"&gt;hd2&lt;/option&gt;"
- "  &lt;option value=\"hd3\"&gt;hd3&lt;/option&gt;&lt;/select&gt;"
- "                &lt;script type=\"application/json\" data-for=\"testid-experiment-name\" data-nonempty=\"\"&gt;{\"plugins\":[\"selectize-plugin-a11y\"]}&lt;/script&gt;"
- "              &lt;/div&gt;"
- "            &lt;/div&gt;"
- "            &lt;div class=\"form-group shiny-input-container\"&gt;"
- "              &lt;label class=\"control-label\" id=\"testid-plot_type-label\" for=\"testid-plot_type\"&gt;Plot Type&lt;/label&gt;"
- "              &lt;div&gt;"
- "                &lt;select id=\"testid-plot_type\"&gt;&lt;option value=\"Histogram\" selected&gt;Histogram&lt;/option&gt;"
- "  &lt;option value=\"Q-Q Plot\"&gt;Q-Q Plot&lt;/option&gt;"
- "  &lt;option value=\"Density\"&gt;Density&lt;/option&gt;"
- "  &lt;option value=\"Boxplot\"&gt;Boxplot&lt;/option&gt;"
- "  &lt;option value=\"Top Genes Plot\"&gt;Top Genes Plot&lt;/option&gt;"
- "  &lt;option value=\"Correlation Heatmap\"&gt;Correlation Heatmap&lt;/option&gt;&lt;/select&gt;"
- "                &lt;script type=\"application/json\" data-for=\"testid-plot_type\" data-nonempty=\"\"&gt;{\"plugins\":[\"selectize-plugin-a11y\"]}&lt;/script&gt;"
- "              &lt;/div&gt;"
+ "    &lt;div class=\"col-md-3\"&gt;"
+ "      &lt;div class=\"well\"&gt;"
+ "        &lt;div&gt;"
+ "          &lt;div class=\"block mb-4 p-1\"&gt;"
+ "            &lt;label class=\"text-primary block -ml-1\"&gt;"
+ "              &lt;strong&gt;Reporter&lt;/strong&gt;"
+ "            &lt;/label&gt;"
+ "            &lt;div class=\"simple_reporter_container\"&gt;"
+ "              &lt;button id=\"testid-simple_reporter-add_report_card_simple-add_report_card_button\" type=\"button\" class=\"simple_report_button btn btn-primary action-button\" title=\"Add Card\"&gt;"
+ "                &lt;span&gt;"
+ "                  &lt;i class=\"fas fa-plus\" role=\"presentation\" aria-label=\"plus icon\"&gt;&lt;/i&gt;"
+ "                &lt;/span&gt;"
+ "              &lt;/button&gt;"
+ "              &lt;button id=\"testid-simple_reporter-download_button_simple-download_button\" type=\"button\" class=\"simple_report_button btn btn-primary action-button\" title=\"Download\"&gt;"
+ "                &lt;span&gt;"
+ "                  &lt;i class=\"fas fa-download\" role=\"presentation\" aria-label=\"download icon\"&gt;&lt;/i&gt;"
+ "                &lt;/span&gt;"
+ "              &lt;/button&gt;"
+ "              &lt;button id=\"testid-simple_reporter-reset_button_simple-reset_reporter\" type=\"button\" class=\"simple_report_button btn btn-warning action-button\" title=\"Reset\"&gt;"
+ "                &lt;span&gt;"
+ "                  &lt;i class=\"fas fa-xmark\" role=\"presentation\" aria-label=\"xmark icon\"&gt;&lt;/i&gt;"
+ "                &lt;/span&gt;"
+ "              &lt;/button&gt;"
+ "            &lt;/div&gt;"
+ "          &lt;/div&gt;"
+ "          &lt;label class=\"text-primary\"&gt;Encodings&lt;/label&gt;"
+ "          &lt;span class=\"help-block\"&gt;"
+ "            Analysis of MAE:"
+ "            &lt;code&gt;MyMAE&lt;/code&gt;"
+ "          &lt;/span&gt;"
+ "          &lt;div class=\"form-group shiny-input-container\"&gt;"
+ "            &lt;label class=\"control-label\" id=\"testid-experiment-name-label\" for=\"testid-experiment-name\"&gt;Select Experiment&lt;/label&gt;"
+ "            &lt;div&gt;"
+ "              &lt;select id=\"testid-experiment-name\"&gt;&lt;option value=\"hd1\" selected&gt;hd1&lt;/option&gt;"
+ "  &lt;option value=\"hd2\"&gt;hd2&lt;/option&gt;"
+ "  &lt;option value=\"hd3\"&gt;hd3&lt;/option&gt;&lt;/select&gt;"
+ "              &lt;script type=\"application/json\" data-for=\"testid-experiment-name\" data-nonempty=\"\"&gt;{\"plugins\":[\"selectize-plugin-a11y\"]}&lt;/script&gt;"
+ "            &lt;/div&gt;"
+ "          &lt;/div&gt;"
+ "          &lt;div class=\"form-group shiny-input-container\"&gt;"
+ "            &lt;label class=\"control-label\" id=\"testid-plot_type-label\" for=\"testid-plot_type\"&gt;Plot Type&lt;/label&gt;"
+ "            &lt;div&gt;"
+ "              &lt;select id=\"testid-plot_type\"&gt;&lt;option value=\"Histogram\" selected&gt;Histogram&lt;/option&gt;"
+ "  &lt;option value=\"Q-Q Plot\"&gt;Q-Q Plot&lt;/option&gt;"
+ "  &lt;option value=\"Density\"&gt;Density&lt;/option&gt;"
+ "  &lt;option value=\"Boxplot\"&gt;Boxplot&lt;/option&gt;"
+ "  &lt;option value=\"Top Genes Plot\"&gt;Top Genes Plot&lt;/option&gt;"
+ "  &lt;option value=\"Correlation Heatmap\"&gt;Correlation Heatmap&lt;/option&gt;&lt;/select&gt;"
+ "              &lt;script type=\"application/json\" data-for=\"testid-plot_type\" data-nonempty=\"\"&gt;{\"plugins\":[\"selectize-plugin-a11y\"]}&lt;/script&gt;"
+ "            &lt;/div&gt;"
+ "          &lt;/div&gt;"
+ "          &lt;div data-display-if=\"input.plot_type == &amp;#39;Top Genes Plot&amp;#39; || input.plot_type == &amp;#39;Correlation Heatmap&amp;#39;\" data-ns-prefix=\"testid-\"&gt;"
+ "            &lt;div class=\"form-group shiny-input-container\"&gt;"
+ "              &lt;label class=\"control-label\" id=\"testid-assay-name-label\" for=\"testid-assay-name\"&gt;Select Assay&lt;/label&gt;"
+ "              &lt;div&gt;"
+ "                &lt;select id=\"testid-assay-name\"&gt;&lt;option value=\"\" selected&gt;&lt;/option&gt;&lt;/select&gt;"
+ "                &lt;script type=\"application/json\" data-for=\"testid-assay-name\"&gt;{\"plugins\":[\"selectize-plugin-a11y\"]}&lt;/script&gt;"
+ "              &lt;/div&gt;"
+ "            &lt;/div&gt;"
+ "          &lt;/div&gt;"
+ "          &lt;label class=\"text-primary\"&gt;Gene Filter Settings&lt;/label&gt;"
+ "          &lt;div class=\"form-group shiny-input-container\"&gt;"
+ "            &lt;input id=\"testid-filter_gene\" type=\"checkbox\" class=\"sw-switchInput\" data-input-id=\"testid-filter_gene\" data-on-text=\"ON\" data-off-text=\"OFF\" data-label-width=\"auto\" data-handle-width=\"auto\" data-size=\"mini\" checked=\"checked\"/&gt;"
+ "          &lt;/div&gt;"
+ "          &lt;div data-display-if=\"input.filter_gene\" data-ns-prefix=\"testid-\"&gt;"
+ "            &lt;div class=\"form-group shiny-input-container\"&gt;"
+ "              &lt;label class=\"control-label\" id=\"testid-min_cpm-label\" for=\"testid-min_cpm\"&gt;Minimum CPM&lt;/label&gt;"
+ "              &lt;input class=\"js-range-slider\" id=\"testid-min_cpm\" data-skin=\"shiny\" data-min=\"1\" data-max=\"10\" data-from=\"5\" data-step=\"1\" data-grid=\"true\" data-grid-num=\"9\" data-grid-snap=\"false\" data-prettify-separator=\",\" data-prettify-enabled=\"true\" data-keyboard=\"true\" data-data-type=\"number\"/&gt;"
+ "            &lt;/div&gt;"
+ "            &lt;div class=\"form-group shiny-input-container\"&gt;"
+ "              &lt;label class=\"control-label\" id=\"testid-min_cpm_prop-label\" for=\"testid-min_cpm_prop\"&gt;Minimum CPM Proportion&lt;/label&gt;"
+ "              &lt;input class=\"js-range-slider\" id=\"testid-min_cpm_prop\" data-skin=\"shiny\" data-min=\"0.01\" data-max=\"0.99\" data-from=\"0.25\" data-step=\"0.01\" data-grid=\"true\" data-grid-num=\"9.8\" data-grid-snap=\"false\" data-prettify-separator=\",\" data-prettify-enabled=\"true\" data-keyboard=\"true\" data-data-type=\"number\"/&gt;"
+ "            &lt;/div&gt;"
+ "            &lt;div class=\"form-group shiny-input-container\"&gt;"
+ "              &lt;label class=\"control-label\" for=\"testid-annotate\"&gt;Required Annotations&lt;/label&gt;"
+ "              &lt;select data-actions-box=\"true\" data-none-selected-text=\"- Nothing selected -\" data-max-options=\"Inf\" data-show-subtext=\"true\" data-live-search=\"false\" id=\"testid-annotate\" class=\"selectpicker form-control\" multiple=\"multiple\"&gt;&lt;option value=\"\" selected&gt;&lt;/option&gt;&lt;/select&gt;"
+ "            &lt;/div&gt;"
+ "          &lt;/div&gt;"
+ "          &lt;label class=\"text-primary\"&gt;Sample Filter Settings&lt;/label&gt;"
+ "          &lt;div class=\"form-group shiny-input-container\"&gt;"
+ "            &lt;input id=\"testid-filter_sample\" type=\"checkbox\" class=\"sw-switchInput\" data-input-id=\"testid-filter_sample\" data-on-text=\"ON\" data-off-text=\"OFF\" data-label-width=\"auto\" data-handle-width=\"auto\" data-size=\"mini\" checked=\"checked\"/&gt;"
+ "          &lt;/div&gt;"
+ "          &lt;div data-display-if=\"input.filter_sample\" data-ns-prefix=\"testid-\"&gt;"
+ "            &lt;div class=\"form-group shiny-input-container\"&gt;"
+ "              &lt;label class=\"control-label\" id=\"testid-min_corr-label\" for=\"testid-min_corr\"&gt;Minimum Correlation&lt;/label&gt;"
+ "              &lt;input class=\"js-range-slider\" id=\"testid-min_corr\" data-skin=\"shiny\" data-min=\"0.01\" data-max=\"0.99\" data-from=\"0.5\" data-step=\"0.01\" data-grid=\"true\" data-grid-num=\"9.8\" data-grid-snap=\"false\" data-prettify-separator=\",\" data-prettify-enabled=\"true\" data-keyboard=\"true\" data-data-type=\"number\"/&gt;"
  "            &lt;/div&gt;"
- "            &lt;div data-display-if=\"input.plot_type == &amp;#39;Top Genes Plot&amp;#39; || input.plot_type == &amp;#39;Correlation Heatmap&amp;#39;\" data-ns-prefix=\"testid-\"&gt;"
+ "            &lt;div id=\"testid-min_depth\" class=\"form-group shiny-input-radiogroup shiny-input-container\" role=\"radiogroup\" aria-labelledby=\"testid-min_depth-label\"&gt;"
- "              &lt;div class=\"form-group shiny-input-container\"&gt;"
+ "              &lt;label class=\"control-label\" id=\"testid-min_depth-label\" for=\"testid-min_depth\"&gt;Minimum Depth&lt;/label&gt;"
- "                &lt;label class=\"control-label\" id=\"testid-assay-name-label\" for=\"testid-assay-name\"&gt;Select Assay&lt;/label&gt;"
+ "              &lt;div class=\"shiny-options-group\"&gt;"
- "                &lt;div&gt;"
+ "                &lt;div class=\"radio\"&gt;"
- "                  &lt;select id=\"testid-assay-name\"&gt;&lt;option value=\"\" selected&gt;&lt;/option&gt;&lt;/select&gt;"
+ "                  &lt;label&gt;"
- "                  &lt;script type=\"application/json\" data-for=\"testid-assay-name\"&gt;{\"plugins\":[\"selectize-plugin-a11y\"]}&lt;/script&gt;"
+ "                    &lt;input type=\"radio\" name=\"testid-min_depth\" value=\"Default\" checked=\"checked\"/&gt;"
- "                &lt;/div&gt;"
+ "                    &lt;span&gt;Default&lt;/span&gt;"
- "              &lt;/div&gt;"
+ "                  &lt;/label&gt;"
- "            &lt;/div&gt;"
+ "                &lt;/div&gt;"
- "            &lt;label class=\"text-primary\"&gt;Gene Filter Settings&lt;/label&gt;"
+ "                &lt;div class=\"radio\"&gt;"
- "            &lt;div class=\"form-group shiny-input-container\"&gt;"
+ "                  &lt;label&gt;"
- "              &lt;input id=\"testid-filter_gene\" type=\"checkbox\" class=\"sw-switchInput\" data-input-id=\"testid-filter_gene\" data-on-text=\"ON\" data-off-text=\"OFF\" data-label-width=\"auto\" data-handle-width=\"auto\" data-size=\"mini\" checked=\"checked\"/&gt;"
+ "                    &lt;input type=\"radio\" name=\"testid-min_depth\" value=\"Specify\"/&gt;"
- "            &lt;/div&gt;"
+ "                    &lt;span&gt;Specify&lt;/span&gt;"
- "            &lt;div data-display-if=\"input.filter_gene\" data-ns-prefix=\"testid-\"&gt;"
+ "                  &lt;/label&gt;"
- "              &lt;div class=\"form-group shiny-input-container\"&gt;"
+ "                &lt;/div&gt;"
- "                &lt;label class=\"control-label\" id=\"testid-min_cpm-label\" for=\"testid-min_cpm\"&gt;Minimum CPM&lt;/label&gt;"
+ "              &lt;/div&gt;"
- "                &lt;input class=\"js-range-slider\" id=\"testid-min_cpm\" data-skin=\"shiny\" data-min=\"1\" data-max=\"10\" data-from=\"5\" data-step=\"1\" data-grid=\"true\" data-grid-num=\"9\" data-grid-snap=\"false\" data-prettify-separator=\",\" data-prettify-enabled=\"true\" data-keyboard=\"true\" data-data-type=\"number\"/&gt;"
+ "            &lt;/div&gt;"
- "              &lt;/div&gt;"
+ "            &lt;div data-display-if=\"input.min_depth == &amp;#39;Specify&amp;#39;\" data-ns-prefix=\"testid-\"&gt;"
  "              &lt;div class=\"form-group shiny-input-container\"&gt;"
- "                &lt;label class=\"control-label\" id=\"testid-min_cpm_prop-label\" for=\"testid-min_cpm_prop\"&gt;Minimum CPM Proportion&lt;/label&gt;"
+ "                &lt;label class=\"control-label shiny-label-null\" for=\"testid-min_depth_continuous\" id=\"testid-min_depth_continuous-label\"&gt;&lt;/label&gt;"
- "                &lt;input class=\"js-range-slider\" id=\"testid-min_cpm_prop\" data-skin=\"shiny\" data-min=\"0.01\" data-max=\"0.99\" data-from=\"0.25\" data-step=\"0.01\" data-grid=\"true\" data-grid-num=\"9.8\" data-grid-snap=\"false\" data-prettify-separator=\",\" data-prettify-enabled=\"true\" data-keyboard=\"true\" data-data-type=\"number\"/&gt;"
+ "                &lt;input class=\"js-range-slider\" id=\"testid-min_depth_continuous\" data-skin=\"shiny\" data-min=\"1\" data-max=\"10\" data-from=\"1\" data-step=\"1\" data-grid=\"true\" data-grid-num=\"9\" data-grid-snap=\"false\" data-prettify-separator=\",\" data-prettify-enabled=\"true\" data-keyboard=\"true\" data-data-type=\"number\"/&gt;"
  "              &lt;/div&gt;"
- "              &lt;div class=\"form-group shiny-input-container\"&gt;"
- "                &lt;label class=\"control-label\" for=\"testid-annotate\"&gt;Required Annotations&lt;/label&gt;"
- "                &lt;select data-actions-box=\"true\" data-none-selected-text=\"- Nothing selected -\" data-max-options=\"Inf\" data-show-subtext=\"true\" data-live-search=\"false\" id=\"testid-annotate\" class=\"selectpicker form-control\" multiple=\"multiple\"&gt;&lt;option value=\"\" selected&gt;&lt;/option&gt;&lt;/select&gt;"
- "              &lt;/div&gt;"
- "            &lt;/div&gt;"
- "            &lt;label class=\"text-primary\"&gt;Sample Filter Settings&lt;/label&gt;"
- "            &lt;div class=\"form-group shiny-input-container\"&gt;"
- "              &lt;input id=\"testid-filter_sample\" type=\"checkbox\" class=\"sw-switchInput\" data-input-id=\"testid-filter_sample\" data-on-text=\"ON\" data-off-text=\"OFF\" data-label-width=\"auto\" data-handle-width=\"auto\" data-size=\"mini\" checked=\"checked\"/&gt;"
- "            &lt;/div&gt;"
- "            &lt;div data-display-if=\"input.filter_sample\" data-ns-prefix=\"testid-\"&gt;"
- "              &lt;div class=\"form-group shiny-input-container\"&gt;"
- "                &lt;label class=\"control-label\" id=\"testid-min_corr-label\" for=\"testid-min_corr\"&gt;Minimum Correlation&lt;/label&gt;"
- "                &lt;input class=\"js-range-slider\" id=\"testid-min_corr\" data-skin=\"shiny\" data-min=\"0.01\" data-max=\"0.99\" data-from=\"0.5\" data-step=\"0.01\" data-grid=\"true\" data-grid-num=\"9.8\" data-grid-snap=\"false\" data-prettify-separator=\",\" data-prettify-enabled=\"true\" data-keyboard=\"true\" data-data-type=\"number\"/&gt;"
- "              &lt;/div&gt;"
- "              &lt;div id=\"testid-min_depth\" class=\"form-group shiny-input-radiogroup shiny-input-container\" role=\"radiogroup\" aria-labelledby=\"testid-min_depth-label\"&gt;"
- "                &lt;label class=\"control-label\" id=\"testid-min_depth-label\" for=\"testid-min_depth\"&gt;Minimum Depth&lt;/label&gt;"
- "                &lt;div class=\"shiny-options-group\"&gt;"
- "                  &lt;div class=\"radio\"&gt;"
- "                    &lt;label&gt;"
- "                      &lt;input type=\"radio\" name=\"testid-min_depth\" value=\"Default\" checked=\"checked\"/&gt;"
- "                      &lt;span&gt;Default&lt;/span&gt;"
- "                    &lt;/label&gt;"
- "                  &lt;/div&gt;"
- "                  &lt;div class=\"radio\"&gt;"
- "                    &lt;label&gt;"
- "                      &lt;input type=\"radio\" name=\"testid-min_depth\" value=\"Specify\"/&gt;"
- "                      &lt;span&gt;Specify&lt;/span&gt;"
- "                    &lt;/label&gt;"
- "                  &lt;/div&gt;"
- "                &lt;/div&gt;"
- "              &lt;/div&gt;"
- "              &lt;div data-display-if=\"input.min_depth == &amp;#39;Specify&amp;#39;\" data-ns-prefix=\"testid-\"&gt;"
- "                &lt;div class=\"form-group shiny-input-container\"&gt;"
- "                  &lt;label class=\"control-label shiny-label-null\" for=\"testid-min_depth_continuous\" id=\"testid-min_depth_continuous-label\"&gt;&lt;/label&gt;"
- "                  &lt;input class=\"js-range-slider\" id=\"testid-min_depth_continuous\" data-skin=\"shiny\" data-min=\"1\" data-max=\"10\" data-from=\"1\" data-step=\"1\" data-grid=\"true\" data-grid-num=\"9\" data-grid-snap=\"false\" data-prettify-separator=\",\" data-prettify-enabled=\"true\" data-keyboard=\"true\" data-data-type=\"number\"/&gt;"
- "                &lt;/div&gt;"
- "              &lt;/div&gt;"
+ "            &lt;/div&gt;"
+ "          &lt;/div&gt;"
+ "        &lt;/div&gt;"
+ "      &lt;/div&gt;"
+ "    &lt;/div&gt;"
+ "    &lt;div class=\"col-md-9\"&gt;"
+ "      &lt;div class=\"well\"&gt;"
+ "        &lt;div class=\"pre-output\"&gt;&lt;/div&gt;"
+ "        &lt;div class=\"output\"&gt;"
+ "          &lt;div id=\"testid-plot-plot-with-settings\"&gt;"
+ "            &lt;div class=\"plot-settings-buttons\"&gt;"
+ "              &lt;span class=\"dropdown btn-dropdown-input\" id=\"testid-plot-downbutton-downl_state\"&gt;"
+ "                &lt;button class=\"btn btn-default action-button dropdown-toggle \" type=\"button\" id=\"testid-plot-downbutton-downl\" data-toggle=\"dropdown\" data-bs-toggle=\"dropdown\" aria-haspopup=\"true\" aria-expanded=\"true\"&gt;"
+ "                  &lt;i class=\"fas fa-download\" role=\"presentation\" aria-label=\"download icon\"&gt;&lt;/i&gt;"
+ "                  "
+ "                  &lt;span class=\"caret\"&gt;&lt;/span&gt;"
+ "                &lt;/button&gt;"
+ "                &lt;ul aria-labelledby=\"testid-plot-downbutton-downl\" class=\"dropdown-menu dropdown-menu-right dropdown-shinyWidgets\" id=\"dropdown-menu-testid-plot-downbutton-downl\"&gt;"
+ "                  &lt;li style=\"margin-left: 10px; margin-right: 10px;\"&gt;"
+ "                    &lt;div&gt;"
+ "                      &lt;div id=\"testid-plot-downbutton-file_format\" class=\"form-group shiny-input-radiogroup shiny-input-container\" role=\"radiogroup\" aria-labelledby=\"testid-plot-downbutton-file_format-label\"&gt;"
+ "                        &lt;label class=\"control-label\" id=\"testid-plot-downbutton-file_format-label\" for=\"testid-plot-downbutton-file_format\"&gt;File type&lt;/label&gt;"
+ "                        &lt;div class=\"shiny-options-group\"&gt;"
+ "                          &lt;div class=\"radio\"&gt;"
+ "                            &lt;label&gt;"
+ "                              &lt;input type=\"radio\" name=\"testid-plot-downbutton-file_format\" value=\"png\" checked=\"checked\"/&gt;"
+ "                              &lt;span&gt;png&lt;/span&gt;"
+ "                            &lt;/label&gt;"
+ "                          &lt;/div&gt;"
+ "                          &lt;div class=\"radio\"&gt;"
+ "                            &lt;label&gt;"
+ "                              &lt;input type=\"radio\" name=\"testid-plot-downbutton-file_format\" value=\"pdf\"/&gt;"
+ "                              &lt;span&gt;pdf&lt;/span&gt;"
+ "                            &lt;/label&gt;"
+ "                          &lt;/div&gt;"
+ "                          &lt;div class=\"radio\"&gt;"
+ "                            &lt;label&gt;"
+ "                              &lt;input type=\"radio\" name=\"testid-plot-downbutton-file_format\" value=\"svg\"/&gt;"
+ "                              &lt;span&gt;svg&lt;/span&gt;"
+ "                            &lt;/label&gt;"
+ "                          &lt;/div&gt;"
+ "                        &lt;/div&gt;"
+ "                      &lt;/div&gt;"
+ "                      &lt;div class=\"form-group shiny-input-container\"&gt;"
+ "                        &lt;label class=\"control-label\" id=\"testid-plot-downbutton-file_name-label\" for=\"testid-plot-downbutton-file_name\"&gt;File name (without extension)&lt;/label&gt;"
+ "                        &lt;input id=\"testid-plot-downbutton-file_name\" type=\"text\" class=\"form-control\" value=\"plot_20230222_140432\"/&gt;"
+ "                      &lt;/div&gt;"
+ "                      &lt;div data-display-if=\"input[&amp;#39;testid-plot-downbutton-file_name&amp;#39;] != &amp;#39;&amp;#39;\" data-ns-prefix=\"\"&gt;"
+ "                        &lt;a id=\"testid-plot-downbutton-data_download\" class=\"btn btn-default shiny-download-link btn-sm w-full\" href=\"\" target=\"_blank\" download&gt;"
+ "                          &lt;i class=\"fas fa-download\" role=\"presentation\" aria-label=\"download icon\"&gt;&lt;/i&gt;"
+ "                        &lt;/a&gt;"
+ "                      &lt;/div&gt;"
+ "                    &lt;/div&gt;"
+ "                  &lt;/li&gt;"
+ "                &lt;/ul&gt;"
+ "                "
+ "              &lt;/span&gt;"
+ "              &lt;button class=\"btn btn-default action-button btn-sm\" id=\"testid-plot-expand\" type=\"button\"&gt;"
+ "                &lt;i class=\"fas fa-up-right-and-down-left-from-center\" role=\"presentation\" aria-label=\"up-right-and-down-left-from-center icon\"&gt;&lt;/i&gt;"
+ "              &lt;/button&gt;"
+ "              &lt;span class=\"dropdown btn-dropdown-input\" id=\"testid-plot-expbut_state\"&gt;"
+ "                &lt;button class=\"btn btn-default action-button dropdown-toggle \" type=\"button\" id=\"testid-plot-expbut\" data-toggle=\"dropdown\" data-bs-toggle=\"dropdown\" aria-haspopup=\"true\" aria-expanded=\"true\"&gt;"
+ "                  &lt;i class=\"fas fa-maximize\" role=\"presentation\" aria-label=\"maximize icon\"&gt;&lt;/i&gt;"
+ "                  "
+ "                  &lt;span class=\"caret\"&gt;&lt;/span&gt;"
+ "                &lt;/button&gt;"
+ "                &lt;ul aria-labelledby=\"testid-plot-expbut\" class=\"dropdown-menu dropdown-menu-right dropdown-shinyWidgets\" id=\"dropdown-menu-testid-plot-expbut\"&gt;"
+ "                  &lt;li style=\"margin-left: 10px; margin-right: 10px;\"&gt;"
+ "                    &lt;div id=\"testid-plot-slider_ui\" class=\"shiny-html-output\"&gt;&lt;/div&gt;"
+ "                  &lt;/li&gt;"
+ "                  &lt;li style=\"margin-left: 10px; margin-right: 10px;\"&gt;"
+ "                    &lt;div id=\"testid-plot-width_warning\" class=\"shiny-html-output\"&gt;&lt;/div&gt;"
+ "                  &lt;/li&gt;"
+ "                &lt;/ul&gt;"
+ "                "
+ "              &lt;/span&gt;"
  "            &lt;/div&gt;"
- "          &lt;/div&gt;"
- "        &lt;/div&gt;"
- "      &lt;/div&gt;"
- "      &lt;div class=\"col-md-9\"&gt;"
- "        &lt;div class=\"well\"&gt;"
- "          &lt;div class=\"pre-output\"&gt;&lt;/div&gt;"
- "          &lt;div class=\"output\"&gt;"
- "            &lt;div id=\"testid-plot\" class=\"shiny-plot-output\" style=\"width:100%;height:400px;\"&gt;&lt;/div&gt;"
+ "            &lt;div class=\"shiny-html-output plot_out_container\" id=\"testid-plot-plot_out_main\" width=\"100%\"&gt;&lt;/div&gt;"
  "          &lt;/div&gt;"
- "          &lt;div class=\"post-output\"&gt;&lt;/div&gt;"
  "        &lt;/div&gt;"
+ "        &lt;div class=\"post-output\"&gt;&lt;/div&gt;"
  "      &lt;/div&gt;"
  "    &lt;/div&gt;"
  "  &lt;/div&gt;"

* Run `testthat::snapshot_accept('quality')` to accept the change.
* Run `testthat::snapshot_review('quality')` to interactively review the change.</failure>
    </testcase>
    <testcase time="0.0120000000000005" classname="quality" name="quality_module_works_as_expected_in_the_test_app">
      <skipped message="Reason: testing depth 3 is below current testing specification 5 ('test-quality.R:22')"/>
    </testcase>
  </testsuite>
  <testsuite name="sampleVarSpec" timestamp="2023-02-22T14:04:32Z" hostname="7e248610d815" tests="15" skipped="1" failures="0" errors="0" time="0.248">
    <testcase time="0.0539999999999985" classname="sampleVarSpec" name="sampleVarSpecInput_creates_expected_HTML"/>
    <testcase time="0.00700000000000145" classname="sampleVarSpec" name="h_assign_to_group_list_works_as_expected"/>
    <testcase time="0.0069999999999979" classname="sampleVarSpec" name="h_assign_to_group_list_retains_the_order_of_the_collapsed_levels"/>
    <testcase time="0.00700000000000145" classname="sampleVarSpec" name="h_collapse_levels_works_as_expected_when_a_group_list_is_provided"/>
    <testcase time="0.00900000000000034" classname="sampleVarSpec" name="h_collapse_levels_fails_when_no_group_list_is_provided"/>
    <testcase time="0.00799999999999912" classname="sampleVarSpec" name="h_collapse_levels_fails_when_x_is_not_a_factor_provided"/>
    <testcase time="0.00499999999999901" classname="sampleVarSpec" name="validate_n_levels_passes_for_a_valid_factor_with_required_number_of_levels"/>
    <testcase time="0.00400000000000134" classname="sampleVarSpec" name="validate_n_levels_passes_for_a_valid_factor_with_required_number_of_levels"/>
    <testcase time="0.00799999999999912" classname="sampleVarSpec" name="validate_n_levels_gives_expected_validation_error_when_x_is_not_a_factor"/>
    <testcase time="0.00800000000000267" classname="sampleVarSpec" name="validate_n_levels_gives_expected_validation_error_when_factor_x_does_not_have_required_number_of_levels"/>
    <testcase time="0.0919999999999987" classname="sampleVarSpec" name="sampleVarSpecServer_only_gives_atomic_columns_with_at_least_one_value_in_col_data_vars"/>
    <testcase time="0.00100000000000122" classname="sampleVarSpec" name="sampleVarSpecServer_only_gives_atomic_columns_with_at_least_one_value_in_col_data_vars"/>
    <testcase time="0.032" classname="sampleVarSpec" name="sampleVarSpecServer_only_gives_factor_columns_in_col_data_vars_when_categorical_only"/>
    <testcase time="0.000999999999997669" classname="sampleVarSpec" name="sampleVarSpecServer_only_gives_factor_columns_in_col_data_vars_when_categorical_only"/>
    <testcase time="0.00499999999999901" classname="sampleVarSpec" name="sampleVarSpec_module_works_as_expected_in_the_test_app">
      <skipped message="Reason: testing depth 3 is below current testing specification 5 ('test-sampleVarSpec.R:171')"/>
    </testcase>
  </testsuite>
  <testsuite name="scatterplot" timestamp="2023-02-22T14:04:32Z" hostname="7e248610d815" tests="2" skipped="1" failures="1" errors="0" time="0.368">
    <testcase time="0.355" classname="scatterplot" name="ui_g_scatterplot_creates_expected_HTML">
      <failure type="failure" message="Snapshot of code has changed: ('test-scatterplot.R:7')">Snapshot of code has changed:
old[3:246] vs new[3:314]
  "    Mean = colMeans), pre_output = NULL, post_output = NULL)"
  "Output"
  "  &lt;div class=\"row\"&gt;"
- "    &lt;div&gt;"
- "      &lt;div class=\"col-md-3\"&gt;"
- "        &lt;div class=\"well\"&gt;"
- "          &lt;div&gt;"
- "            &lt;div class=\"block mb-4 p-1\"&gt;"
- "              &lt;label class=\"text-primary block -ml-1\"&gt;"
- "                &lt;strong&gt;Reporter&lt;/strong&gt;"
- "              &lt;/label&gt;"
- "              &lt;div class=\"simple_reporter_container\"&gt;"
- "                &lt;button id=\"testid-simple_reporter-add_report_card_simple-add_report_card_button\" type=\"button\" class=\"simple_report_button btn btn-primary action-button\" title=\"Add Card\"&gt;"
- "                  &lt;span&gt;"
- "                    &lt;i class=\"fa fa-plus\" role=\"presentation\" aria-label=\"plus icon\"&gt;&lt;/i&gt;"
- "                  &lt;/span&gt;"
- "                &lt;/button&gt;"
- "                &lt;button id=\"testid-simple_reporter-download_button_simple-download_button\" type=\"button\" class=\"simple_report_button btn btn-primary action-button\" title=\"Downlaod\"&gt;"
- "                  &lt;span&gt;"
- "                    &lt;i class=\"fa fa-download\" role=\"presentation\" aria-label=\"download icon\"&gt;&lt;/i&gt;"
- "                  &lt;/span&gt;"
- "                &lt;/button&gt;"
- "                &lt;button id=\"testid-simple_reporter-reset_button_simple-reset_reporter\" type=\"button\" class=\"simple_report_button btn btn-warning action-button\" title=\"Reset\"&gt;"
- "                  &lt;span&gt;"
- "                    &lt;i class=\"fa fa-xmark\" role=\"presentation\" aria-label=\"xmark icon\"&gt;&lt;/i&gt;"
- "                  &lt;/span&gt;"
- "                &lt;/button&gt;"
- "              &lt;/div&gt;"
- "            &lt;/div&gt;"
- "            &lt;label class=\"text-primary\"&gt;Encodings&lt;/label&gt;"
- "            &lt;span class=\"help-block\"&gt;"
- "              Analysis of MAE:"
- "              &lt;code&gt;MyMAE&lt;/code&gt;"
- "            &lt;/span&gt;"
- "            &lt;div class=\"form-group shiny-input-container\"&gt;"
- "              &lt;label class=\"control-label\" id=\"testid-experiment-name-label\" for=\"testid-experiment-name\"&gt;Select Experiment&lt;/label&gt;"
- "              &lt;div&gt;"
- "                &lt;select id=\"testid-experiment-name\"&gt;&lt;option value=\"hd1\" selected&gt;hd1&lt;/option&gt;"
- "  &lt;option value=\"hd2\"&gt;hd2&lt;/option&gt;"
- "  &lt;option value=\"hd3\"&gt;hd3&lt;/option&gt;&lt;/select&gt;"
- "                &lt;script type=\"application/json\" data-for=\"testid-experiment-name\" data-nonempty=\"\"&gt;{\"plugins\":[\"selectize-plugin-a11y\"]}&lt;/script&gt;"
- "              &lt;/div&gt;"
- "            &lt;/div&gt;"
+ "    &lt;div class=\"col-md-3\"&gt;"
+ "      &lt;div class=\"well\"&gt;"
+ "        &lt;div&gt;"
+ "          &lt;div class=\"block mb-4 p-1\"&gt;"
+ "            &lt;label class=\"text-primary block -ml-1\"&gt;"
+ "              &lt;strong&gt;Reporter&lt;/strong&gt;"
+ "            &lt;/label&gt;"
+ "            &lt;div class=\"simple_reporter_container\"&gt;"
+ "              &lt;button id=\"testid-simple_reporter-add_report_card_simple-add_report_card_button\" type=\"button\" class=\"simple_report_button btn btn-primary action-button\" title=\"Add Card\"&gt;"
+ "                &lt;span&gt;"
+ "                  &lt;i class=\"fas fa-plus\" role=\"presentation\" aria-label=\"plus icon\"&gt;&lt;/i&gt;"
+ "                &lt;/span&gt;"
+ "              &lt;/button&gt;"
+ "              &lt;button id=\"testid-simple_reporter-download_button_simple-download_button\" type=\"button\" class=\"simple_report_button btn btn-primary action-button\" title=\"Download\"&gt;"
+ "                &lt;span&gt;"
+ "                  &lt;i class=\"fas fa-download\" role=\"presentation\" aria-label=\"download icon\"&gt;&lt;/i&gt;"
+ "                &lt;/span&gt;"
+ "              &lt;/button&gt;"
+ "              &lt;button id=\"testid-simple_reporter-reset_button_simple-reset_reporter\" type=\"button\" class=\"simple_report_button btn btn-warning action-button\" title=\"Reset\"&gt;"
+ "                &lt;span&gt;"
+ "                  &lt;i class=\"fas fa-xmark\" role=\"presentation\" aria-label=\"xmark icon\"&gt;&lt;/i&gt;"
+ "                &lt;/span&gt;"
+ "              &lt;/button&gt;"
+ "            &lt;/div&gt;"
+ "          &lt;/div&gt;"
+ "          &lt;label class=\"text-primary\"&gt;Encodings&lt;/label&gt;"
+ "          &lt;span class=\"help-block\"&gt;"
+ "            Analysis of MAE:"
+ "            &lt;code&gt;MyMAE&lt;/code&gt;"
+ "          &lt;/span&gt;"
+ "          &lt;div class=\"form-group shiny-input-container\"&gt;"
+ "            &lt;label class=\"control-label\" id=\"testid-experiment-name-label\" for=\"testid-experiment-name\"&gt;Select Experiment&lt;/label&gt;"
+ "            &lt;div&gt;"
+ "              &lt;select id=\"testid-experiment-name\"&gt;&lt;option value=\"hd1\" selected&gt;hd1&lt;/option&gt;"
+ "  &lt;option value=\"hd2\"&gt;hd2&lt;/option&gt;"
+ "  &lt;option value=\"hd3\"&gt;hd3&lt;/option&gt;&lt;/select&gt;"
+ "              &lt;script type=\"application/json\" data-for=\"testid-experiment-name\" data-nonempty=\"\"&gt;{\"plugins\":[\"selectize-plugin-a11y\"]}&lt;/script&gt;"
+ "            &lt;/div&gt;"
+ "          &lt;/div&gt;"
+ "          &lt;div class=\"form-group shiny-input-container\"&gt;"
+ "            &lt;label class=\"control-label\" id=\"testid-assay-name-label\" for=\"testid-assay-name\"&gt;Select Assay&lt;/label&gt;"
+ "            &lt;div&gt;"
+ "              &lt;select id=\"testid-assay-name\"&gt;&lt;option value=\"\" selected&gt;&lt;/option&gt;&lt;/select&gt;"
+ "              &lt;script type=\"application/json\" data-for=\"testid-assay-name\"&gt;{\"plugins\":[\"selectize-plugin-a11y\"]}&lt;/script&gt;"
+ "            &lt;/div&gt;"
+ "          &lt;/div&gt;"
+ "          &lt;div class=\"row\"&gt;"
+ "            &lt;div class=\"col-sm-8\"&gt;"
+ "              &lt;label class=\"control-label\"&gt;Select x Gene(s)&lt;/label&gt;"
+ "            &lt;/div&gt;"
+ "            &lt;div class=\"col-sm-2\"&gt;"
+ "              &lt;button class=\"btn btn-default action-button pull-right list-genes\" id=\"testid-x_spec-select_none_button\" title=\"Select None\" type=\"button\"&gt;"
+ "                &lt;span&gt;"
+ "                  &lt;i aria-label=\"remove-circle icon\" class=\"glyphicon glyphicon-remove-circle\" role=\"presentation\"&gt;&lt;/i&gt;"
+ "                &lt;/span&gt;"
+ "              &lt;/button&gt;"
+ "              &lt;button class=\"btn btn-default action-button pull-right list-genes\" id=\"testid-x_spec-select_all_button\" title=\"Select All Genes (first 200)\" type=\"button\"&gt;"
+ "                &lt;span&gt;"
+ "                  &lt;i aria-label=\"ok-circle icon\" class=\"glyphicon glyphicon-ok-circle\" role=\"presentation\"&gt;&lt;/i&gt;"
+ "                &lt;/span&gt;"
+ "              &lt;/button&gt;"
+ "            &lt;/div&gt;"
+ "            &lt;div class=\"col-sm-2\"&gt;"
+ "              &lt;button class=\"btn btn-default action-button pull-right list-genes\" id=\"testid-x_spec-text_button\" title=\"Enter list of genes\" type=\"button\"&gt;"
+ "                &lt;span&gt;"
+ "                  &lt;i class=\"fas fa-font\" role=\"presentation\" aria-label=\"font icon\"&gt;&lt;/i&gt;"
+ "                &lt;/span&gt;"
+ "              &lt;/button&gt;"
+ "              &lt;div class=\"pull-right\" title=\"Lock gene selection (so that it does not get updated when filtering)\"&gt;"
+ "                &lt;div class=\"form-group shiny-input-container\"&gt;"
+ "                  &lt;div class=\"pretty p-toggle p-plain p-icon p-pulse\"&gt;"
+ "                    &lt;input id=\"testid-x_spec-lock_button\" type=\"checkbox\"/&gt;"
+ "                    &lt;div class=\"state p-on\"&gt;"
+ "                      &lt;i class=\"icon fas fa-lock\" role=\"presentation\" aria-label=\"lock icon\"&gt;&lt;/i&gt;"
+ "                      &lt;label&gt;"
+ "                        &lt;span&gt;&lt;/span&gt;"
+ "                      &lt;/label&gt;"
+ "                    &lt;/div&gt;"
+ "                    &lt;div class=\"state p-off\"&gt;"
+ "                      &lt;i class=\"icon fas fa-lock-open\" role=\"presentation\" aria-label=\"lock-open icon\"&gt;&lt;/i&gt;"
+ "                      &lt;label&gt;"
+ "                        &lt;span&gt;&lt;/span&gt;"
+ "                      &lt;/label&gt;"
+ "                    &lt;/div&gt;"
+ "                  &lt;/div&gt;"
+ "                &lt;/div&gt;"
+ "              &lt;/div&gt;"
+ "            &lt;/div&gt;"
+ "          &lt;/div&gt;"
+ "          &lt;div class=\"custom-select-input\"&gt;"
  "            &lt;div class=\"form-group shiny-input-container\"&gt;"
- "              &lt;label class=\"control-label\" id=\"testid-assay-name-label\" for=\"testid-assay-name\"&gt;Select Assay&lt;/label&gt;"
+ "              &lt;label class=\"control-label shiny-label-null\" for=\"testid-x_spec-genes\" id=\"testid-x_spec-genes-label\"&gt;&lt;/label&gt;"
  "              &lt;div&gt;"
- "                &lt;select id=\"testid-assay-name\"&gt;&lt;option value=\"\" selected&gt;&lt;/option&gt;&lt;/select&gt;"
+ "                &lt;select id=\"testid-x_spec-genes\" class=\"form-control\" multiple=\"multiple\"&gt;&lt;option value=\"\"&gt;&lt;/option&gt;&lt;/select&gt;"
- "                &lt;script type=\"application/json\" data-for=\"testid-assay-name\"&gt;{\"plugins\":[\"selectize-plugin-a11y\"]}&lt;/script&gt;"
+ "                &lt;script type=\"application/json\" data-for=\"testid-x_spec-genes\" data-eval=\"[&amp;quot;render&amp;quot;]\"&gt;{\"render\":\"{\\n          option: function(item, escape) {\\n              return '&lt;div&gt; &lt;span style=\\\"font-size: inherit;\\\"&gt;' + item.label + '&lt;\\/div&gt;' +\\n                ' &lt;span style=\\\"color: #808080; font-size: xx-small;\\\" &gt;' + item.value + '&lt;\\/div&gt; &lt;\\/div&gt;'\\n            }\\n          }\",\"searchField\":[\"value\",\"label\"],\"maxOptions\":200,\"maxItems\":200,\"plugins\":[\"selectize-plugin-a11y\"]}&lt;/script&gt;"
  "              &lt;/div&gt;"
  "            &lt;/div&gt;"
- "            &lt;div class=\"row\"&gt;"
+ "          &lt;/div&gt;"
- "              &lt;div class=\"col-sm-8\"&gt;"
+ "          &lt;div data-display-if=\"input.genes &amp;amp;&amp;amp; input.genes.length &amp;gt; 1\" data-ns-prefix=\"testid-x_spec-\"&gt;"
- "                &lt;label class=\"control-label\"&gt;Select x Gene(s)&lt;/label&gt;"
+ "            &lt;div class=\"form-group shiny-input-container\"&gt;"
- "              &lt;/div&gt;"
+ "              &lt;label class=\"control-label\" id=\"testid-x_spec-fun_name-label\" for=\"testid-x_spec-fun_name\"&gt;Select Gene Summary&lt;/label&gt;"
- "              &lt;div class=\"col-sm-2\"&gt;"
+ "              &lt;div&gt;"
- "                &lt;button class=\"btn btn-default action-button pull-right list-genes\" id=\"testid-x_spec-select_none_button\" title=\"Select None\" type=\"button\"&gt;"
+ "                &lt;select id=\"testid-x_spec-fun_name\"&gt;&lt;option value=\"Mean\" selected&gt;Mean&lt;/option&gt;&lt;/select&gt;"
- "                  &lt;span&gt;"
+ "                &lt;script type=\"application/json\" data-for=\"testid-x_spec-fun_name\" data-nonempty=\"\"&gt;{\"plugins\":[\"selectize-plugin-a11y\"]}&lt;/script&gt;"
- "                    &lt;i aria-label=\"remove-circle icon\" class=\"glyphicon glyphicon-remove-circle\" role=\"presentation\"&gt;&lt;/i&gt;"
+ "              &lt;/div&gt;"
- "                  &lt;/span&gt;"
+ "            &lt;/div&gt;"
- "                &lt;/button&gt;"
+ "          &lt;/div&gt;"
- "                &lt;button class=\"btn btn-default action-button pull-right list-genes\" id=\"testid-x_spec-select_all_button\" title=\"Select All Genes (first 200)\" type=\"button\"&gt;"
+ "          &lt;div class=\"row\"&gt;"
- "                  &lt;span&gt;"
+ "            &lt;div class=\"col-sm-8\"&gt;"
- "                    &lt;i aria-label=\"ok-circle icon\" class=\"glyphicon glyphicon-ok-circle\" role=\"presentation\"&gt;&lt;/i&gt;"
+ "              &lt;label class=\"control-label\"&gt;Select y Gene(s)&lt;/label&gt;"
- "                  &lt;/span&gt;"
+ "            &lt;/div&gt;"
- "                &lt;/button&gt;"
+ "            &lt;div class=\"col-sm-2\"&gt;"
- "              &lt;/div&gt;"
+ "              &lt;button class=\"btn btn-default action-button pull-right list-genes\" id=\"testid-y_spec-select_none_button\" title=\"Select None\" type=\"button\"&gt;"
- "              &lt;div class=\"col-sm-2\"&gt;"
+ "                &lt;span&gt;"
- "                &lt;button class=\"btn btn-default action-button pull-right list-genes\" id=\"testid-x_spec-text_button\" title=\"Enter list of genes\" type=\"button\"&gt;"
+ "                  &lt;i aria-label=\"remove-circle icon\" class=\"glyphicon glyphicon-remove-circle\" role=\"presentation\"&gt;&lt;/i&gt;"
- "                  &lt;span&gt;"
+ "                &lt;/span&gt;"
- "                    &lt;i class=\"fas fa-font\" role=\"presentation\" aria-label=\"font icon\"&gt;&lt;/i&gt;"
+ "              &lt;/button&gt;"
- "                  &lt;/span&gt;"
+ "              &lt;button class=\"btn btn-default action-button pull-right list-genes\" id=\"testid-y_spec-select_all_button\" title=\"Select All Genes (first 200)\" type=\"button\"&gt;"
- "                &lt;/button&gt;"
+ "                &lt;span&gt;"
- "                &lt;div class=\"pull-right\" title=\"Lock gene selection (so that it does not get updated when filtering)\"&gt;"
+ "                  &lt;i aria-label=\"ok-circle icon\" class=\"glyphicon glyphicon-ok-circle\" role=\"presentation\"&gt;&lt;/i&gt;"
- "                  &lt;div class=\"form-group shiny-input-container\"&gt;"
+ "                &lt;/span&gt;"
- "                    &lt;div class=\"pretty p-toggle p-plain p-icon p-pulse\"&gt;"
+ "              &lt;/button&gt;"
- "                      &lt;input id=\"testid-x_spec-lock_button\" type=\"checkbox\"/&gt;"
+ "            &lt;/div&gt;"
- "                      &lt;div class=\"state p-on\"&gt;"
+ "            &lt;div class=\"col-sm-2\"&gt;"
- "                        &lt;i class=\"icon fas fa-lock\" role=\"presentation\" aria-label=\"lock icon\"&gt;&lt;/i&gt;"
+ "              &lt;button class=\"btn btn-default action-button pull-right list-genes\" id=\"testid-y_spec-text_button\" title=\"Enter list of genes\" type=\"button\"&gt;"
- "                        &lt;label&gt;"
+ "                &lt;span&gt;"
- "                          &lt;span&gt;&lt;/span&gt;"
+ "                  &lt;i class=\"fas fa-font\" role=\"presentation\" aria-label=\"font icon\"&gt;&lt;/i&gt;"
- "                        &lt;/label&gt;"
+ "                &lt;/span&gt;"
- "                      &lt;/div&gt;"
+ "              &lt;/button&gt;"
- "                      &lt;div class=\"state p-off\"&gt;"
+ "              &lt;div class=\"pull-right\" title=\"Lock gene selection (so that it does not get updated when filtering)\"&gt;"
- "                        &lt;i class=\"icon fas fa-lock-open\" role=\"presentation\" aria-label=\"lock-open icon\"&gt;&lt;/i&gt;"
+ "                &lt;div class=\"form-group shiny-input-container\"&gt;"
- "                        &lt;label&gt;"
+ "                  &lt;div class=\"pretty p-toggle p-plain p-icon p-pulse\"&gt;"
- "                          &lt;span&gt;&lt;/span&gt;"
+ "                    &lt;input id=\"testid-y_spec-lock_button\" type=\"checkbox\"/&gt;"
- "                        &lt;/label&gt;"
+ "                    &lt;div class=\"state p-on\"&gt;"
- "                      &lt;/div&gt;"
+ "                      &lt;i class=\"icon fas fa-lock\" role=\"presentation\" aria-label=\"lock icon\"&gt;&lt;/i&gt;"
- "                    &lt;/div&gt;"
+ "                      &lt;label&gt;"
- "                  &lt;/div&gt;"
+ "                        &lt;span&gt;&lt;/span&gt;"
- "                &lt;/div&gt;"
+ "                      &lt;/label&gt;"
- "              &lt;/div&gt;"
+ "                    &lt;/div&gt;"
- "            &lt;/div&gt;"
+ "                    &lt;div class=\"state p-off\"&gt;"
- "            &lt;div class=\"custom-select-input\"&gt;"
+ "                      &lt;i class=\"icon fas fa-lock-open\" role=\"presentation\" aria-label=\"lock-open icon\"&gt;&lt;/i&gt;"
- "              &lt;div class=\"form-group shiny-input-container\"&gt;"
+ "                      &lt;label&gt;"
- "                &lt;label class=\"control-label shiny-label-null\" for=\"testid-x_spec-genes\" id=\"testid-x_spec-genes-label\"&gt;&lt;/label&gt;"
+ "                        &lt;span&gt;&lt;/span&gt;"
- "                &lt;div&gt;"
+ "                      &lt;/label&gt;"
- "                  &lt;select id=\"testid-x_spec-genes\" class=\"form-control\" multiple=\"multiple\"&gt;&lt;option value=\"\"&gt;&lt;/option&gt;&lt;/select&gt;"
+ "                    &lt;/div&gt;"
- "                  &lt;script type=\"application/json\" data-for=\"testid-x_spec-genes\" data-eval=\"[&amp;quot;render&amp;quot;]\"&gt;{\"render\":\"{\\n          option: function(item, escape) {\\n              return '&lt;div&gt; &lt;span style=\\\"font-size: inherit;\\\"&gt;' + item.label + '&lt;\\/div&gt;' +\\n                ' &lt;span style=\\\"color: #808080; font-size: xx-small;\\\" &gt;' + item.value + '&lt;\\/div&gt; &lt;\\/div&gt;'\\n            }\\n          }\",\"searchField\":[\"value\",\"label\"],\"maxOptions\":200,\"maxItems\":200,\"plugins\":[\"selectize-plugin-a11y\"]}&lt;/script&gt;"
+ "                  &lt;/div&gt;"
  "                &lt;/div&gt;"
  "              &lt;/div&gt;"
  "            &lt;/div&gt;"
- "            &lt;div data-display-if=\"input.genes &amp;amp;&amp;amp; input.genes.length &amp;gt; 1\" data-ns-prefix=\"testid-x_spec-\"&gt;"
+ "          &lt;/div&gt;"
- "              &lt;div class=\"form-group shiny-input-container\"&gt;"
+ "          &lt;div class=\"custom-select-input\"&gt;"
- "                &lt;label class=\"control-label\" id=\"testid-x_spec-fun_name-label\" for=\"testid-x_spec-fun_name\"&gt;Select Gene Summary&lt;/label&gt;"
+ "            &lt;div class=\"form-group shiny-input-container\"&gt;"
- "                &lt;div&gt;"
+ "              &lt;label class=\"control-label shiny-label-null\" for=\"testid-y_spec-genes\" id=\"testid-y_spec-genes-label\"&gt;&lt;/label&gt;"
- "                  &lt;select id=\"testid-x_spec-fun_name\"&gt;&lt;option value=\"Mean\" selected&gt;Mean&lt;/option&gt;&lt;/select&gt;"
+ "              &lt;div&gt;"
- "                  &lt;script type=\"application/json\" data-for=\"testid-x_spec-fun_name\" data-nonempty=\"\"&gt;{\"plugins\":[\"selectize-plugin-a11y\"]}&lt;/script&gt;"
+ "                &lt;select id=\"testid-y_spec-genes\" class=\"form-control\" multiple=\"multiple\"&gt;&lt;option value=\"\"&gt;&lt;/option&gt;&lt;/select&gt;"
- "                &lt;/div&gt;"
+ "                &lt;script type=\"application/json\" data-for=\"testid-y_spec-genes\" data-eval=\"[&amp;quot;render&amp;quot;]\"&gt;{\"render\":\"{\\n          option: function(item, escape) {\\n              return '&lt;div&gt; &lt;span style=\\\"font-size: inherit;\\\"&gt;' + item.label + '&lt;\\/div&gt;' +\\n                ' &lt;span style=\\\"color: #808080; font-size: xx-small;\\\" &gt;' + item.value + '&lt;\\/div&gt; &lt;\\/div&gt;'\\n            }\\n          }\",\"searchField\":[\"value\",\"label\"],\"maxOptions\":200,\"maxItems\":200,\"plugins\":[\"selectize-plugin-a11y\"]}&lt;/script&gt;"
  "              &lt;/div&gt;"
  "            &lt;/div&gt;"
- "            &lt;div class=\"row\"&gt;"
- "              &lt;div class=\"col-sm-8\"&gt;"
- "                &lt;label class=\"control-label\"&gt;Select y Gene(s)&lt;/label&gt;"
- "              &lt;/div&gt;"
- "              &lt;div class=\"col-sm-2\"&gt;"
- "                &lt;button class=\"btn btn-default action-button pull-right list-genes\" id=\"testid-y_spec-select_none_button\" title=\"Select None\" type=\"button\"&gt;"
- "                  &lt;span&gt;"
- "                    &lt;i aria-label=\"remove-circle icon\" class=\"glyphicon glyphicon-remove-circle\" role=\"presentation\"&gt;&lt;/i&gt;"
- "                  &lt;/span&gt;"
- "                &lt;/button&gt;"
- "                &lt;button class=\"btn btn-default action-button pull-right list-genes\" id=\"testid-y_spec-select_all_button\" title=\"Select All Genes (first 200)\" type=\"button\"&gt;"
- "                  &lt;span&gt;"
- "                    &lt;i aria-label=\"ok-circle icon\" class=\"glyphicon glyphicon-ok-circle\" role=\"presentation\"&gt;&lt;/i&gt;"
- "                  &lt;/span&gt;"
- "                &lt;/button&gt;"
- "              &lt;/div&gt;"
- "              &lt;div class=\"col-sm-2\"&gt;"
- "                &lt;button class=\"btn btn-default action-button pull-right list-genes\" id=\"testid-y_spec-text_button\" title=\"Enter list of genes\" type=\"button\"&gt;"
- "                  &lt;span&gt;"
- "                    &lt;i class=\"fas fa-font\" role=\"presentation\" aria-label=\"font icon\"&gt;&lt;/i&gt;"
- "                  &lt;/span&gt;"
- "                &lt;/button&gt;"
- "                &lt;div class=\"pull-right\" title=\"Lock gene selection (so that it does not get updated when filtering)\"&gt;"
- "                  &lt;div class=\"form-group shiny-input-container\"&gt;"
- "                    &lt;div class=\"pretty p-toggle p-plain p-icon p-pulse\"&gt;"
- "                      &lt;input id=\"testid-y_spec-lock_button\" type=\"checkbox\"/&gt;"
- "                      &lt;div class=\"state p-on\"&gt;"
- "                        &lt;i class=\"icon fas fa-lock\" role=\"presentation\" aria-label=\"lock icon\"&gt;&lt;/i&gt;"
- "                        &lt;label&gt;"
- "                          &lt;span&gt;&lt;/span&gt;"
- "                        &lt;/label&gt;"
- "                      &lt;/div&gt;"
- "                      &lt;div class=\"state p-off\"&gt;"
- "                        &lt;i class=\"icon fas fa-lock-open\" role=\"presentation\" aria-label=\"lock-open icon\"&gt;&lt;/i&gt;"
- "                        &lt;label&gt;"
- "                          &lt;span&gt;&lt;/span&gt;"
- "                        &lt;/label&gt;"
- "                      &lt;/div&gt;"
- "                    &lt;/div&gt;"
- "                  &lt;/div&gt;"
- "                &lt;/div&gt;"
- "              &lt;/div&gt;"
- "            &lt;/div&gt;"
- "            &lt;div class=\"custom-select-input\"&gt;"
- "              &lt;div class=\"form-group shiny-input-container\"&gt;"
- "                &lt;label class=\"control-label shiny-label-null\" for=\"testid-y_spec-genes\" id=\"testid-y_spec-genes-label\"&gt;&lt;/label&gt;"
- "                &lt;div&gt;"
- "                  &lt;select id=\"testid-y_spec-genes\" class=\"form-control\" multiple=\"multiple\"&gt;&lt;option value=\"\"&gt;&lt;/option&gt;&lt;/select&gt;"
- "                  &lt;script type=\"application/json\" data-for=\"testid-y_spec-genes\" data-eval=\"[&amp;quot;render&amp;quot;]\"&gt;{\"render\":\"{\\n          option: function(item, escape) {\\n              return '&lt;div&gt; &lt;span style=\\\"font-size: inherit;\\\"&gt;' + item.label + '&lt;\\/div&gt;' +\\n                ' &lt;span style=\\\"color: #808080; font-size: xx-small;\\\" &gt;' + item.value + '&lt;\\/div&gt; &lt;\\/div&gt;'\\n            }\\n          }\",\"searchField\":[\"value\",\"label\"],\"maxOptions\":200,\"maxItems\":200,\"plugins\":[\"selectize-plugin-a11y\"]}&lt;/script&gt;"
- "                &lt;/div&gt;"
- "              &lt;/div&gt;"
- "            &lt;/div&gt;"
- "            &lt;div data-display-if=\"input.genes &amp;amp;&amp;amp; input.genes.length &amp;gt; 1\" data-ns-prefix=\"testid-y_spec-\"&gt;"
- "              &lt;div class=\"form-group shiny-input-container\"&gt;"
- "                &lt;label class=\"control-label\" id=\"testid-y_spec-fun_name-label\" for=\"testid-y_spec-fun_name\"&gt;Select Gene Summary&lt;/label&gt;"
- "                &lt;div&gt;"
- "                  &lt;select id=\"testid-y_spec-fun_name\"&gt;&lt;option value=\"Mean\" selected&gt;Mean&lt;/option&gt;&lt;/select&gt;"
- "                  &lt;script type=\"application/json\" data-for=\"testid-y_spec-fun_name\" data-nonempty=\"\"&gt;{\"plugins\":[\"selectize-plugin-a11y\"]}&lt;/script&gt;"
- "                &lt;/div&gt;"
- "              &lt;/div&gt;"
- "            &lt;/div&gt;"
- "            &lt;div class=\"panel-group\"&gt;"
- "              &lt;input id=\"settings_item\" type=\"checkbox\" value=\"TRUE\" class=\"shinyjs-hide\"/&gt;"
- "              &lt;div class=\"panel panel-default\"&gt;"
- "                &lt;div id=\"settings_item_div\" class=\"panel-heading collapsed\" data-toggle=\"collapse\" href=\"#settings_item_panel_body_2463\" aria-expanded=\"false\"&gt;"
- "                  &lt;i class=\"fa fa-angle-down dropdown-icon\" role=\"presentation\" aria-label=\"angle-down icon\"&gt;&lt;/i&gt;"
- "                  &lt;label class=\"panel-title inline\"&gt;Additional Settings&lt;/label&gt;"
- "                &lt;/div&gt;"
- "                &lt;div class=\"panel-collapse collapse \" id=\"settings_item_panel_body_2463\"&gt;"
- "                  &lt;div class=\"panel-body\"&gt;"
- "                    &lt;div class=\"row\"&gt;"
- "                      &lt;div class=\"col-sm-8\"&gt;"
- "                        &lt;label class=\"control-label\"&gt;Optional color variable&lt;/label&gt;"
- "                      &lt;/div&gt;"
- "                      &lt;div class=\"col-sm-4\"&gt;"
- "                        &lt;button class=\"btn btn-default action-button pull-right list-genes\" id=\"testid-color_var-levels_button\" title=\"Combine factor levels\" type=\"button\"&gt;"
- "                          &lt;span&gt;"
- "                            &lt;i class=\"fas fa-table\" role=\"presentation\" aria-label=\"table icon\"&gt;&lt;/i&gt;"
- "                          &lt;/span&gt;"
- "                        &lt;/button&gt;"
- "                      &lt;/div&gt;"
- "                    &lt;/div&gt;"
- "                    &lt;div class=\"custom-select-input\"&gt;"
- "                      &lt;div class=\"form-group shiny-input-container\"&gt;"
- "                        &lt;label class=\"control-label shiny-label-null\" for=\"testid-color_var-sample_var\"&gt;&lt;/label&gt;"
- "                        &lt;select data-actions-box=\"false\" data-none-selected-text=\"- Nothing selected -\" data-max-options=\"1\" data-show-subtext=\"true\" data-live-search=\"false\" id=\"testid-color_var-sample_var\" class=\"selectpicker form-control\" multiple=\"multiple\"&gt;&lt;option value=\"\"&gt;&lt;/option&gt;&lt;/select&gt;"
- "                      &lt;/div&gt;"
- "                    &lt;/div&gt;"
- "                    &lt;div class=\"row\"&gt;"
- "                      &lt;div class=\"col-sm-8\"&gt;"
- "                        &lt;label class=\"control-label\"&gt;Optional facet variable&lt;/label&gt;"
- "                      &lt;/div&gt;"
- "                      &lt;div class=\"col-sm-4\"&gt;"
- "                        &lt;button class=\"btn btn-default action-button pull-right list-genes\" id=\"testid-facet_var-levels_button\" title=\"Combine factor levels\" type=\"button\"&gt;"
- "                          &lt;span&gt;"
- "                            &lt;i class=\"fas fa-table\" role=\"presentation\" aria-label=\"table icon\"&gt;&lt;/i&gt;"
- "                          &lt;/span&gt;"
- "                        &lt;/button&gt;"
- "                      &lt;/div&gt;"
- "                    &lt;/div&gt;"
- "                    &lt;div class=\"custom-select-input\"&gt;"
- "                      &lt;div class=\"form-group shiny-input-container\"&gt;"
- "                        &lt;label class=\"control-label shiny-label-null\" for=\"testid-facet_var-sample_var\"&gt;&lt;/label&gt;"
- "                        &lt;select data-actions-box=\"false\" data-none-selected-text=\"- Nothing selected -\" data-max-options=\"1\" data-show-subtext=\"true\" data-live-search=\"false\" id=\"testid-facet_var-sample_var\" class=\"selectpicker form-control\" multiple=\"multiple\"&gt;&lt;option value=\"\"&gt;&lt;/option&gt;&lt;/select&gt;"
+ "          &lt;/div&gt;"
+ "          &lt;div data-display-if=\"input.genes &amp;amp;&amp;amp; input.genes.length &amp;gt; 1\" data-ns-prefix=\"testid-y_spec-\"&gt;"
+ "            &lt;div class=\"form-group shiny-input-container\"&gt;"
+ "              &lt;label class=\"control-label\" id=\"testid-y_spec-fun_name-label\" for=\"testid-y_spec-fun_name\"&gt;Select Gene Summary&lt;/label&gt;"
+ "              &lt;div&gt;"
+ "                &lt;select id=\"testid-y_spec-fun_name\"&gt;&lt;option value=\"Mean\" selected&gt;Mean&lt;/option&gt;&lt;/select&gt;"
+ "                &lt;script type=\"application/json\" data-for=\"testid-y_spec-fun_name\" data-nonempty=\"\"&gt;{\"plugins\":[\"selectize-plugin-a11y\"]}&lt;/script&gt;"
+ "              &lt;/div&gt;"
+ "            &lt;/div&gt;"
+ "          &lt;/div&gt;"
+ "          &lt;div class=\"panel-group\"&gt;"
+ "            &lt;div&gt;"
+ "              &lt;div id=\"settings_item_div\" class=\"panel panel-default\"&gt;"
+ "                &lt;div class=\"panel-heading collapsed\" data-toggle=\"collapse\" href=\"#settings_item_panel_body_2463\" aria-expanded=\"false\"&gt;"
+ "                  &lt;i class=\"fas fa-angle-down dropdown-icon\" role=\"presentation\" aria-label=\"angle-down icon\"&gt;&lt;/i&gt;"
+ "                  &lt;label class=\"panel-title inline\"&gt;Additional Settings&lt;/label&gt;"
+ "                &lt;/div&gt;"
+ "                &lt;div class=\"panel-collapse collapse \" id=\"settings_item_panel_body_2463\"&gt;"
+ "                  &lt;div class=\"panel-body\"&gt;"
+ "                    &lt;div class=\"row\"&gt;"
+ "                      &lt;div class=\"col-sm-8\"&gt;"
+ "                        &lt;label class=\"control-label\"&gt;Optional color variable&lt;/label&gt;"
+ "                      &lt;/div&gt;"
+ "                      &lt;div class=\"col-sm-4\"&gt;"
+ "                        &lt;button class=\"btn btn-default action-button pull-right list-genes\" id=\"testid-color_var-levels_button\" title=\"Combine factor levels\" type=\"button\"&gt;"
+ "                          &lt;span&gt;"
+ "                            &lt;i class=\"fas fa-table\" role=\"presentation\" aria-label=\"table icon\"&gt;&lt;/i&gt;"
+ "                          &lt;/span&gt;"
+ "                        &lt;/button&gt;"
+ "                      &lt;/div&gt;"
+ "                    &lt;/div&gt;"
+ "                    &lt;div class=\"custom-select-input\"&gt;"
+ "                      &lt;div class=\"form-group shiny-input-container\"&gt;"
+ "                        &lt;label class=\"control-label shiny-label-null\" for=\"testid-color_var-sample_var\"&gt;&lt;/label&gt;"
+ "                        &lt;select data-actions-box=\"false\" data-none-selected-text=\"- Nothing selected -\" data-max-options=\"1\" data-show-subtext=\"true\" data-live-search=\"false\" id=\"testid-color_var-sample_var\" class=\"selectpicker form-control\" multiple=\"multiple\"&gt;&lt;option value=\"\"&gt;&lt;/option&gt;&lt;/select&gt;"
+ "                      &lt;/div&gt;"
+ "                    &lt;/div&gt;"
+ "                    &lt;div class=\"row\"&gt;"
+ "                      &lt;div class=\"col-sm-8\"&gt;"
+ "                        &lt;label class=\"control-label\"&gt;Optional facet variable&lt;/label&gt;"
+ "                      &lt;/div&gt;"
+ "                      &lt;div class=\"col-sm-4\"&gt;"
+ "                        &lt;button class=\"btn btn-default action-button pull-right list-genes\" id=\"testid-facet_var-levels_button\" title=\"Combine factor levels\" type=\"button\"&gt;"
+ "                          &lt;span&gt;"
+ "                            &lt;i class=\"fas fa-table\" role=\"presentation\" aria-label=\"table icon\"&gt;&lt;/i&gt;"
+ "                          &lt;/span&gt;"
+ "                        &lt;/button&gt;"
+ "                      &lt;/div&gt;"
+ "                    &lt;/div&gt;"
+ "                    &lt;div class=\"custom-select-input\"&gt;"
+ "                      &lt;div class=\"form-group shiny-input-container\"&gt;"
+ "                        &lt;label class=\"control-label shiny-label-null\" for=\"testid-facet_var-sample_var\"&gt;&lt;/label&gt;"
+ "                        &lt;select data-actions-box=\"false\" data-none-selected-text=\"- Nothing selected -\" data-max-options=\"1\" data-show-subtext=\"true\" data-live-search=\"false\" id=\"testid-facet_var-sample_var\" class=\"selectpicker form-control\" multiple=\"multiple\"&gt;&lt;option value=\"\"&gt;&lt;/option&gt;&lt;/select&gt;"
+ "                      &lt;/div&gt;"
+ "                    &lt;/div&gt;"
+ "                    &lt;div class=\"form-group shiny-input-container\"&gt;"
+ "                      &lt;label class=\"control-label\" id=\"testid-smooth_method-label\" for=\"testid-smooth_method\"&gt;Select smoother&lt;/label&gt;"
+ "                      &lt;div&gt;"
+ "                        &lt;select id=\"testid-smooth_method\"&gt;&lt;option value=\"lm\" selected&gt;Linear&lt;/option&gt;"
+ "  &lt;option value=\"loess\"&gt;Loess&lt;/option&gt;"
+ "  &lt;option value=\"none\"&gt;None&lt;/option&gt;&lt;/select&gt;"
+ "                        &lt;script type=\"application/json\" data-for=\"testid-smooth_method\" data-nonempty=\"\"&gt;{\"plugins\":[\"selectize-plugin-a11y\"]}&lt;/script&gt;"
+ "                      &lt;/div&gt;"
+ "                    &lt;/div&gt;"
+ "                  &lt;/div&gt;"
+ "                &lt;/div&gt;"
+ "              &lt;/div&gt;"
+ "            &lt;/div&gt;"
+ "          &lt;/div&gt;"
+ "        &lt;/div&gt;"
+ "      &lt;/div&gt;"
+ "    &lt;/div&gt;"
+ "    &lt;div class=\"col-md-9\"&gt;"
+ "      &lt;div class=\"well\"&gt;"
+ "        &lt;div class=\"pre-output\"&gt;&lt;/div&gt;"
+ "        &lt;div class=\"output\"&gt;"
+ "          &lt;div id=\"testid-plot-plot-with-settings\"&gt;"
+ "            &lt;div class=\"plot-settings-buttons\"&gt;"
+ "              &lt;span class=\"dropdown btn-dropdown-input\" id=\"testid-plot-downbutton-downl_state\"&gt;"
+ "                &lt;button class=\"btn btn-default action-button dropdown-toggle \" type=\"button\" id=\"testid-plot-downbutton-downl\" data-toggle=\"dropdown\" data-bs-toggle=\"dropdown\" aria-haspopup=\"true\" aria-expanded=\"true\"&gt;"
+ "                  &lt;i class=\"fas fa-download\" role=\"presentation\" aria-label=\"download icon\"&gt;&lt;/i&gt;"
+ "                  "
+ "                  &lt;span class=\"caret\"&gt;&lt;/span&gt;"
+ "                &lt;/button&gt;"
+ "                &lt;ul aria-labelledby=\"testid-plot-downbutton-downl\" class=\"dropdown-menu dropdown-menu-right dropdown-shinyWidgets\" id=\"dropdown-menu-testid-plot-downbutton-downl\"&gt;"
+ "                  &lt;li style=\"margin-left: 10px; margin-right: 10px;\"&gt;"
+ "                    &lt;div&gt;"
+ "                      &lt;div id=\"testid-plot-downbutton-file_format\" class=\"form-group shiny-input-radiogroup shiny-input-container\" role=\"radiogroup\" aria-labelledby=\"testid-plot-downbutton-file_format-label\"&gt;"
+ "                        &lt;label class=\"control-label\" id=\"testid-plot-downbutton-file_format-label\" for=\"testid-plot-downbutton-file_format\"&gt;File type&lt;/label&gt;"
+ "                        &lt;div class=\"shiny-options-group\"&gt;"
+ "                          &lt;div class=\"radio\"&gt;"
+ "                            &lt;label&gt;"
+ "                              &lt;input type=\"radio\" name=\"testid-plot-downbutton-file_format\" value=\"png\" checked=\"checked\"/&gt;"
+ "                              &lt;span&gt;png&lt;/span&gt;"
+ "                            &lt;/label&gt;"
+ "                          &lt;/div&gt;"
+ "                          &lt;div class=\"radio\"&gt;"
+ "                            &lt;label&gt;"
+ "                              &lt;input type=\"radio\" name=\"testid-plot-downbutton-file_format\" value=\"pdf\"/&gt;"
+ "                              &lt;span&gt;pdf&lt;/span&gt;"
+ "                            &lt;/label&gt;"
+ "                          &lt;/div&gt;"
+ "                          &lt;div class=\"radio\"&gt;"
+ "                            &lt;label&gt;"
+ "                              &lt;input type=\"radio\" name=\"testid-plot-downbutton-file_format\" value=\"svg\"/&gt;"
+ "                              &lt;span&gt;svg&lt;/span&gt;"
+ "                            &lt;/label&gt;"
+ "                          &lt;/div&gt;"
+ "                        &lt;/div&gt;"
+ "                      &lt;/div&gt;"
+ "                      &lt;div class=\"form-group shiny-input-container\"&gt;"
+ "                        &lt;label class=\"control-label\" id=\"testid-plot-downbutton-file_name-label\" for=\"testid-plot-downbutton-file_name\"&gt;File name (without extension)&lt;/label&gt;"
+ "                        &lt;input id=\"testid-plot-downbutton-file_name\" type=\"text\" class=\"form-control\" value=\"plot_20230222_140432\"/&gt;"
  "                      &lt;/div&gt;"
- "                    &lt;/div&gt;"
- "                    &lt;div class=\"form-group shiny-input-container\"&gt;"
- "                      &lt;label class=\"control-label\" id=\"testid-smooth_method-label\" for=\"testid-smooth_method\"&gt;Select smoother&lt;/label&gt;"
- "                      &lt;div&gt;"
- "                        &lt;select id=\"testid-smooth_method\"&gt;&lt;option value=\"lm\" selected&gt;Linear&lt;/option&gt;"
- "  &lt;option value=\"loess\"&gt;Loess&lt;/option&gt;"
- "  &lt;option value=\"none\"&gt;None&lt;/option&gt;&lt;/select&gt;"
- "                        &lt;script type=\"application/json\" data-for=\"testid-smooth_method\" data-nonempty=\"\"&gt;{\"plugins\":[\"selectize-plugin-a11y\"]}&lt;/script&gt;"
+ "                      &lt;div data-display-if=\"input[&amp;#39;testid-plot-downbutton-file_name&amp;#39;] != &amp;#39;&amp;#39;\" data-ns-prefix=\"\"&gt;"
+ "                        &lt;a id=\"testid-plot-downbutton-data_download\" class=\"btn btn-default shiny-download-link btn-sm w-full\" href=\"\" target=\"_blank\" download&gt;"
+ "                          &lt;i class=\"fas fa-download\" role=\"presentation\" aria-label=\"download icon\"&gt;&lt;/i&gt;"
+ "                        &lt;/a&gt;"
  "                      &lt;/div&gt;"
  "                    &lt;/div&gt;"
- "                  &lt;/div&gt;"
- "                &lt;/div&gt;"
- "              &lt;/div&gt;"
+ "                  &lt;/li&gt;"
+ "                &lt;/ul&gt;"
+ "                "
+ "              &lt;/span&gt;"
+ "              &lt;button class=\"btn btn-default action-button btn-sm\" id=\"testid-plot-expand\" type=\"button\"&gt;"
+ "                &lt;i class=\"fas fa-up-right-and-down-left-from-center\" role=\"presentation\" aria-label=\"up-right-and-down-left-from-center icon\"&gt;&lt;/i&gt;"
+ "              &lt;/button&gt;"
+ "              &lt;span class=\"dropdown btn-dropdown-input\" id=\"testid-plot-expbut_state\"&gt;"
+ "                &lt;button class=\"btn btn-default action-button dropdown-toggle \" type=\"button\" id=\"testid-plot-expbut\" data-toggle=\"dropdown\" data-bs-toggle=\"dropdown\" aria-haspopup=\"true\" aria-expanded=\"true\"&gt;"
+ "                  &lt;i class=\"fas fa-maximize\" role=\"presentation\" aria-label=\"maximize icon\"&gt;&lt;/i&gt;"
+ "                  "
+ "                  &lt;span class=\"caret\"&gt;&lt;/span&gt;"
+ "                &lt;/button&gt;"
+ "                &lt;ul aria-labelledby=\"testid-plot-expbut\" class=\"dropdown-menu dropdown-menu-right dropdown-shinyWidgets\" id=\"dropdown-menu-testid-plot-expbut\"&gt;"
+ "                  &lt;li style=\"margin-left: 10px; margin-right: 10px;\"&gt;"
+ "                    &lt;div id=\"testid-plot-slider_ui\" class=\"shiny-html-output\"&gt;&lt;/div&gt;"
+ "                  &lt;/li&gt;"
+ "                  &lt;li style=\"margin-left: 10px; margin-right: 10px;\"&gt;"
+ "                    &lt;div id=\"testid-plot-width_warning\" class=\"shiny-html-output\"&gt;&lt;/div&gt;"
+ "                  &lt;/li&gt;"
+ "                &lt;/ul&gt;"
+ "                "
+ "              &lt;/span&gt;"
  "            &lt;/div&gt;"
- "          &lt;/div&gt;"
- "        &lt;/div&gt;"
- "      &lt;/div&gt;"
- "      &lt;div class=\"col-md-9\"&gt;"
- "        &lt;div class=\"well\"&gt;"
- "          &lt;div class=\"pre-output\"&gt;&lt;/div&gt;"
- "          &lt;div class=\"output\"&gt;"
- "            &lt;div id=\"testid-plot\" class=\"shiny-plot-output\" style=\"width:100%;height:400px;\"&gt;&lt;/div&gt;"
+ "            &lt;div class=\"shiny-html-output plot_out_container\" id=\"testid-plot-plot_out_main\" width=\"100%\"&gt;&lt;/div&gt;"
  "          &lt;/div&gt;"
- "          &lt;div class=\"post-output\"&gt;&lt;/div&gt;"
  "        &lt;/div&gt;"
+ "        &lt;div class=\"post-output\"&gt;&lt;/div&gt;"
  "      &lt;/div&gt;"
  "    &lt;/div&gt;"
  "  &lt;/div&gt;"

* Run `testthat::snapshot_accept('scatterplot')` to accept the change.
* Run `testthat::snapshot_review('scatterplot')` to interactively review the change.</failure>
    </testcase>
    <testcase time="0.0130000000000017" classname="scatterplot" name="scatterplot_module_works_as_expected_in_the_test_app">
      <skipped message="Reason: testing depth 3 is below current testing specification 5 ('test-scatterplot.R:25')"/>
    </testcase>
  </testsuite>
  <testsuite name="utils" timestamp="2023-02-22T14:04:33Z" hostname="7e248610d815" tests="6" skipped="0" failures="0" errors="0" time="0.042">
    <testcase time="0.0169999999999995" classname="utils" name="is_blank_works_as_expected"/>
    <testcase time="0.00400000000000134" classname="utils" name="is_blank_works_as_expected"/>
    <testcase time="0.00300000000000011" classname="utils" name="is_blank_works_as_expected"/>
    <testcase time="0.00800000000000267" classname="utils" name="h_extract_words_works_as_expected"/>
    <testcase time="0.00399999999999778" classname="utils" name="h_extract_words_works_as_expected"/>
    <testcase time="0.00600000000000023" classname="utils" name="h_extract_words_works_as_expected"/>
  </testsuite>
  <testsuite name="volcanoplot" timestamp="2023-02-22T14:04:33Z" hostname="7e248610d815" tests="2" skipped="1" failures="0" errors="0" time="0.056">
    <testcase time="0.0519999999999996" classname="volcanoplot" name="ui_g_volcanoplot_creates_expected_HTML"/>
    <testcase time="0.00400000000000134" classname="volcanoplot" name="volcanoplot_module_works_as_expected_in_the_test_app">
      <skipped message="Reason: testing depth 3 is below current testing specification 5 ('test-volcanoplot.R:22')"/>
    </testcase>
  </testsuite>
</testsuites>
