<?xml version="1.0" encoding="UTF-8"?>
<testsuites>
  <testsuite name="adtteSpec" timestamp="2023-06-30T14:08:42Z" hostname="97fb978a4e2e" tests="18" skipped="1" failures="0" errors="0" time="25.719">
    <testcase time="12.234" classname="adtteSpec" name="h_km_mae_to_adtte_function_works_as_expected_with_a_single_gene"/>
    <testcase time="0.0280000000000005" classname="adtteSpec" name="h_km_mae_to_adtte_function_works_as_expected_with_a_single_gene"/>
    <testcase time="2.585" classname="adtteSpec" name="h_km_mae_to_adtte_function_also_works_when_some_ID_variables_are_factors"/>
    <testcase time="0.00199999999999889" classname="adtteSpec" name="h_km_mae_to_adtte_function_also_works_when_some_ID_variables_are_factors"/>
    <testcase time="2.596" classname="adtteSpec" name="h_km_mae_to_adtte_function_works_as_expected_with_multiple_genes"/>
    <testcase time="0.00100000000000122" classname="adtteSpec" name="h_km_mae_to_adtte_function_works_as_expected_with_multiple_genes"/>
    <testcase time="2.596" classname="adtteSpec" name="h_km_mae_to_adtte_function_works_as_expected_with_a_gene_signature"/>
    <testcase time="0.00199999999999889" classname="adtteSpec" name="h_km_mae_to_adtte_function_works_as_expected_with_a_gene_signature"/>
    <testcase time="2.309" classname="adtteSpec" name="h_km_mae_to_adtte_fails_as_expected_with_invalid_settings"/>
    <testcase time="0.0790000000000006" classname="adtteSpec" name="h_km_mae_to_adtte_fails_as_expected_with_invalid_settings"/>
    <testcase time="0.00700000000000145" classname="adtteSpec" name="h_km_mae_to_adtte_fails_as_expected_with_invalid_settings"/>
    <testcase time="0.0749999999999993" classname="adtteSpec" name="h_km_mae_to_adtte_fails_as_expected_with_invalid_settings"/>
    <testcase time="2.646" classname="adtteSpec" name="h_km_mae_to_adtte_warns_when_patients_are_not_in_ADTTE_and_therefore_removed"/>
    <testcase time="0.247" classname="adtteSpec" name="h_km_mae_to_adtte_fails_as_expected_if_USUBJID_in_MAE_colData_is_different_from_sample_map"/>
    <testcase time="0.203999999999997" classname="adtteSpec" name="h_km_mae_to_adtte_fails_as_expected_if_USUBJID_in_experiment_colData_is_different_from_sample_map"/>
    <testcase time="0.0549999999999997" classname="adtteSpec" name="adtteSpecInput_creates_expected_HTML"/>
    <testcase time="0.00200000000000244" classname="adtteSpec" name="adtteSpecInput_creates_expected_HTML"/>
    <testcase time="0.0509999999999984" classname="adtteSpec" name="adtteSpecServer_module_works_as_expected_in_the_test_app">
      <skipped message="Reason: testing depth 3 is below current testing specification 5 ('test-adtteSpec.R:185:3')"/>
    </testcase>
  </testsuite>
  <testsuite name="assaySpec" timestamp="2023-06-30T14:09:08Z" hostname="97fb978a4e2e" tests="2" skipped="1" failures="0" errors="0" time="0.171">
    <testcase time="0.163" classname="assaySpec" name="assaySpecInput_creates_expected_HTML"/>
    <testcase time="0.00799999999999912" classname="assaySpec" name="assaySpecServer_module_works_as_expected_in_the_test_app">
      <skipped message="Reason: testing depth 3 is below current testing specification 5 ('test-assaySpec.R:15:3')"/>
    </testcase>
  </testsuite>
  <testsuite name="barplot" timestamp="2023-06-30T14:09:08Z" hostname="97fb978a4e2e" tests="3" skipped="1" failures="0" errors="0" time="0.174">
    <testcase time="0.165000000000003" classname="barplot" name="ui_g_barplot_creates_expected_HTML"/>
    <testcase time="0.000999999999997669" classname="barplot" name="ui_g_barplot_creates_expected_HTML"/>
    <testcase time="0.00799999999999912" classname="barplot" name="barplot_module_works_as_expected_in_the_test_app">
      <skipped message="Reason: testing depth 3 is below current testing specification 5 ('test-barplot.R:27:3')"/>
    </testcase>
  </testsuite>
  <testsuite name="boxplot" timestamp="2023-06-30T14:09:08Z" hostname="97fb978a4e2e" tests="2" skipped="1" failures="0" errors="0" time="0.058">
    <testcase time="0.0500000000000007" classname="boxplot" name="ui_g_boxplot_creates_expected_HTML"/>
    <testcase time="0.00799999999999912" classname="boxplot" name="boxplot_module_works_as_expected_in_the_test_app">
      <skipped message="Reason: testing depth 3 is below current testing specification 5 ('test-boxplot.R:23:3')"/>
    </testcase>
  </testsuite>
  <testsuite name="checkmate" timestamp="2023-06-30T14:09:08Z" hostname="97fb978a4e2e" tests="7" skipped="0" failures="0" errors="0" time="0.061">
    <testcase time="0.0240000000000009" classname="checkmate" name="check_tag_works_as_expected"/>
    <testcase time="0.00399999999999778" classname="checkmate" name="check_tag_works_as_expected"/>
    <testcase time="0.00500000000000256" classname="checkmate" name="check_tag_works_as_expected"/>
    <testcase time="0.00599999999999667" classname="checkmate" name="check_tag_works_as_expected"/>
    <testcase time="0.00900000000000034" classname="checkmate" name="assert_adtte_vars_works_as_expected"/>
    <testcase time="0.00700000000000145" classname="checkmate" name="assert_adtte_vars_works_as_expected"/>
    <testcase time="0.00600000000000023" classname="checkmate" name="assert_adtte_vars_works_as_expected"/>
  </testsuite>
  <testsuite name="experimentSpec" timestamp="2023-06-30T14:09:08Z" hostname="97fb978a4e2e" tests="10" skipped="1" failures="0" errors="0" time="0.154">
    <testcase time="0.0139999999999993" classname="experimentSpec" name="experimentSpecInput_creates_expected_HTML"/>
    <testcase time="0.00199999999999889" classname="experimentSpec" name="experimentSpecInput_creates_expected_HTML"/>
    <testcase time="0.0110000000000028" classname="experimentSpec" name="h_order_genes_works_as_expected_to_sort_only_by_name"/>
    <testcase time="0.0120000000000005" classname="experimentSpec" name="h_order_genes_works_as_expected_to_sort_only_by_id"/>
    <testcase time="0.0119999999999969" classname="experimentSpec" name="h_order_genes_works_as_expected_with_mixed_id_and_name_sorting"/>
    <testcase time="0.0120000000000005" classname="experimentSpec" name="h_order_genes_does_not_fail_when_given_empty_data_frame"/>
    <testcase time="0.0510000000000019" classname="experimentSpec" name="h_gene_data_works_as_expected"/>
    <testcase time="0.0259999999999998" classname="experimentSpec" name="h_gene_data_does_not_fail_when_object_does_not_contain_any_genes"/>
    <testcase time="0.00600000000000023" classname="experimentSpec" name="h_gene_data_does_not_fail_when_object_does_not_contain_any_genes"/>
    <testcase time="0.00799999999999912" classname="experimentSpec" name="experimentSpec_module_works_as_expected_in_the_test_app">
      <skipped message="Reason: testing depth 3 is below current testing specification 5 ('test-experimentSpec.R:90:3')"/>
    </testcase>
  </testsuite>
  <testsuite name="forest" timestamp="2023-06-30T14:09:09Z" hostname="97fb978a4e2e" tests="3" skipped="1" failures="0" errors="0" time="0.062">
    <testcase time="0.0519999999999996" classname="forest" name="ui_g_forest_tte_creates_expected_HTML"/>
    <testcase time="0.00199999999999889" classname="forest" name="ui_g_forest_tte_creates_expected_HTML"/>
    <testcase time="0.00800000000000267" classname="forest" name="forest_tte_module_works_as_expected_in_the_test_app">
      <skipped message="Reason: testing depth 3 is below current testing specification 5 ('test-forest.R:27:3')"/>
    </testcase>
  </testsuite>
  <testsuite name="geneSpec" timestamp="2023-06-30T14:09:09Z" hostname="97fb978a4e2e" tests="4" skipped="1" failures="0" errors="0" time="0.064">
    <testcase time="0.032" classname="geneSpec" name="geneSpecInput_creates_expected_HTML"/>
    <testcase time="0.0119999999999969" classname="geneSpec" name="h_parse_genes_works_as_expected"/>
    <testcase time="0.0120000000000005" classname="geneSpec" name="h_parse_genes_correctly_returns_empty_data_frame_when_no_genes_match"/>
    <testcase time="0.00800000000000267" classname="geneSpec" name="geneSpec_module_works_as_expected_in_the_test_app">
      <skipped message="Reason: testing depth 3 is below current testing specification 5 ('test-geneSpec.R:39:3')"/>
    </testcase>
  </testsuite>
  <testsuite name="km" timestamp="2023-06-30T14:09:09Z" hostname="97fb978a4e2e" tests="3" skipped="1" failures="0" errors="0" time="0.061">
    <testcase time="0.0510000000000019" classname="km" name="ui_g_km_creates_expected_HTML"/>
    <testcase time="0.000999999999997669" classname="km" name="ui_g_km_creates_expected_HTML"/>
    <testcase time="0.00900000000000034" classname="km" name="km_module_works_as_expected_in_the_test_app">
      <skipped message="Reason: testing depth 3 is below current testing specification 5 ('test-km.R:28:3')"/>
    </testcase>
  </testsuite>
  <testsuite name="pca" timestamp="2023-06-30T14:09:09Z" hostname="97fb978a4e2e" tests="2" skipped="1" failures="0" errors="0" time="0.093">
    <testcase time="0.0850000000000009" classname="pca" name="ui_g_pca_creates_HTML"/>
    <testcase time="0.00799999999999912" classname="pca" name="pca_module_works_as_expected_in_the_test_app">
      <skipped message="Reason: testing depth 3 is below current testing specification 5 ('test-pca.R:22:3')"/>
    </testcase>
  </testsuite>
  <testsuite name="quality" timestamp="2023-06-30T14:09:09Z" hostname="97fb978a4e2e" tests="3" skipped="1" failures="0" errors="0" time="0.086">
    <testcase time="0.0769999999999982" classname="quality" name="ui_g_quality_creates_expected_HTML"/>
    <testcase time="0.00100000000000122" classname="quality" name="ui_g_quality_creates_expected_HTML"/>
    <testcase time="0.00799999999999912" classname="quality" name="quality_module_works_as_expected_in_the_test_app">
      <skipped message="Reason: testing depth 3 is below current testing specification 5 ('test-quality.R:24:3')"/>
    </testcase>
  </testsuite>
  <testsuite name="sampleVarSpec" timestamp="2023-06-30T14:09:09Z" hostname="97fb978a4e2e" tests="16" skipped="1" failures="0" errors="0" time="0.291">
    <testcase time="0.0280000000000022" classname="sampleVarSpec" name="sampleVarSpecInput_creates_expected_HTML"/>
    <testcase time="0.000999999999997669" classname="sampleVarSpec" name="sampleVarSpecInput_creates_expected_HTML"/>
    <testcase time="0.0110000000000028" classname="sampleVarSpec" name="h_assign_to_group_list_works_as_expected"/>
    <testcase time="0.0109999999999992" classname="sampleVarSpec" name="h_assign_to_group_list_retains_the_order_of_the_collapsed_levels"/>
    <testcase time="0.0120000000000005" classname="sampleVarSpec" name="h_collapse_levels_works_as_expected_when_a_group_list_is_provided"/>
    <testcase time="0.0129999999999981" classname="sampleVarSpec" name="h_collapse_levels_fails_when_no_group_list_is_provided"/>
    <testcase time="0.0120000000000005" classname="sampleVarSpec" name="h_collapse_levels_fails_when_x_is_not_a_factor_provided"/>
    <testcase time="0.0100000000000016" classname="sampleVarSpec" name="validate_n_levels_passes_for_a_valid_factor_with_required_number_of_levels"/>
    <testcase time="0.00399999999999778" classname="sampleVarSpec" name="validate_n_levels_passes_for_a_valid_factor_with_required_number_of_levels"/>
    <testcase time="0.0130000000000017" classname="sampleVarSpec" name="validate_n_levels_gives_expected_validation_error_when_x_is_not_a_factor"/>
    <testcase time="0.0139999999999993" classname="sampleVarSpec" name="validate_n_levels_gives_expected_validation_error_when_factor_x_does_not_have_required_number_of_levels"/>
    <testcase time="0.108000000000001" classname="sampleVarSpec" name="sampleVarSpecServer_only_gives_atomic_columns_with_at_least_one_value_in_col_data_vars"/>
    <testcase time="0.00199999999999889" classname="sampleVarSpec" name="sampleVarSpecServer_only_gives_atomic_columns_with_at_least_one_value_in_col_data_vars"/>
    <testcase time="0.0410000000000004" classname="sampleVarSpec" name="sampleVarSpecServer_only_gives_factor_columns_in_col_data_vars_when_categorical_only"/>
    <testcase time="0.00199999999999889" classname="sampleVarSpec" name="sampleVarSpecServer_only_gives_factor_columns_in_col_data_vars_when_categorical_only"/>
    <testcase time="0.00900000000000034" classname="sampleVarSpec" name="sampleVarSpec_module_works_as_expected_in_the_test_app">
      <skipped message="Reason: testing depth 3 is below current testing specification 5 ('test-sampleVarSpec.R:173:3')"/>
    </testcase>
  </testsuite>
  <testsuite name="scatterplot" timestamp="2023-06-30T14:09:09Z" hostname="97fb978a4e2e" tests="3" skipped="1" failures="0" errors="0" time="0.066">
    <testcase time="0.0570000000000022" classname="scatterplot" name="ui_g_scatterplot_creates_expected_HTML"/>
    <testcase time="0.000999999999997669" classname="scatterplot" name="ui_g_scatterplot_creates_expected_HTML"/>
    <testcase time="0.00800000000000267" classname="scatterplot" name="scatterplot_module_works_as_expected_in_the_test_app">
      <skipped message="Reason: testing depth 3 is below current testing specification 5 ('test-scatterplot.R:27:3')"/>
    </testcase>
  </testsuite>
  <testsuite name="utils" timestamp="2023-06-30T14:09:09Z" hostname="97fb978a4e2e" tests="6" skipped="0" failures="0" errors="0" time="0.059">
    <testcase time="0.0249999999999986" classname="utils" name="is_blank_works_as_expected"/>
    <testcase time="0.00499999999999901" classname="utils" name="is_blank_works_as_expected"/>
    <testcase time="0.00500000000000256" classname="utils" name="is_blank_works_as_expected"/>
    <testcase time="0.0139999999999993" classname="utils" name="h_extract_words_works_as_expected"/>
    <testcase time="0.00399999999999778" classname="utils" name="h_extract_words_works_as_expected"/>
    <testcase time="0.00600000000000023" classname="utils" name="h_extract_words_works_as_expected"/>
  </testsuite>
  <testsuite name="volcanoplot" timestamp="2023-06-30T14:09:09Z" hostname="97fb978a4e2e" tests="3" skipped="1" failures="0" errors="0" time="0.052">
    <testcase time="0.041999999999998" classname="volcanoplot" name="ui_g_volcanoplot_creates_expected_HTML"/>
    <testcase time="0.00100000000000122" classname="volcanoplot" name="ui_g_volcanoplot_creates_expected_HTML"/>
    <testcase time="0.00900000000000034" classname="volcanoplot" name="volcanoplot_module_works_as_expected_in_the_test_app">
      <skipped message="Reason: testing depth 3 is below current testing specification 5 ('test-volcanoplot.R:22:3')"/>
    </testcase>
  </testsuite>
</testsuites>
