<?xml version="1.0" encoding="UTF-8"?>
<testsuites>
  <testsuite name="adtteSpec" timestamp="2023-06-30T15:41:14Z" hostname="a5e5999ea334" tests="18" skipped="1" failures="0" errors="0" time="20.648">
    <testcase time="9.499" classname="adtteSpec" name="h_km_mae_to_adtte_function_works_as_expected_with_a_single_gene"/>
    <testcase time="0.020999999999999" classname="adtteSpec" name="h_km_mae_to_adtte_function_works_as_expected_with_a_single_gene"/>
    <testcase time="2.134" classname="adtteSpec" name="h_km_mae_to_adtte_function_also_works_when_some_ID_variables_are_factors"/>
    <testcase time="0.00200000000000067" classname="adtteSpec" name="h_km_mae_to_adtte_function_also_works_when_some_ID_variables_are_factors"/>
    <testcase time="2.145" classname="adtteSpec" name="h_km_mae_to_adtte_function_works_as_expected_with_multiple_genes"/>
    <testcase time="0.00100000000000122" classname="adtteSpec" name="h_km_mae_to_adtte_function_works_as_expected_with_multiple_genes"/>
    <testcase time="2.15" classname="adtteSpec" name="h_km_mae_to_adtte_function_works_as_expected_with_a_gene_signature"/>
    <testcase time="0.00199999999999889" classname="adtteSpec" name="h_km_mae_to_adtte_function_works_as_expected_with_a_gene_signature"/>
    <testcase time="1.945" classname="adtteSpec" name="h_km_mae_to_adtte_fails_as_expected_with_invalid_settings"/>
    <testcase time="0.0629999999999988" classname="adtteSpec" name="h_km_mae_to_adtte_fails_as_expected_with_invalid_settings"/>
    <testcase time="0.00600000000000023" classname="adtteSpec" name="h_km_mae_to_adtte_fails_as_expected_with_invalid_settings"/>
    <testcase time="0.0579999999999998" classname="adtteSpec" name="h_km_mae_to_adtte_fails_as_expected_with_invalid_settings"/>
    <testcase time="2.185" classname="adtteSpec" name="h_km_mae_to_adtte_warns_when_patients_are_not_in_ADTTE_and_therefore_removed"/>
    <testcase time="0.195" classname="adtteSpec" name="h_km_mae_to_adtte_fails_as_expected_if_USUBJID_in_MAE_colData_is_different_from_sample_map"/>
    <testcase time="0.160999999999998" classname="adtteSpec" name="h_km_mae_to_adtte_fails_as_expected_if_USUBJID_in_experiment_colData_is_different_from_sample_map"/>
    <testcase time="0.0420000000000016" classname="adtteSpec" name="adtteSpecInput_creates_expected_HTML"/>
    <testcase time="0.00199999999999889" classname="adtteSpec" name="adtteSpecInput_creates_expected_HTML"/>
    <testcase time="0.036999999999999" classname="adtteSpec" name="adtteSpecServer_module_works_as_expected_in_the_test_app">
      <skipped message="Reason: testing depth 3 is below current testing specification 5 ('test-adtteSpec.R:185:3')"/>
    </testcase>
  </testsuite>
  <testsuite name="assaySpec" timestamp="2023-06-30T15:41:35Z" hostname="a5e5999ea334" tests="2" skipped="1" failures="0" errors="0" time="0.132">
    <testcase time="0.126000000000001" classname="assaySpec" name="assaySpecInput_creates_expected_HTML"/>
    <testcase time="0.00600000000000023" classname="assaySpec" name="assaySpecServer_module_works_as_expected_in_the_test_app">
      <skipped message="Reason: testing depth 3 is below current testing specification 5 ('test-assaySpec.R:15:3')"/>
    </testcase>
  </testsuite>
  <testsuite name="barplot" timestamp="2023-06-30T15:41:35Z" hostname="a5e5999ea334" tests="3" skipped="1" failures="0" errors="0" time="0.139">
    <testcase time="0.131" classname="barplot" name="ui_g_barplot_creates_expected_HTML"/>
    <testcase time="0.000999999999997669" classname="barplot" name="ui_g_barplot_creates_expected_HTML"/>
    <testcase time="0.00700000000000145" classname="barplot" name="barplot_module_works_as_expected_in_the_test_app">
      <skipped message="Reason: testing depth 3 is below current testing specification 5 ('test-barplot.R:27:3')"/>
    </testcase>
  </testsuite>
  <testsuite name="boxplot" timestamp="2023-06-30T15:41:35Z" hostname="a5e5999ea334" tests="2" skipped="1" failures="0" errors="0" time="0.044">
    <testcase time="0.0380000000000003" classname="boxplot" name="ui_g_boxplot_creates_expected_HTML"/>
    <testcase time="0.00600000000000023" classname="boxplot" name="boxplot_module_works_as_expected_in_the_test_app">
      <skipped message="Reason: testing depth 3 is below current testing specification 5 ('test-boxplot.R:23:3')"/>
    </testcase>
  </testsuite>
  <testsuite name="checkmate" timestamp="2023-06-30T15:41:35Z" hostname="a5e5999ea334" tests="7" skipped="0" failures="0" errors="0" time="0.049">
    <testcase time="0.0189999999999984" classname="checkmate" name="check_tag_works_as_expected"/>
    <testcase time="0.00400000000000134" classname="checkmate" name="check_tag_works_as_expected"/>
    <testcase time="0.00300000000000011" classname="checkmate" name="check_tag_works_as_expected"/>
    <testcase time="0.00600000000000023" classname="checkmate" name="check_tag_works_as_expected"/>
    <testcase time="0.00600000000000023" classname="checkmate" name="assert_adtte_vars_works_as_expected"/>
    <testcase time="0.00600000000000023" classname="checkmate" name="assert_adtte_vars_works_as_expected"/>
    <testcase time="0.00499999999999901" classname="checkmate" name="assert_adtte_vars_works_as_expected"/>
  </testsuite>
  <testsuite name="experimentSpec" timestamp="2023-06-30T15:41:35Z" hostname="a5e5999ea334" tests="10" skipped="1" failures="0" errors="0" time="0.115">
    <testcase time="0.0109999999999992" classname="experimentSpec" name="experimentSpecInput_creates_expected_HTML"/>
    <testcase time="0.00100000000000122" classname="experimentSpec" name="experimentSpecInput_creates_expected_HTML"/>
    <testcase time="0.00900000000000034" classname="experimentSpec" name="h_order_genes_works_as_expected_to_sort_only_by_name"/>
    <testcase time="0.00900000000000034" classname="experimentSpec" name="h_order_genes_works_as_expected_to_sort_only_by_id"/>
    <testcase time="0.00900000000000034" classname="experimentSpec" name="h_order_genes_works_as_expected_with_mixed_id_and_name_sorting"/>
    <testcase time="0.00799999999999912" classname="experimentSpec" name="h_order_genes_does_not_fail_when_given_empty_data_frame"/>
    <testcase time="0.0389999999999979" classname="experimentSpec" name="h_gene_data_works_as_expected"/>
    <testcase time="0.0190000000000019" classname="experimentSpec" name="h_gene_data_does_not_fail_when_object_does_not_contain_any_genes"/>
    <testcase time="0.00400000000000134" classname="experimentSpec" name="h_gene_data_does_not_fail_when_object_does_not_contain_any_genes"/>
    <testcase time="0.00599999999999667" classname="experimentSpec" name="experimentSpec_module_works_as_expected_in_the_test_app">
      <skipped message="Reason: testing depth 3 is below current testing specification 5 ('test-experimentSpec.R:90:3')"/>
    </testcase>
  </testsuite>
  <testsuite name="forest" timestamp="2023-06-30T15:41:36Z" hostname="a5e5999ea334" tests="3" skipped="1" failures="0" errors="0" time="0.047">
    <testcase time="0.0400000000000027" classname="forest" name="ui_g_forest_tte_creates_expected_HTML"/>
    <testcase time="0.000999999999997669" classname="forest" name="ui_g_forest_tte_creates_expected_HTML"/>
    <testcase time="0.00600000000000023" classname="forest" name="forest_tte_module_works_as_expected_in_the_test_app">
      <skipped message="Reason: testing depth 3 is below current testing specification 5 ('test-forest.R:27:3')"/>
    </testcase>
  </testsuite>
  <testsuite name="geneSpec" timestamp="2023-06-30T15:41:36Z" hostname="a5e5999ea334" tests="4" skipped="1" failures="0" errors="0" time="0.046">
    <testcase time="0.0229999999999997" classname="geneSpec" name="geneSpecInput_creates_expected_HTML"/>
    <testcase time="0.00900000000000034" classname="geneSpec" name="h_parse_genes_works_as_expected"/>
    <testcase time="0.00799999999999912" classname="geneSpec" name="h_parse_genes_correctly_returns_empty_data_frame_when_no_genes_match"/>
    <testcase time="0.00600000000000023" classname="geneSpec" name="geneSpec_module_works_as_expected_in_the_test_app">
      <skipped message="Reason: testing depth 3 is below current testing specification 5 ('test-geneSpec.R:39:3')"/>
    </testcase>
  </testsuite>
  <testsuite name="km" timestamp="2023-06-30T15:41:36Z" hostname="a5e5999ea334" tests="3" skipped="1" failures="0" errors="0" time="0.045">
    <testcase time="0.0380000000000003" classname="km" name="ui_g_km_creates_expected_HTML"/>
    <testcase time="0.00100000000000122" classname="km" name="ui_g_km_creates_expected_HTML"/>
    <testcase time="0.00600000000000023" classname="km" name="km_module_works_as_expected_in_the_test_app">
      <skipped message="Reason: testing depth 3 is below current testing specification 5 ('test-km.R:28:3')"/>
    </testcase>
  </testsuite>
  <testsuite name="pca" timestamp="2023-06-30T15:41:36Z" hostname="a5e5999ea334" tests="2" skipped="1" failures="0" errors="0" time="0.071">
    <testcase time="0.0649999999999977" classname="pca" name="ui_g_pca_creates_HTML"/>
    <testcase time="0.00600000000000023" classname="pca" name="pca_module_works_as_expected_in_the_test_app">
      <skipped message="Reason: testing depth 3 is below current testing specification 5 ('test-pca.R:22:3')"/>
    </testcase>
  </testsuite>
  <testsuite name="quality" timestamp="2023-06-30T15:41:36Z" hostname="a5e5999ea334" tests="3" skipped="1" failures="0" errors="0" time="0.065">
    <testcase time="0.0579999999999998" classname="quality" name="ui_g_quality_creates_expected_HTML"/>
    <testcase time="0.00100000000000122" classname="quality" name="ui_g_quality_creates_expected_HTML"/>
    <testcase time="0.00600000000000023" classname="quality" name="quality_module_works_as_expected_in_the_test_app">
      <skipped message="Reason: testing depth 3 is below current testing specification 5 ('test-quality.R:24:3')"/>
    </testcase>
  </testsuite>
  <testsuite name="sampleVarSpec" timestamp="2023-06-30T15:41:36Z" hostname="a5e5999ea334" tests="16" skipped="1" failures="0" errors="0" time="0.224">
    <testcase time="0.0210000000000008" classname="sampleVarSpec" name="sampleVarSpecInput_creates_expected_HTML"/>
    <testcase time="0.000999999999997669" classname="sampleVarSpec" name="sampleVarSpecInput_creates_expected_HTML"/>
    <testcase time="0.00900000000000034" classname="sampleVarSpec" name="h_assign_to_group_list_works_as_expected"/>
    <testcase time="0.00799999999999912" classname="sampleVarSpec" name="h_assign_to_group_list_retains_the_order_of_the_collapsed_levels"/>
    <testcase time="0.00900000000000034" classname="sampleVarSpec" name="h_collapse_levels_works_as_expected_when_a_group_list_is_provided"/>
    <testcase time="0.0100000000000016" classname="sampleVarSpec" name="h_collapse_levels_fails_when_no_group_list_is_provided"/>
    <testcase time="0.0100000000000016" classname="sampleVarSpec" name="h_collapse_levels_fails_when_x_is_not_a_factor_provided"/>
    <testcase time="0.0069999999999979" classname="sampleVarSpec" name="validate_n_levels_passes_for_a_valid_factor_with_required_number_of_levels"/>
    <testcase time="0.00400000000000134" classname="sampleVarSpec" name="validate_n_levels_passes_for_a_valid_factor_with_required_number_of_levels"/>
    <testcase time="0.00999999999999801" classname="sampleVarSpec" name="validate_n_levels_gives_expected_validation_error_when_x_is_not_a_factor"/>
    <testcase time="0.0109999999999992" classname="sampleVarSpec" name="validate_n_levels_gives_expected_validation_error_when_factor_x_does_not_have_required_number_of_levels"/>
    <testcase time="0.0840000000000032" classname="sampleVarSpec" name="sampleVarSpecServer_only_gives_atomic_columns_with_at_least_one_value_in_col_data_vars"/>
    <testcase time="0.00199999999999889" classname="sampleVarSpec" name="sampleVarSpecServer_only_gives_atomic_columns_with_at_least_one_value_in_col_data_vars"/>
    <testcase time="0.0300000000000011" classname="sampleVarSpec" name="sampleVarSpecServer_only_gives_factor_columns_in_col_data_vars_when_categorical_only"/>
    <testcase time="0.00199999999999889" classname="sampleVarSpec" name="sampleVarSpecServer_only_gives_factor_columns_in_col_data_vars_when_categorical_only"/>
    <testcase time="0.00600000000000023" classname="sampleVarSpec" name="sampleVarSpec_module_works_as_expected_in_the_test_app">
      <skipped message="Reason: testing depth 3 is below current testing specification 5 ('test-sampleVarSpec.R:173:3')"/>
    </testcase>
  </testsuite>
  <testsuite name="scatterplot" timestamp="2023-06-30T15:41:36Z" hostname="a5e5999ea334" tests="3" skipped="1" failures="0" errors="0" time="0.051">
    <testcase time="0.0440000000000005" classname="scatterplot" name="ui_g_scatterplot_creates_expected_HTML"/>
    <testcase time="0.000999999999997669" classname="scatterplot" name="ui_g_scatterplot_creates_expected_HTML"/>
    <testcase time="0.00600000000000023" classname="scatterplot" name="scatterplot_module_works_as_expected_in_the_test_app">
      <skipped message="Reason: testing depth 3 is below current testing specification 5 ('test-scatterplot.R:27:3')"/>
    </testcase>
  </testsuite>
  <testsuite name="utils" timestamp="2023-06-30T15:41:36Z" hostname="a5e5999ea334" tests="6" skipped="0" failures="0" errors="0" time="0.046">
    <testcase time="0.0190000000000019" classname="utils" name="is_blank_works_as_expected"/>
    <testcase time="0.00399999999999778" classname="utils" name="is_blank_works_as_expected"/>
    <testcase time="0.00300000000000011" classname="utils" name="is_blank_works_as_expected"/>
    <testcase time="0.0100000000000016" classname="utils" name="h_extract_words_works_as_expected"/>
    <testcase time="0.00400000000000134" classname="utils" name="h_extract_words_works_as_expected"/>
    <testcase time="0.00599999999999667" classname="utils" name="h_extract_words_works_as_expected"/>
  </testsuite>
  <testsuite name="volcanoplot" timestamp="2023-06-30T15:41:36Z" hostname="a5e5999ea334" tests="3" skipped="1" failures="0" errors="0" time="0.038">
    <testcase time="0.0310000000000024" classname="volcanoplot" name="ui_g_volcanoplot_creates_expected_HTML"/>
    <testcase time="0.000999999999997669" classname="volcanoplot" name="ui_g_volcanoplot_creates_expected_HTML"/>
    <testcase time="0.00600000000000023" classname="volcanoplot" name="volcanoplot_module_works_as_expected_in_the_test_app">
      <skipped message="Reason: testing depth 3 is below current testing specification 5 ('test-volcanoplot.R:22:3')"/>
    </testcase>
  </testsuite>
</testsuites>
