<?xml version="1.0" encoding="UTF-8"?>
<testsuites>
  <testsuite name="adtteSpec" timestamp="2023-02-16T13:48:54Z" hostname="deceb160a6db" tests="17" skipped="2" failures="0" errors="0" time="27.929">
    <testcase time="13.592" classname="adtteSpec" name="h_km_mae_to_adtte_function_works_as_expected_with_a_single_gene"/>
    <testcase time="0.0359999999999978" classname="adtteSpec" name="h_km_mae_to_adtte_function_works_as_expected_with_a_single_gene"/>
    <testcase time="2.781" classname="adtteSpec" name="h_km_mae_to_adtte_function_also_works_when_some_ID_variables_are_factors"/>
    <testcase time="0.00199999999999889" classname="adtteSpec" name="h_km_mae_to_adtte_function_also_works_when_some_ID_variables_are_factors"/>
    <testcase time="2.74" classname="adtteSpec" name="h_km_mae_to_adtte_function_works_as_expected_with_multiple_genes"/>
    <testcase time="0.00200000000000244" classname="adtteSpec" name="h_km_mae_to_adtte_function_works_as_expected_with_multiple_genes"/>
    <testcase time="2.707" classname="adtteSpec" name="h_km_mae_to_adtte_function_works_as_expected_with_a_gene_signature"/>
    <testcase time="0.00199999999999889" classname="adtteSpec" name="h_km_mae_to_adtte_function_works_as_expected_with_a_gene_signature"/>
    <testcase time="2.338" classname="adtteSpec" name="h_km_mae_to_adtte_fails_as_expected_with_invalid_settings"/>
    <testcase time="0.0949999999999989" classname="adtteSpec" name="h_km_mae_to_adtte_fails_as_expected_with_invalid_settings"/>
    <testcase time="0.00900000000000034" classname="adtteSpec" name="h_km_mae_to_adtte_fails_as_expected_with_invalid_settings"/>
    <testcase time="0.0940000000000012" classname="adtteSpec" name="h_km_mae_to_adtte_fails_as_expected_with_invalid_settings"/>
    <testcase time="2.723" classname="adtteSpec" name="h_km_mae_to_adtte_warns_when_patients_are_not_in_ADTTE_and_therefore_removed"/>
    <testcase time="0.294" classname="adtteSpec" name="h_km_mae_to_adtte_fails_as_expected_if_USUBJID_in_MAE_colData_is_different_from_sample_map"/>
    <testcase time="0.266999999999999" classname="adtteSpec" name="h_km_mae_to_adtte_fails_as_expected_if_USUBJID_in_experiment_colData_is_different_from_sample_map"/>
    <testcase time="0.169" classname="adtteSpec" name="adtteSpecInput_creates_expected_HTML">
      <skipped message="Reason: On CRAN ('test-adtteSpec.R:173')"/>
    </testcase>
    <testcase time="0.0779999999999994" classname="adtteSpec" name="adtteSpecServer_module_works_as_expected_in_the_test_app">
      <skipped message="Reason: testing depth 1 is below current testing specification 5 ('test-adtteSpec.R:183')"/>
    </testcase>
  </testsuite>
  <testsuite name="assaySpec" timestamp="2023-02-16T13:49:22Z" hostname="deceb160a6db" tests="2" skipped="2" failures="0" errors="0" time="0.11">
    <testcase time="0.0940000000000012" classname="assaySpec" name="assaySpecInput_creates_expected_HTML">
      <skipped message="Reason: On CRAN ('test-assaySpec.R:4')"/>
    </testcase>
    <testcase time="0.0159999999999982" classname="assaySpec" name="assaySpecServer_module_works_as_expected_in_the_test_app">
      <skipped message="Reason: testing depth 1 is below current testing specification 5 ('test-assaySpec.R:15')"/>
    </testcase>
  </testsuite>
  <testsuite name="barplot" timestamp="2023-02-16T13:49:22Z" hostname="deceb160a6db" tests="2" skipped="2" failures="0" errors="0" time="0.315">
    <testcase time="0.300000000000001" classname="barplot" name="ui_g_barplot_creates_expected_HTML">
      <skipped message="Reason: On CRAN ('test-barplot.R:7')"/>
    </testcase>
    <testcase time="0.0150000000000006" classname="barplot" name="barplot_module_works_as_expected_in_the_test_app">
      <skipped message="Reason: testing depth 1 is below current testing specification 5 ('test-barplot.R:25')"/>
    </testcase>
  </testsuite>
  <testsuite name="boxplot" timestamp="2023-02-16T13:49:22Z" hostname="deceb160a6db" tests="2" skipped="1" failures="0" errors="0" time="0.058">
    <testcase time="0.0519999999999996" classname="boxplot" name="ui_g_boxplot_creates_expected_HTML"/>
    <testcase time="0.00600000000000023" classname="boxplot" name="boxplot_module_works_as_expected_in_the_test_app">
      <skipped message="Reason: testing depth 1 is below current testing specification 5 ('test-boxplot.R:23')"/>
    </testcase>
  </testsuite>
  <testsuite name="checkmate" timestamp="2023-02-16T13:49:22Z" hostname="deceb160a6db" tests="7" skipped="0" failures="0" errors="0" time="0.074">
    <testcase time="0.0299999999999976" classname="checkmate" name="check_tag_works_as_expected"/>
    <testcase time="0.00700000000000145" classname="checkmate" name="check_tag_works_as_expected"/>
    <testcase time="0.00499999999999901" classname="checkmate" name="check_tag_works_as_expected"/>
    <testcase time="0.00900000000000034" classname="checkmate" name="check_tag_works_as_expected"/>
    <testcase time="0.00799999999999912" classname="checkmate" name="assert_adtte_vars_works_as_expected"/>
    <testcase time="0.00800000000000267" classname="checkmate" name="assert_adtte_vars_works_as_expected"/>
    <testcase time="0.0069999999999979" classname="checkmate" name="assert_adtte_vars_works_as_expected"/>
  </testsuite>
  <testsuite name="experimentSpec" timestamp="2023-02-16T13:49:22Z" hostname="deceb160a6db" tests="9" skipped="2" failures="0" errors="0" time="0.183">
    <testcase time="0.0360000000000014" classname="experimentSpec" name="experimentSpecInput_creates_expected_HTML">
      <skipped message="Reason: On CRAN ('test-experimentSpec.R:6')"/>
    </testcase>
    <testcase time="0.0199999999999996" classname="experimentSpec" name="h_order_genes_works_as_expected_to_sort_only_by_name"/>
    <testcase time="0.0109999999999992" classname="experimentSpec" name="h_order_genes_works_as_expected_to_sort_only_by_id"/>
    <testcase time="0.0120000000000005" classname="experimentSpec" name="h_order_genes_works_as_expected_with_mixed_id_and_name_sorting"/>
    <testcase time="0.0100000000000016" classname="experimentSpec" name="h_order_genes_does_not_fail_when_given_empty_data_frame"/>
    <testcase time="0.0559999999999974" classname="experimentSpec" name="h_gene_data_works_as_expected"/>
    <testcase time="0.0250000000000021" classname="experimentSpec" name="h_gene_data_does_not_fail_when_object_does_not_contain_any_genes"/>
    <testcase time="0.00600000000000023" classname="experimentSpec" name="h_gene_data_does_not_fail_when_object_does_not_contain_any_genes"/>
    <testcase time="0.0069999999999979" classname="experimentSpec" name="experimentSpec_module_works_as_expected_in_the_test_app">
      <skipped message="Reason: testing depth 1 is below current testing specification 5 ('test-experimentSpec.R:88')"/>
    </testcase>
  </testsuite>
  <testsuite name="forest" timestamp="2023-02-16T13:49:23Z" hostname="deceb160a6db" tests="2" skipped="1" failures="0" errors="0" time="0.058">
    <testcase time="0.0519999999999996" classname="forest" name="ui_g_forest_tte_creates_expected_HTML"/>
    <testcase time="0.00600000000000023" classname="forest" name="forest_tte_module_works_as_expected_in_the_test_app">
      <skipped message="Reason: testing depth 1 is below current testing specification 5 ('test-forest.R:27')"/>
    </testcase>
  </testsuite>
  <testsuite name="geneSpec" timestamp="2023-02-16T13:49:23Z" hostname="deceb160a6db" tests="4" skipped="2" failures="0" errors="0" time="0.1">
    <testcase time="0.0640000000000001" classname="geneSpec" name="geneSpecInput_creates_expected_HTML">
      <skipped message="Reason: On CRAN ('test-geneSpec.R:4')"/>
    </testcase>
    <testcase time="0.0200000000000031" classname="geneSpec" name="h_parse_genes_works_as_expected"/>
    <testcase time="0.00999999999999801" classname="geneSpec" name="h_parse_genes_correctly_returns_empty_data_frame_when_no_genes_match"/>
    <testcase time="0.00600000000000023" classname="geneSpec" name="geneSpec_module_works_as_expected_in_the_test_app">
      <skipped message="Reason: testing depth 1 is below current testing specification 5 ('test-geneSpec.R:39')"/>
    </testcase>
  </testsuite>
  <testsuite name="km" timestamp="2023-02-16T13:49:23Z" hostname="deceb160a6db" tests="2" skipped="2" failures="0" errors="0" time="0.173">
    <testcase time="0.158000000000001" classname="km" name="ui_g_km_creates_expected_HTML">
      <skipped message="Reason: On CRAN ('test-km.R:7')"/>
    </testcase>
    <testcase time="0.014999999999997" classname="km" name="km_module_works_as_expected_in_the_test_app">
      <skipped message="Reason: testing depth 1 is below current testing specification 5 ('test-km.R:26')"/>
    </testcase>
  </testsuite>
  <testsuite name="pca" timestamp="2023-02-16T13:49:23Z" hostname="deceb160a6db" tests="2" skipped="1" failures="0" errors="0" time="0.108">
    <testcase time="0.100000000000001" classname="pca" name="ui_g_pca_creates_HTML"/>
    <testcase time="0.00799999999999912" classname="pca" name="pca_module_works_as_expected_in_the_test_app">
      <skipped message="Reason: testing depth 1 is below current testing specification 5 ('test-pca.R:22')"/>
    </testcase>
  </testsuite>
  <testsuite name="quality" timestamp="2023-02-16T13:49:23Z" hostname="deceb160a6db" tests="2" skipped="2" failures="0" errors="0" time="0.181">
    <testcase time="0.166" classname="quality" name="ui_g_quality_creates_expected_HTML">
      <skipped message="Reason: On CRAN ('test-quality.R:7')"/>
    </testcase>
    <testcase time="0.0150000000000006" classname="quality" name="quality_module_works_as_expected_in_the_test_app">
      <skipped message="Reason: testing depth 1 is below current testing specification 5 ('test-quality.R:22')"/>
    </testcase>
  </testsuite>
  <testsuite name="sampleVarSpec" timestamp="2023-02-16T13:49:23Z" hostname="deceb160a6db" tests="15" skipped="2" failures="0" errors="0" time="0.335">
    <testcase time="0.0480000000000018" classname="sampleVarSpec" name="sampleVarSpecInput_creates_expected_HTML">
      <skipped message="Reason: On CRAN ('test-sampleVarSpec.R:4')"/>
    </testcase>
    <testcase time="0.0189999999999984" classname="sampleVarSpec" name="h_assign_to_group_list_works_as_expected"/>
    <testcase time="0.0100000000000016" classname="sampleVarSpec" name="h_assign_to_group_list_retains_the_order_of_the_collapsed_levels"/>
    <testcase time="0.0109999999999992" classname="sampleVarSpec" name="h_collapse_levels_works_as_expected_when_a_group_list_is_provided"/>
    <testcase time="0.0129999999999981" classname="sampleVarSpec" name="h_collapse_levels_fails_when_no_group_list_is_provided"/>
    <testcase time="0.0120000000000005" classname="sampleVarSpec" name="h_collapse_levels_fails_when_x_is_not_a_factor_provided"/>
    <testcase time="0.00799999999999912" classname="sampleVarSpec" name="validate_n_levels_passes_for_a_valid_factor_with_required_number_of_levels"/>
    <testcase time="0.00500000000000256" classname="sampleVarSpec" name="validate_n_levels_passes_for_a_valid_factor_with_required_number_of_levels"/>
    <testcase time="0.0139999999999993" classname="sampleVarSpec" name="validate_n_levels_gives_expected_validation_error_when_x_is_not_a_factor"/>
    <testcase time="0.0180000000000007" classname="sampleVarSpec" name="validate_n_levels_gives_expected_validation_error_when_factor_x_does_not_have_required_number_of_levels"/>
    <testcase time="0.123999999999999" classname="sampleVarSpec" name="sampleVarSpecServer_only_gives_atomic_columns_with_at_least_one_value_in_col_data_vars"/>
    <testcase time="0.000999999999997669" classname="sampleVarSpec" name="sampleVarSpecServer_only_gives_atomic_columns_with_at_least_one_value_in_col_data_vars"/>
    <testcase time="0.044000000000004" classname="sampleVarSpec" name="sampleVarSpecServer_only_gives_factor_columns_in_col_data_vars_when_categorical_only"/>
    <testcase time="0.00199999999999534" classname="sampleVarSpec" name="sampleVarSpecServer_only_gives_factor_columns_in_col_data_vars_when_categorical_only"/>
    <testcase time="0.00600000000000023" classname="sampleVarSpec" name="sampleVarSpec_module_works_as_expected_in_the_test_app">
      <skipped message="Reason: testing depth 1 is below current testing specification 5 ('test-sampleVarSpec.R:171')"/>
    </testcase>
  </testsuite>
  <testsuite name="scatterplot" timestamp="2023-02-16T13:49:24Z" hostname="deceb160a6db" tests="2" skipped="2" failures="0" errors="0" time="0.197">
    <testcase time="0.183" classname="scatterplot" name="ui_g_scatterplot_creates_expected_HTML">
      <skipped message="Reason: On CRAN ('test-scatterplot.R:7')"/>
    </testcase>
    <testcase time="0.0140000000000029" classname="scatterplot" name="scatterplot_module_works_as_expected_in_the_test_app">
      <skipped message="Reason: testing depth 1 is below current testing specification 5 ('test-scatterplot.R:25')"/>
    </testcase>
  </testsuite>
  <testsuite name="utils" timestamp="2023-02-16T13:49:24Z" hostname="deceb160a6db" tests="6" skipped="0" failures="0" errors="0" time="0.058">
    <testcase time="0.0230000000000032" classname="utils" name="is_blank_works_as_expected"/>
    <testcase time="0.00499999999999545" classname="utils" name="is_blank_works_as_expected"/>
    <testcase time="0.00500000000000256" classname="utils" name="is_blank_works_as_expected"/>
    <testcase time="0.0109999999999957" classname="utils" name="h_extract_words_works_as_expected"/>
    <testcase time="0.00600000000000023" classname="utils" name="h_extract_words_works_as_expected"/>
    <testcase time="0.00800000000000267" classname="utils" name="h_extract_words_works_as_expected"/>
  </testsuite>
  <testsuite name="volcanoplot" timestamp="2023-02-16T13:49:24Z" hostname="deceb160a6db" tests="2" skipped="1" failures="0" errors="0" time="0.049">
    <testcase time="0.0429999999999993" classname="volcanoplot" name="ui_g_volcanoplot_creates_expected_HTML"/>
    <testcase time="0.00600000000000023" classname="volcanoplot" name="volcanoplot_module_works_as_expected_in_the_test_app">
      <skipped message="Reason: testing depth 1 is below current testing specification 5 ('test-volcanoplot.R:22')"/>
    </testcase>
  </testsuite>
</testsuites>
