<?xml version="1.0" encoding="UTF-8"?>
<testsuites>
  <testsuite name="adtteSpec" timestamp="2023-02-22T20:20:48Z" hostname="b4f79c88c8f1" tests="17" skipped="2" failures="0" errors="0" time="20.335">
    <testcase time="9.342" classname="adtteSpec" name="h_km_mae_to_adtte_function_works_as_expected_with_a_single_gene"/>
    <testcase time="0.0210000000000008" classname="adtteSpec" name="h_km_mae_to_adtte_function_works_as_expected_with_a_single_gene"/>
    <testcase time="2.098" classname="adtteSpec" name="h_km_mae_to_adtte_function_also_works_when_some_ID_variables_are_factors"/>
    <testcase time="0.00100000000000122" classname="adtteSpec" name="h_km_mae_to_adtte_function_also_works_when_some_ID_variables_are_factors"/>
    <testcase time="2.11" classname="adtteSpec" name="h_km_mae_to_adtte_function_works_as_expected_with_multiple_genes"/>
    <testcase time="0.00200000000000067" classname="adtteSpec" name="h_km_mae_to_adtte_function_works_as_expected_with_multiple_genes"/>
    <testcase time="2.08" classname="adtteSpec" name="h_km_mae_to_adtte_function_works_as_expected_with_a_gene_signature"/>
    <testcase time="0.00100000000000122" classname="adtteSpec" name="h_km_mae_to_adtte_function_works_as_expected_with_a_gene_signature"/>
    <testcase time="1.916" classname="adtteSpec" name="h_km_mae_to_adtte_fails_as_expected_with_invalid_settings"/>
    <testcase time="0.0619999999999976" classname="adtteSpec" name="h_km_mae_to_adtte_fails_as_expected_with_invalid_settings"/>
    <testcase time="0.00600000000000023" classname="adtteSpec" name="h_km_mae_to_adtte_fails_as_expected_with_invalid_settings"/>
    <testcase time="0.0579999999999998" classname="adtteSpec" name="h_km_mae_to_adtte_fails_as_expected_with_invalid_settings"/>
    <testcase time="2.107" classname="adtteSpec" name="h_km_mae_to_adtte_warns_when_patients_are_not_in_ADTTE_and_therefore_removed"/>
    <testcase time="0.192" classname="adtteSpec" name="h_km_mae_to_adtte_fails_as_expected_if_USUBJID_in_MAE_colData_is_different_from_sample_map"/>
    <testcase time="0.169999999999998" classname="adtteSpec" name="h_km_mae_to_adtte_fails_as_expected_if_USUBJID_in_experiment_colData_is_different_from_sample_map"/>
    <testcase time="0.115000000000002" classname="adtteSpec" name="adtteSpecInput_creates_expected_HTML">
      <skipped message="Reason: On CRAN ('test-adtteSpec.R:173')"/>
    </testcase>
    <testcase time="0.0539999999999985" classname="adtteSpec" name="adtteSpecServer_module_works_as_expected_in_the_test_app">
      <skipped message="Reason: testing depth 1 is below current testing specification 5 ('test-adtteSpec.R:183')"/>
    </testcase>
  </testsuite>
  <testsuite name="assaySpec" timestamp="2023-02-22T20:21:08Z" hostname="b4f79c88c8f1" tests="2" skipped="2" failures="0" errors="0" time="0.071">
    <testcase time="0.0609999999999999" classname="assaySpec" name="assaySpecInput_creates_expected_HTML">
      <skipped message="Reason: On CRAN ('test-assaySpec.R:4')"/>
    </testcase>
    <testcase time="0.0100000000000016" classname="assaySpec" name="assaySpecServer_module_works_as_expected_in_the_test_app">
      <skipped message="Reason: testing depth 1 is below current testing specification 5 ('test-assaySpec.R:15')"/>
    </testcase>
  </testsuite>
  <testsuite name="barplot" timestamp="2023-02-22T20:21:08Z" hostname="b4f79c88c8f1" tests="2" skipped="2" failures="0" errors="0" time="0.207">
    <testcase time="0.196999999999999" classname="barplot" name="ui_g_barplot_creates_expected_HTML">
      <skipped message="Reason: On CRAN ('test-barplot.R:7')"/>
    </testcase>
    <testcase time="0.00999999999999801" classname="barplot" name="barplot_module_works_as_expected_in_the_test_app">
      <skipped message="Reason: testing depth 1 is below current testing specification 5 ('test-barplot.R:25')"/>
    </testcase>
  </testsuite>
  <testsuite name="boxplot" timestamp="2023-02-22T20:21:09Z" hostname="b4f79c88c8f1" tests="2" skipped="1" failures="0" errors="0" time="0.04">
    <testcase time="0.0360000000000014" classname="boxplot" name="ui_g_boxplot_creates_expected_HTML"/>
    <testcase time="0.00400000000000134" classname="boxplot" name="boxplot_module_works_as_expected_in_the_test_app">
      <skipped message="Reason: testing depth 1 is below current testing specification 5 ('test-boxplot.R:23')"/>
    </testcase>
  </testsuite>
  <testsuite name="checkmate" timestamp="2023-02-22T20:21:09Z" hostname="b4f79c88c8f1" tests="7" skipped="0" failures="0" errors="0" time="0.048">
    <testcase time="0.0209999999999972" classname="checkmate" name="check_tag_works_as_expected"/>
    <testcase time="0.00300000000000011" classname="checkmate" name="check_tag_works_as_expected"/>
    <testcase time="0.00300000000000011" classname="checkmate" name="check_tag_works_as_expected"/>
    <testcase time="0.00600000000000023" classname="checkmate" name="check_tag_works_as_expected"/>
    <testcase time="0.00500000000000256" classname="checkmate" name="assert_adtte_vars_works_as_expected"/>
    <testcase time="0.00499999999999901" classname="checkmate" name="assert_adtte_vars_works_as_expected"/>
    <testcase time="0.00499999999999901" classname="checkmate" name="assert_adtte_vars_works_as_expected"/>
  </testsuite>
  <testsuite name="experimentSpec" timestamp="2023-02-22T20:21:09Z" hostname="b4f79c88c8f1" tests="9" skipped="2" failures="0" errors="0" time="0.121">
    <testcase time="0.022000000000002" classname="experimentSpec" name="experimentSpecInput_creates_expected_HTML">
      <skipped message="Reason: On CRAN ('test-experimentSpec.R:6')"/>
    </testcase>
    <testcase time="0.0129999999999981" classname="experimentSpec" name="h_order_genes_works_as_expected_to_sort_only_by_name"/>
    <testcase time="0.00700000000000145" classname="experimentSpec" name="h_order_genes_works_as_expected_to_sort_only_by_id"/>
    <testcase time="0.00600000000000023" classname="experimentSpec" name="h_order_genes_works_as_expected_with_mixed_id_and_name_sorting"/>
    <testcase time="0.0069999999999979" classname="experimentSpec" name="h_order_genes_does_not_fail_when_given_empty_data_frame"/>
    <testcase time="0.0410000000000004" classname="experimentSpec" name="h_gene_data_works_as_expected"/>
    <testcase time="0.0180000000000007" classname="experimentSpec" name="h_gene_data_does_not_fail_when_object_does_not_contain_any_genes"/>
    <testcase time="0.00300000000000011" classname="experimentSpec" name="h_gene_data_does_not_fail_when_object_does_not_contain_any_genes"/>
    <testcase time="0.00399999999999778" classname="experimentSpec" name="experimentSpec_module_works_as_expected_in_the_test_app">
      <skipped message="Reason: testing depth 1 is below current testing specification 5 ('test-experimentSpec.R:88')"/>
    </testcase>
  </testsuite>
  <testsuite name="forest" timestamp="2023-02-22T20:21:09Z" hostname="b4f79c88c8f1" tests="2" skipped="1" failures="0" errors="0" time="0.039">
    <testcase time="0.0350000000000001" classname="forest" name="ui_g_forest_tte_creates_expected_HTML"/>
    <testcase time="0.00400000000000134" classname="forest" name="forest_tte_module_works_as_expected_in_the_test_app">
      <skipped message="Reason: testing depth 1 is below current testing specification 5 ('test-forest.R:27')"/>
    </testcase>
  </testsuite>
  <testsuite name="geneSpec" timestamp="2023-02-22T20:21:09Z" hostname="b4f79c88c8f1" tests="4" skipped="2" failures="0" errors="0" time="0.065">
    <testcase time="0.0410000000000004" classname="geneSpec" name="geneSpecInput_creates_expected_HTML">
      <skipped message="Reason: On CRAN ('test-geneSpec.R:4')"/>
    </testcase>
    <testcase time="0.0130000000000017" classname="geneSpec" name="h_parse_genes_works_as_expected"/>
    <testcase time="0.0069999999999979" classname="geneSpec" name="h_parse_genes_correctly_returns_empty_data_frame_when_no_genes_match"/>
    <testcase time="0.00400000000000134" classname="geneSpec" name="geneSpec_module_works_as_expected_in_the_test_app">
      <skipped message="Reason: testing depth 1 is below current testing specification 5 ('test-geneSpec.R:39')"/>
    </testcase>
  </testsuite>
  <testsuite name="km" timestamp="2023-02-22T20:21:09Z" hostname="b4f79c88c8f1" tests="2" skipped="2" failures="0" errors="0" time="0.111">
    <testcase time="0.100999999999999" classname="km" name="ui_g_km_creates_expected_HTML">
      <skipped message="Reason: On CRAN ('test-km.R:7')"/>
    </testcase>
    <testcase time="0.0100000000000016" classname="km" name="km_module_works_as_expected_in_the_test_app">
      <skipped message="Reason: testing depth 1 is below current testing specification 5 ('test-km.R:26')"/>
    </testcase>
  </testsuite>
  <testsuite name="pca" timestamp="2023-02-22T20:21:09Z" hostname="b4f79c88c8f1" tests="2" skipped="1" failures="0" errors="0" time="0.069">
    <testcase time="0.0640000000000001" classname="pca" name="ui_g_pca_creates_HTML"/>
    <testcase time="0.00499999999999901" classname="pca" name="pca_module_works_as_expected_in_the_test_app">
      <skipped message="Reason: testing depth 1 is below current testing specification 5 ('test-pca.R:22')"/>
    </testcase>
  </testsuite>
  <testsuite name="quality" timestamp="2023-02-22T20:21:09Z" hostname="b4f79c88c8f1" tests="2" skipped="2" failures="0" errors="0" time="0.11">
    <testcase time="0.0999999999999979" classname="quality" name="ui_g_quality_creates_expected_HTML">
      <skipped message="Reason: On CRAN ('test-quality.R:7')"/>
    </testcase>
    <testcase time="0.0100000000000016" classname="quality" name="quality_module_works_as_expected_in_the_test_app">
      <skipped message="Reason: testing depth 1 is below current testing specification 5 ('test-quality.R:22')"/>
    </testcase>
  </testsuite>
  <testsuite name="sampleVarSpec" timestamp="2023-02-22T20:21:09Z" hostname="b4f79c88c8f1" tests="15" skipped="2" failures="0" errors="0" time="0.218">
    <testcase time="0.032" classname="sampleVarSpec" name="sampleVarSpecInput_creates_expected_HTML">
      <skipped message="Reason: On CRAN ('test-sampleVarSpec.R:4')"/>
    </testcase>
    <testcase time="0.0129999999999981" classname="sampleVarSpec" name="h_assign_to_group_list_works_as_expected"/>
    <testcase time="0.00600000000000023" classname="sampleVarSpec" name="h_assign_to_group_list_retains_the_order_of_the_collapsed_levels"/>
    <testcase time="0.00700000000000145" classname="sampleVarSpec" name="h_collapse_levels_works_as_expected_when_a_group_list_is_provided"/>
    <testcase time="0.00799999999999912" classname="sampleVarSpec" name="h_collapse_levels_fails_when_no_group_list_is_provided"/>
    <testcase time="0.00800000000000267" classname="sampleVarSpec" name="h_collapse_levels_fails_when_x_is_not_a_factor_provided"/>
    <testcase time="0.00399999999999778" classname="sampleVarSpec" name="validate_n_levels_passes_for_a_valid_factor_with_required_number_of_levels"/>
    <testcase time="0.00400000000000134" classname="sampleVarSpec" name="validate_n_levels_passes_for_a_valid_factor_with_required_number_of_levels"/>
    <testcase time="0.00799999999999912" classname="sampleVarSpec" name="validate_n_levels_gives_expected_validation_error_when_x_is_not_a_factor"/>
    <testcase time="0.00700000000000145" classname="sampleVarSpec" name="validate_n_levels_gives_expected_validation_error_when_factor_x_does_not_have_required_number_of_levels"/>
    <testcase time="0.0839999999999996" classname="sampleVarSpec" name="sampleVarSpecServer_only_gives_atomic_columns_with_at_least_one_value_in_col_data_vars"/>
    <testcase time="0.000999999999997669" classname="sampleVarSpec" name="sampleVarSpecServer_only_gives_atomic_columns_with_at_least_one_value_in_col_data_vars"/>
    <testcase time="0.0300000000000011" classname="sampleVarSpec" name="sampleVarSpecServer_only_gives_factor_columns_in_col_data_vars_when_categorical_only"/>
    <testcase time="0.00100000000000122" classname="sampleVarSpec" name="sampleVarSpecServer_only_gives_factor_columns_in_col_data_vars_when_categorical_only"/>
    <testcase time="0.00499999999999901" classname="sampleVarSpec" name="sampleVarSpec_module_works_as_expected_in_the_test_app">
      <skipped message="Reason: testing depth 1 is below current testing specification 5 ('test-sampleVarSpec.R:171')"/>
    </testcase>
  </testsuite>
  <testsuite name="scatterplot" timestamp="2023-02-22T20:21:09Z" hostname="b4f79c88c8f1" tests="2" skipped="2" failures="0" errors="0" time="0.127">
    <testcase time="0.117000000000001" classname="scatterplot" name="ui_g_scatterplot_creates_expected_HTML">
      <skipped message="Reason: On CRAN ('test-scatterplot.R:7')"/>
    </testcase>
    <testcase time="0.00999999999999801" classname="scatterplot" name="scatterplot_module_works_as_expected_in_the_test_app">
      <skipped message="Reason: testing depth 1 is below current testing specification 5 ('test-scatterplot.R:25')"/>
    </testcase>
  </testsuite>
  <testsuite name="utils" timestamp="2023-02-22T20:21:10Z" hostname="b4f79c88c8f1" tests="6" skipped="0" failures="0" errors="0" time="0.04">
    <testcase time="0.0160000000000018" classname="utils" name="is_blank_works_as_expected"/>
    <testcase time="0.00399999999999778" classname="utils" name="is_blank_works_as_expected"/>
    <testcase time="0.00300000000000011" classname="utils" name="is_blank_works_as_expected"/>
    <testcase time="0.00800000000000267" classname="utils" name="h_extract_words_works_as_expected"/>
    <testcase time="0.00399999999999778" classname="utils" name="h_extract_words_works_as_expected"/>
    <testcase time="0.00500000000000256" classname="utils" name="h_extract_words_works_as_expected"/>
  </testsuite>
  <testsuite name="volcanoplot" timestamp="2023-02-22T20:21:10Z" hostname="b4f79c88c8f1" tests="2" skipped="1" failures="0" errors="0" time="0.033">
    <testcase time="0.0289999999999999" classname="volcanoplot" name="ui_g_volcanoplot_creates_expected_HTML"/>
    <testcase time="0.00399999999999778" classname="volcanoplot" name="volcanoplot_module_works_as_expected_in_the_test_app">
      <skipped message="Reason: testing depth 1 is below current testing specification 5 ('test-volcanoplot.R:22')"/>
    </testcase>
  </testsuite>
</testsuites>
