<?xml version="1.0" encoding="UTF-8"?>
<testsuites>
  <testsuite name="adtteSpec" timestamp="2023-07-12T12:09:56Z" hostname="a7a2087d8e1d" tests="18" skipped="1" failures="0" errors="0" time="14.899">
    <testcase time="12.093" classname="adtteSpec" name="h_km_mae_to_adtte_function_works_as_expected_with_a_single_gene"/>
    <testcase time="0.0279999999999987" classname="adtteSpec" name="h_km_mae_to_adtte_function_works_as_expected_with_a_single_gene"/>
    <testcase time="0.469000000000001" classname="adtteSpec" name="h_km_mae_to_adtte_function_also_works_when_some_ID_variables_are_factors"/>
    <testcase time="0.00199999999999889" classname="adtteSpec" name="h_km_mae_to_adtte_function_also_works_when_some_ID_variables_are_factors"/>
    <testcase time="0.436" classname="adtteSpec" name="h_km_mae_to_adtte_function_works_as_expected_with_multiple_genes"/>
    <testcase time="0.00600000000000023" classname="adtteSpec" name="h_km_mae_to_adtte_function_works_as_expected_with_multiple_genes"/>
    <testcase time="0.388000000000002" classname="adtteSpec" name="h_km_mae_to_adtte_function_works_as_expected_with_a_gene_signature"/>
    <testcase time="0.00199999999999889" classname="adtteSpec" name="h_km_mae_to_adtte_function_works_as_expected_with_a_gene_signature"/>
    <testcase time="0.0350000000000001" classname="adtteSpec" name="h_km_mae_to_adtte_fails_as_expected_with_invalid_settings"/>
    <testcase time="0.117000000000001" classname="adtteSpec" name="h_km_mae_to_adtte_fails_as_expected_with_invalid_settings"/>
    <testcase time="0.0109999999999992" classname="adtteSpec" name="h_km_mae_to_adtte_fails_as_expected_with_invalid_settings"/>
    <testcase time="0.120000000000001" classname="adtteSpec" name="h_km_mae_to_adtte_fails_as_expected_with_invalid_settings"/>
    <testcase time="0.41" classname="adtteSpec" name="h_km_mae_to_adtte_warns_when_patients_are_not_in_ADTTE_and_therefore_removed"/>
    <testcase time="0.370999999999999" classname="adtteSpec" name="h_km_mae_to_adtte_fails_as_expected_if_USUBJID_in_MAE_colData_is_different_from_sample_map"/>
    <testcase time="0.286999999999999" classname="adtteSpec" name="h_km_mae_to_adtte_fails_as_expected_if_USUBJID_in_experiment_colData_is_different_from_sample_map"/>
    <testcase time="0.0749999999999993" classname="adtteSpec" name="adtteSpecInput_creates_expected_HTML"/>
    <testcase time="0.00200000000000244" classname="adtteSpec" name="adtteSpecInput_creates_expected_HTML"/>
    <testcase time="0.0470000000000006" classname="adtteSpec" name="adtteSpecServer_module_works_as_expected_in_the_test_app">
      <skipped message="Reason: testing depth 3 is below current testing specification 5 ('test-adtteSpec.R:185:3')"/>
    </testcase>
  </testsuite>
  <testsuite name="assaySpec" timestamp="2023-07-12T12:10:11Z" hostname="a7a2087d8e1d" tests="2" skipped="1" failures="0" errors="0" time="0.224">
    <testcase time="0.212999999999997" classname="assaySpec" name="assaySpecInput_creates_expected_HTML"/>
    <testcase time="0.0109999999999992" classname="assaySpec" name="assaySpecServer_module_works_as_expected_in_the_test_app">
      <skipped message="Reason: testing depth 3 is below current testing specification 5 ('test-assaySpec.R:15:3')"/>
    </testcase>
  </testsuite>
  <testsuite name="barplot" timestamp="2023-07-12T12:10:11Z" hostname="a7a2087d8e1d" tests="3" skipped="1" failures="0" errors="0" time="0.252">
    <testcase time="0.239000000000001" classname="barplot" name="ui_g_barplot_creates_expected_HTML"/>
    <testcase time="0.00100000000000122" classname="barplot" name="ui_g_barplot_creates_expected_HTML"/>
    <testcase time="0.0120000000000005" classname="barplot" name="barplot_module_works_as_expected_in_the_test_app">
      <skipped message="Reason: testing depth 3 is below current testing specification 5 ('test-barplot.R:27:3')"/>
    </testcase>
  </testsuite>
  <testsuite name="boxplot" timestamp="2023-07-12T12:10:11Z" hostname="a7a2087d8e1d" tests="2" skipped="1" failures="0" errors="0" time="0.081">
    <testcase time="0.0689999999999991" classname="boxplot" name="ui_g_boxplot_creates_expected_HTML"/>
    <testcase time="0.0120000000000005" classname="boxplot" name="boxplot_module_works_as_expected_in_the_test_app">
      <skipped message="Reason: testing depth 3 is below current testing specification 5 ('test-boxplot.R:23:3')"/>
    </testcase>
  </testsuite>
  <testsuite name="checkmate" timestamp="2023-07-12T12:10:11Z" hostname="a7a2087d8e1d" tests="7" skipped="0" failures="0" errors="0" time="0.088">
    <testcase time="0.0330000000000013" classname="checkmate" name="check_tag_works_as_expected"/>
    <testcase time="0.0069999999999979" classname="checkmate" name="check_tag_works_as_expected"/>
    <testcase time="0.00600000000000023" classname="checkmate" name="check_tag_works_as_expected"/>
    <testcase time="0.0100000000000016" classname="checkmate" name="check_tag_works_as_expected"/>
    <testcase time="0.0129999999999981" classname="checkmate" name="assert_adtte_vars_works_as_expected"/>
    <testcase time="0.0100000000000016" classname="checkmate" name="assert_adtte_vars_works_as_expected"/>
    <testcase time="0.00900000000000034" classname="checkmate" name="assert_adtte_vars_works_as_expected"/>
  </testsuite>
  <testsuite name="experimentSpec" timestamp="2023-07-12T12:10:11Z" hostname="a7a2087d8e1d" tests="10" skipped="1" failures="0" errors="0" time="0.234">
    <testcase time="0.0209999999999972" classname="experimentSpec" name="experimentSpecInput_creates_expected_HTML"/>
    <testcase time="0.00200000000000244" classname="experimentSpec" name="experimentSpecInput_creates_expected_HTML"/>
    <testcase time="0.0180000000000007" classname="experimentSpec" name="h_order_genes_works_as_expected_to_sort_only_by_name"/>
    <testcase time="0.0169999999999995" classname="experimentSpec" name="h_order_genes_works_as_expected_to_sort_only_by_id"/>
    <testcase time="0.0159999999999982" classname="experimentSpec" name="h_order_genes_works_as_expected_with_mixed_id_and_name_sorting"/>
    <testcase time="0.0160000000000018" classname="experimentSpec" name="h_order_genes_does_not_fail_when_given_empty_data_frame"/>
    <testcase time="0.0659999999999989" classname="experimentSpec" name="h_gene_data_works_as_expected"/>
    <testcase time="0.0609999999999999" classname="experimentSpec" name="h_gene_data_does_not_fail_when_object_does_not_contain_any_genes"/>
    <testcase time="0.00700000000000145" classname="experimentSpec" name="h_gene_data_does_not_fail_when_object_does_not_contain_any_genes"/>
    <testcase time="0.00999999999999801" classname="experimentSpec" name="experimentSpec_module_works_as_expected_in_the_test_app">
      <skipped message="Reason: testing depth 3 is below current testing specification 5 ('test-experimentSpec.R:90:3')"/>
    </testcase>
  </testsuite>
  <testsuite name="forest" timestamp="2023-07-12T12:10:12Z" hostname="a7a2087d8e1d" tests="3" skipped="1" failures="0" errors="0" time="0.077">
    <testcase time="0.0640000000000001" classname="forest" name="ui_g_forest_tte_creates_expected_HTML"/>
    <testcase time="0.00199999999999889" classname="forest" name="ui_g_forest_tte_creates_expected_HTML"/>
    <testcase time="0.0110000000000028" classname="forest" name="forest_tte_module_works_as_expected_in_the_test_app">
      <skipped message="Reason: testing depth 3 is below current testing specification 5 ('test-forest.R:27:3')"/>
    </testcase>
  </testsuite>
  <testsuite name="geneSpec" timestamp="2023-07-12T12:10:12Z" hostname="a7a2087d8e1d" tests="4" skipped="1" failures="0" errors="0" time="0.08">
    <testcase time="0.0389999999999979" classname="geneSpec" name="geneSpecInput_creates_expected_HTML"/>
    <testcase time="0.0150000000000006" classname="geneSpec" name="h_parse_genes_works_as_expected"/>
    <testcase time="0.0139999999999993" classname="geneSpec" name="h_parse_genes_correctly_returns_empty_data_frame_when_no_genes_match"/>
    <testcase time="0.0120000000000005" classname="geneSpec" name="geneSpec_module_works_as_expected_in_the_test_app">
      <skipped message="Reason: testing depth 3 is below current testing specification 5 ('test-geneSpec.R:39:3')"/>
    </testcase>
  </testsuite>
  <testsuite name="km" timestamp="2023-07-12T12:10:12Z" hostname="a7a2087d8e1d" tests="3" skipped="1" failures="0" errors="0" time="0.079">
    <testcase time="0.0640000000000001" classname="km" name="ui_g_km_creates_expected_HTML"/>
    <testcase time="0.00199999999999889" classname="km" name="ui_g_km_creates_expected_HTML"/>
    <testcase time="0.0130000000000017" classname="km" name="km_module_works_as_expected_in_the_test_app">
      <skipped message="Reason: testing depth 3 is below current testing specification 5 ('test-km.R:28:3')"/>
    </testcase>
  </testsuite>
  <testsuite name="pca" timestamp="2023-07-12T12:10:12Z" hostname="a7a2087d8e1d" tests="2" skipped="1" failures="0" errors="0" time="0.12">
    <testcase time="0.108999999999998" classname="pca" name="ui_g_pca_creates_HTML"/>
    <testcase time="0.0110000000000028" classname="pca" name="pca_module_works_as_expected_in_the_test_app">
      <skipped message="Reason: testing depth 3 is below current testing specification 5 ('test-pca.R:22:3')"/>
    </testcase>
  </testsuite>
  <testsuite name="quality" timestamp="2023-07-12T12:10:12Z" hostname="a7a2087d8e1d" tests="3" skipped="1" failures="0" errors="0" time="0.093">
    <testcase time="0.0730000000000004" classname="quality" name="ui_g_quality_creates_expected_HTML"/>
    <testcase time="0.00499999999999901" classname="quality" name="ui_g_quality_creates_expected_HTML"/>
    <testcase time="0.0150000000000006" classname="quality" name="quality_module_works_as_expected_in_the_test_app">
      <skipped message="Reason: testing depth 3 is below current testing specification 5 ('test-quality.R:24:3')"/>
    </testcase>
  </testsuite>
  <testsuite name="sampleVarSpec" timestamp="2023-07-12T12:10:12Z" hostname="a7a2087d8e1d" tests="16" skipped="1" failures="0" errors="0" time="0.415">
    <testcase time="0.036999999999999" classname="sampleVarSpec" name="sampleVarSpecInput_creates_expected_HTML"/>
    <testcase time="0.00199999999999889" classname="sampleVarSpec" name="sampleVarSpecInput_creates_expected_HTML"/>
    <testcase time="0.0150000000000006" classname="sampleVarSpec" name="h_assign_to_group_list_works_as_expected"/>
    <testcase time="0.0150000000000006" classname="sampleVarSpec" name="h_assign_to_group_list_retains_the_order_of_the_collapsed_levels"/>
    <testcase time="0.0159999999999982" classname="sampleVarSpec" name="h_collapse_levels_works_as_expected_when_a_group_list_is_provided"/>
    <testcase time="0.0180000000000007" classname="sampleVarSpec" name="h_collapse_levels_fails_when_no_group_list_is_provided"/>
    <testcase time="0.0169999999999995" classname="sampleVarSpec" name="h_collapse_levels_fails_when_x_is_not_a_factor_provided"/>
    <testcase time="0.0139999999999993" classname="sampleVarSpec" name="validate_n_levels_passes_for_a_valid_factor_with_required_number_of_levels"/>
    <testcase time="0.00600000000000023" classname="sampleVarSpec" name="validate_n_levels_passes_for_a_valid_factor_with_required_number_of_levels"/>
    <testcase time="0.0180000000000007" classname="sampleVarSpec" name="validate_n_levels_gives_expected_validation_error_when_x_is_not_a_factor"/>
    <testcase time="0.0210000000000008" classname="sampleVarSpec" name="validate_n_levels_gives_expected_validation_error_when_factor_x_does_not_have_required_number_of_levels"/>
    <testcase time="0.161999999999999" classname="sampleVarSpec" name="sampleVarSpecServer_only_gives_atomic_columns_with_at_least_one_value_in_col_data_vars"/>
    <testcase time="0.00199999999999889" classname="sampleVarSpec" name="sampleVarSpecServer_only_gives_atomic_columns_with_at_least_one_value_in_col_data_vars"/>
    <testcase time="0.0569999999999986" classname="sampleVarSpec" name="sampleVarSpecServer_only_gives_factor_columns_in_col_data_vars_when_categorical_only"/>
    <testcase time="0.00200000000000244" classname="sampleVarSpec" name="sampleVarSpecServer_only_gives_factor_columns_in_col_data_vars_when_categorical_only"/>
    <testcase time="0.0129999999999981" classname="sampleVarSpec" name="sampleVarSpec_module_works_as_expected_in_the_test_app">
      <skipped message="Reason: testing depth 3 is below current testing specification 5 ('test-sampleVarSpec.R:173:3')"/>
    </testcase>
  </testsuite>
  <testsuite name="scatterplot" timestamp="2023-07-12T12:10:12Z" hostname="a7a2087d8e1d" tests="3" skipped="1" failures="0" errors="0" time="0.085">
    <testcase time="0.0730000000000004" classname="scatterplot" name="ui_g_scatterplot_creates_expected_HTML"/>
    <testcase time="0.00199999999999889" classname="scatterplot" name="ui_g_scatterplot_creates_expected_HTML"/>
    <testcase time="0.0100000000000016" classname="scatterplot" name="scatterplot_module_works_as_expected_in_the_test_app">
      <skipped message="Reason: testing depth 3 is below current testing specification 5 ('test-scatterplot.R:27:3')"/>
    </testcase>
  </testsuite>
  <testsuite name="utils" timestamp="2023-07-12T12:10:13Z" hostname="a7a2087d8e1d" tests="6" skipped="0" failures="0" errors="0" time="0.078">
    <testcase time="0.032" classname="utils" name="is_blank_works_as_expected"/>
    <testcase time="0.00600000000000023" classname="utils" name="is_blank_works_as_expected"/>
    <testcase time="0.00700000000000145" classname="utils" name="is_blank_works_as_expected"/>
    <testcase time="0.0169999999999995" classname="utils" name="h_extract_words_works_as_expected"/>
    <testcase time="0.0069999999999979" classname="utils" name="h_extract_words_works_as_expected"/>
    <testcase time="0.00900000000000034" classname="utils" name="h_extract_words_works_as_expected"/>
  </testsuite>
  <testsuite name="volcanoplot" timestamp="2023-07-12T12:10:13Z" hostname="a7a2087d8e1d" tests="3" skipped="1" failures="0" errors="0" time="0.064">
    <testcase time="0.0509999999999984" classname="volcanoplot" name="ui_g_volcanoplot_creates_expected_HTML"/>
    <testcase time="0.00200000000000244" classname="volcanoplot" name="ui_g_volcanoplot_creates_expected_HTML"/>
    <testcase time="0.0109999999999992" classname="volcanoplot" name="volcanoplot_module_works_as_expected_in_the_test_app">
      <skipped message="Reason: testing depth 3 is below current testing specification 5 ('test-volcanoplot.R:22:3')"/>
    </testcase>
  </testsuite>
</testsuites>
